Ensuring directory . exists
Ensuring directory ./reapack-packages exists
Generating nix from indexes...
Processing index 1 of 76: https://github.com/ReaTeam/ReaScripts/raw/master/index.xml
Processing index 2 of 76: https://github.com/ReaTeam/JSFX/raw/master/index.xml
Processing index 3 of 76: https://github.com/ReaTeam/Themes/raw/master/index.xml
Processing index 4 of 76: https://github.com/ReaTeam/LangPacks/raw/master/index.xml
Processing index 5 of 76: https://github.com/ReaTeam/Extensions/raw/master/index.xml
Processing index 6 of 76: https://github.com/MichaelPilyavskiy/ReaScripts/raw/master/index.xml
Processing index 7 of 76: https://github.com/X-Raym/REAPER-ReaScripts/raw/master/index.xml
Processing index 8 of 76: https://acendan.github.io/reascripts/index.xml
Processing index 9 of 76: https://github.com/AlbertoV5/ReaperTools/raw/master/index.xml
Processing index 10 of 76: https://github.com/AmelianceSkyMusic/ASM_Reaper_scripts/raw/master/index.xml
Processing index 11 of 76: https://github.com/ArchieScript/Archie_ReaScripts/raw/master/index.xml
Processing index 12 of 76: https://github.com/Audiokinetic/Reaper-Tools/raw/main/index.xml
Processing index 13 of 76: https://github.com/beaunus/REAPER-ReaScripts/raw/master/index.xml
Processing index 14 of 76: https://github.com/bfut/ReaScripts/raw/main/index.xml
Processing index 15 of 76: https://github.com/DaveInDev/Binbinhfr-Scripts/raw/master/index.xml
Processing index 16 of 76: https://github.com/Bird-Bird/JSFX/raw/main/index.xml
Processing index 17 of 76: https://github.com/Bird-Bird/ReaScript_Testing/raw/main/index.xml
Processing index 18 of 76: https://github.com/Bird-Bird/ReaScript/raw/master/index.xml
Processing index 19 of 76: https://github.com/bsmith96/Reaper-Scripts/raw/master/index.xml
Processing index 20 of 76: https://github.com/chmaha/airwindows-JSFX-ports/raw/main/index.xml
Processing index 21 of 76: https://github.com/chmaha/ReaClassical/raw/main/index.xml
Processing index 22 of 76: https://github.com/chkhld/jsfx/raw/main/index.xml
Processing index 23 of 76: https://github.com/chtammik/chtammik_Reaper_Scripts/raw/master/index.xml
Processing index 24 of 76: https://github.com/Claudiohbsantos/Claudiohbsantos-Scripts/raw/master/index.xml
Processing index 25 of 76: https://github.com/daniellumertz/DanielLumertz-Scripts/raw/master/index.xml
Processing index 26 of 76: https://github.com/Dafarkias/REAPER-Lua-Scripts-/raw/master/index.xml
Processing index 27 of 76: https://github.com/Erriez/erriez-reaper-jsfx/raw/master/index.xml
Processing index 28 of 76: https://github.com/EUGEN27771/ReaScripts/raw/master/index.xml
Processing index 29 of 76: https://github.com/fernsehmuell/reaper_scripts/raw/master/index.xml
Processing index 30 of 76: https://github.com/iliaspoulakis/Reaper-Tools/raw/master/index.xml
Processing index 31 of 76: https://github.com/BryanChi/BryanChi-FX-Devices/raw/main/index.xml
Processing index 32 of 76: https://geraintluff.github.io/jsfx/index.xml
Processing index 33 of 76: https://github.com/helgoboss/reaper-packages/raw/master/index.xml
Processing index 34 of 76: https://github.com/IXix/JSFX/raw/master/index.xml
Processing index 35 of 76: https://github.com/joabeslopes/Reaper-scripts-multitrack-show/raw/main/index.xml
Processing index 36 of 76: https://github.com/jrengmusic/ReaScript/raw/master/index.xml
Processing index 37 of 76: https://raw.githubusercontent.com/juanriccio/Reaperism/master/index.xml
Processing index 38 of 76: https://bitbucket.org/kawaCat/kawascript2/raw/master/index.xml
Processing index 39 of 76: https://bitbucket.org/kawaCat/reascript-m2bpack/raw/master/index.xml
Processing index 40 of 76: https://github.com/leafac/reaper/raw/main/index.xml
Processing index 41 of 76: https://github.com/nikolalkc/LKC-Tools/raw/master/index.xml
Processing index 42 of 76: https://github.com/me2beats/reapack/raw/master/index.xml
Processing index 43 of 76: https://github.com/mespotine/Mespotine-Scripts/raw/main/Mespotine_Scripts.xml
Processing index 44 of 76: https://github.com/mrlimbic/reascripts/raw/master/index.xml
Processing index 45 of 76: https://github.com/n0ner/Reaper/raw/master/index.xml
Processing index 46 of 76: https://github.com/Neutronic/ReaScripts/raw/master/index.xml
Processing index 47 of 76: https://github.com/nofishonfriday/ReaScripts/raw/master/index.xml
Processing index 48 of 76: https://github.com/Outboarder/ReaScripts/raw/master/index.xml
Processing index 49 of 76: https://github.com/pelori/PeloReaper/raw/master/index.xml
Processing index 50 of 76: https://ply.github.io/ReaScripts/index.xml
Processing index 51 of 76: https://github.com/przemoc/REAPER-ReaScripts/raw/master/index.xml
Processing index 52 of 76: https://github.com/tomtjes/Radio-Toolkit/raw/master/index.xml
Processing index 53 of 76: https://github.com/RCJacH/ReaScripts/raw/master/index.xml
Processing index 54 of 76: https://bobobo-git.github.io/reaperwrb_2/index.xml
Processing index 55 of 76: https://reaticulate.com/release.xml
Processing index 56 of 76: https://github.com/Justin-Johnson/ReJJ/raw/master/index.xml
Processing index 57 of 76: https://github.com/RobU23/ReaScripts/raw/master/index.xml
Processing index 58 of 76: https://github.com/JoepVanlier/JSFX/raw/master/index.xml
Processing index 59 of 76: https://github.com/lemerchand/lemerchand/raw/master/index.xml
Processing index 60 of 76: https://github.com/GoranKovac/ReaScripts/raw/master/index.xml
Processing index 61 of 76: https://github.com/jeremybernstein/ReaScripts/raw/main/index.xml
Processing index 62 of 76: https://github.com/Sonic-Anomaly/Sonic-Anomaly-JSFX/raw/master/index.xml
Processing index 63 of 76: https://github.com/Souk21/REAPER-scripts-and-effects/raw/master/index.xml
Processing index 64 of 76: https://github.com/StephanRoemer/ReaScripts/raw/master/index.xml
Processing index 65 of 76: https://github.com/Steviekeys/StevieKeys_JSFX2/raw/master/index.xml
Processing index 66 of 76: https://github.com/Suzuki-Re/Suzuki-Scripts/raw/master/index.xml
Processing index 67 of 76: https://github.com/jtackaberry/reascripts/raw/master/index.xml
Processing index 68 of 76: https://github.com/tiagolr/tilr_jsfx/raw/master/index.xml
Processing index 69 of 76: https://github.com/sonictim/TJF-Scripts/raw/master/index.xml
Processing index 70 of 76: https://github.com/tormyvancool/TormyVanCool_ReaPack_Scripts/raw/master/index.xml
Processing index 71 of 76: https://github.com/JoepVanlier/Hackey-Trackey/raw/master/index.xml
Processing index 72 of 76: https://github.com/TukanStudios/TUKAN_STUDIOS_PLUGINS/raw/main/index2.xml
Processing index 73 of 76: https://github.com/X-Raym/MIDI-Makey-Makey/raw/master/index.xml
Processing index 74 of 76: https://github.com/Yaunick/Yannick-ReaScripts/raw/master/index.xml
Processing index 75 of 76: https://github.com/zaibuyidao/ReaScripts/raw/master/index.xml
Processing index 76 of 76: additional.txt
-:1.1: Document is empty

^
/dev/stdin:1.1: Document is empty

^
Generating default.nix...
Generating flake.nix...
Copying mk-reapack-package.nix...
Prefetching hashes...
Error prefetching https://github.com/nikolalkc/LKC-Tools/raw/41dc36478a30550c24f5bed64def85e7ef0f58bb/Misc/BFO%20&amp;%20LKC%20-%20Folder%20items.lua (redirected from https://github.com/nikolalkc/LKC-Tools/raw/41dc36478a30550c24f5bed64def85e7ef0f58bb/Misc/BFO%20&amp;%20LKC%20-%20Folder%20items.lua)
Error prefetching https://github.com/nikolalkc/LKC-Tools/raw/96a0a653aec911f30199a819b7661c0e27579567/Misc/BFO%20&amp;%20LKC%20-%20Folder%20items.lua (redirected from https://github.com/nikolalkc/LKC-Tools/raw/96a0a653aec911f30199a819b7661c0e27579567/Misc/BFO%20&amp;%20LKC%20-%20Folder%20items.lua)
Error prefetching https://github.com/nikolalkc/LKC-Tools/raw/3f94c6056c124e7dc0ab261bac1abd2fe97011ed/Misc/BFO%20&amp;%20LKC%20-%20Folder%20items.lua (redirected from https://github.com/nikolalkc/LKC-Tools/raw/3f94c6056c124e7dc0ab261bac1abd2fe97011ed/Misc/BFO%20&amp;%20LKC%20-%20Folder%20items.lua)
Error prefetching https://github.com/nikolalkc/LKC-Tools/raw/b781c18c19d9aec8d034925d157e337aa78aa654/Misc/BFO%20&amp;%20LKC%20-%20Folder%20items.lua (redirected from https://github.com/nikolalkc/LKC-Tools/raw/b781c18c19d9aec8d034925d157e337aa78aa654/Misc/BFO%20&amp;%20LKC%20-%20Folder%20items.lua)
Error prefetching https://github.com/zaibuyidao/ReaScripts/raw/8e34db99d3df438b3a888c773c9e4af4a0c1424d/MIDI%20Editor/zaibuyidao_Duplicate%20Events.lua (redirected from https://github.com/zaibuyidao/ReaScripts/raw/8e34db99d3df438b3a888c773c9e4af4a0c1424d/MIDI%20Editor/zaibuyidao_Duplicate%20Events.lua)
Error prefetching https://github.com/zaibuyidao/ReaScripts/raw/06ba11d19223faf1a7cf643fc412f8bd5db0aebd/Utility/zaibuyidao_Add%20MIDI%20Hardware%20Output%20&amp;%20Receives%20to%20Selected%20Tracks%20(Transcription).lua (redirected from https://github.com/zaibuyidao/ReaScripts/raw/06ba11d19223faf1a7cf643fc412f8bd5db0aebd/Utility/zaibuyidao_Add%20MIDI%20Hardware%20Output%20&amp;%20Receives%20to%20Selected%20Tracks%20(Transcription).lua)
Error prefetching https://github.com/zaibuyidao/ReaScripts/raw/125095b9c3611c12c0f967c776edfa3d40db536c/Utility/zaibuyidao_Date%20&amp;%20Time.lua (redirected from https://github.com/zaibuyidao/ReaScripts/raw/125095b9c3611c12c0f967c776edfa3d40db536c/Utility/zaibuyidao_Date%20&amp;%20Time.lua)
Error prefetching https://github.com/zaibuyidao/ReaScripts/raw/a23accfcdb6160e5cbdebc223a3fc250554982bf/Utility/zaibuyidao_Date%20&amp;%20Time.lua (redirected from https://github.com/zaibuyidao/ReaScripts/raw/a23accfcdb6160e5cbdebc223a3fc250554982bf/Utility/zaibuyidao_Date%20&amp;%20Time.lua)
Error prefetching https://github.com/zaibuyidao/ReaScripts/raw/29caff7017fea84de685a1fc03a6a3505b11e7a0/Utility/zaibuyidao_Date%20&amp;%20Time.lua (redirected from https://github.com/zaibuyidao/ReaScripts/raw/29caff7017fea84de685a1fc03a6a3505b11e7a0/Utility/zaibuyidao_Date%20&amp;%20Time.lua)
Error prefetching https://github.com/zaibuyidao/ReaScripts/raw/498ecffc569e43e47eaf32c94fdaa3ee004f36c3/Utility/zaibuyidao_Date%20&amp;%20Time.lua (redirected from https://github.com/zaibuyidao/ReaScripts/raw/498ecffc569e43e47eaf32c94fdaa3ee004f36c3/Utility/zaibuyidao_Date%20&amp;%20Time.lua)
Error prefetching https://github.com/zaibuyidao/ReaScripts/raw/3fd36776844aedb85ce9598fcb7994a83f66f0f7/Utility/zaibuyidao_Date%20&amp;%20Time.lua (redirected from https://github.com/zaibuyidao/ReaScripts/raw/3fd36776844aedb85ce9598fcb7994a83f66f0f7/Utility/zaibuyidao_Date%20&amp;%20Time.lua)
Error prefetching https://github.com/zaibuyidao/ReaScripts/raw/783814e28425b283d641c83b5b3b01c8f0d3e27b/Utility/zaibuyidao_Date%20&amp;%20Time.lua (redirected from https://github.com/zaibuyidao/ReaScripts/raw/783814e28425b283d641c83b5b3b01c8f0d3e27b/Utility/zaibuyidao_Date%20&amp;%20Time.lua)
Error prefetching https://github.com/zaibuyidao/ReaScripts/raw/a46485f34d026e6a45577f62a878cd9ef0b9a229/Utility/zaibuyidao_Date%20&amp;%20Time.lua (redirected from https://github.com/zaibuyidao/ReaScripts/raw/a46485f34d026e6a45577f62a878cd9ef0b9a229/Utility/zaibuyidao_Date%20&amp;%20Time.lua)
Error prefetching https://github.com/zaibuyidao/ReaScripts/raw/66e0b70eaa1e74177cd64c41022659e05af0646f/Utility/zaibuyidao_Date%20&amp;%20Time.lua (redirected from https://github.com/zaibuyidao/ReaScripts/raw/66e0b70eaa1e74177cd64c41022659e05af0646f/Utility/zaibuyidao_Date%20&amp;%20Time.lua)
Error prefetching https://github.com/zaibuyidao/ReaScripts/raw/ae5fe15c57aefb95ec8944bc617570311a9dbc82/Utility/zaibuyidao_Date%20&amp;%20Time.lua (redirected from https://github.com/zaibuyidao/ReaScripts/raw/ae5fe15c57aefb95ec8944bc617570311a9dbc82/Utility/zaibuyidao_Date%20&amp;%20Time.lua)
Error prefetching https://github.com/zaibuyidao/ReaScripts/raw/209a6bdb1c0f0f77992d944dbcba4a8094574623/Various/Articulation%20Map/banks/Three-Body%20Raindrop%20&amp;%20Blade%20(%E6%89%AC%E7%90%B4%E8%90%BD%E8%8B%B1).reabank (redirected from https://github.com/zaibuyidao/ReaScripts/raw/209a6bdb1c0f0f77992d944dbcba4a8094574623/Various/Articulation%20Map/banks/Three-Body%20Raindrop%20&amp;%20Blade%20(%E6%89%AC%E7%90%B4%E8%90%BD%E8%8B%B1).reabank)
Error prefetching https://github.com/zaibuyidao/ReaScripts/raw/209a6bdb1c0f0f77992d944dbcba4a8094574623/Various/Articulation%20Map/banks/Three-Body%20Raindrop%20&amp;%20Blade.reabank (redirected from https://github.com/zaibuyidao/ReaScripts/raw/209a6bdb1c0f0f77992d944dbcba4a8094574623/Various/Articulation%20Map/banks/Three-Body%20Raindrop%20&amp;%20Blade.reabank)
Error prefetching https://github.com/zaibuyidao/ReaScripts/raw/f7491f9c0f36072a6ff33d4d5d1e53367f9967ba/Various/Articulation%20Map/banks/Three-Body%20Raindrop%20&amp;%20Blade%20(%E6%89%AC%E7%90%B4%E8%90%BD%E8%8B%B1).reabank (redirected from https://github.com/zaibuyidao/ReaScripts/raw/f7491f9c0f36072a6ff33d4d5d1e53367f9967ba/Various/Articulation%20Map/banks/Three-Body%20Raindrop%20&amp;%20Blade%20(%E6%89%AC%E7%90%B4%E8%90%BD%E8%8B%B1).reabank)
Error prefetching https://github.com/zaibuyidao/ReaScripts/raw/f7491f9c0f36072a6ff33d4d5d1e53367f9967ba/Various/Articulation%20Map/banks/Three-Body%20Raindrop%20&amp;%20Blade.reabank (redirected from https://github.com/zaibuyidao/ReaScripts/raw/f7491f9c0f36072a6ff33d4d5d1e53367f9967ba/Various/Articulation%20Map/banks/Three-Body%20Raindrop%20&amp;%20Blade.reabank)
Error prefetching https://github.com/zaibuyidao/ReaScripts/raw/785c5f41232f444a035c73cd4c1e8e0aa7da17c0/Various/Articulation%20Map/banks/Three-Body%20Raindrop%20&amp;%20Blade%20(%E6%89%AC%E7%90%B4%E8%90%BD%E8%8B%B1).reabank (redirected from https://github.com/zaibuyidao/ReaScripts/raw/785c5f41232f444a035c73cd4c1e8e0aa7da17c0/Various/Articulation%20Map/banks/Three-Body%20Raindrop%20&amp;%20Blade%20(%E6%89%AC%E7%90%B4%E8%90%BD%E8%8B%B1).reabank)
Error prefetching https://github.com/zaibuyidao/ReaScripts/raw/785c5f41232f444a035c73cd4c1e8e0aa7da17c0/Various/Articulation%20Map/banks/Three-Body%20Raindrop%20&amp;%20Blade.reabank (redirected from https://github.com/zaibuyidao/ReaScripts/raw/785c5f41232f444a035c73cd4c1e8e0aa7da17c0/Various/Articulation%20Map/banks/Three-Body%20Raindrop%20&amp;%20Blade.reabank)
Error prefetching https://github.com/zaibuyidao/ReaScripts/raw/7bff88f06ce2a1066b0094cd8d94b197e45773aa/Various/Articulation%20Map/banks/Three-Body%20Raindrop%20&amp;%20Blade%20(%E6%89%AC%E7%90%B4%E8%90%BD%E8%8B%B1).reabank (redirected from https://github.com/zaibuyidao/ReaScripts/raw/7bff88f06ce2a1066b0094cd8d94b197e45773aa/Various/Articulation%20Map/banks/Three-Body%20Raindrop%20&amp;%20Blade%20(%E6%89%AC%E7%90%B4%E8%90%BD%E8%8B%B1).reabank)
Error prefetching https://github.com/zaibuyidao/ReaScripts/raw/7bff88f06ce2a1066b0094cd8d94b197e45773aa/Various/Articulation%20Map/banks/Three-Body%20Raindrop%20&amp;%20Blade.reabank (redirected from https://github.com/zaibuyidao/ReaScripts/raw/7bff88f06ce2a1066b0094cd8d94b197e45773aa/Various/Articulation%20Map/banks/Three-Body%20Raindrop%20&amp;%20Blade.reabank)
Error prefetching https://github.com/zaibuyidao/ReaScripts/raw/4ed105427ceba2c4607ff78cd8f68841f3d066c5/Various/Articulation%20Map/banks/Three-Body%20Raindrop%20&amp;%20Blade%20(%E6%89%AC%E7%90%B4%E8%90%BD%E8%8B%B1).reabank (redirected from https://github.com/zaibuyidao/ReaScripts/raw/4ed105427ceba2c4607ff78cd8f68841f3d066c5/Various/Articulation%20Map/banks/Three-Body%20Raindrop%20&amp;%20Blade%20(%E6%89%AC%E7%90%B4%E8%90%BD%E8%8B%B1).reabank)
Error prefetching https://github.com/zaibuyidao/ReaScripts/raw/4ed105427ceba2c4607ff78cd8f68841f3d066c5/Various/Articulation%20Map/banks/Three-Body%20Raindrop%20&amp;%20Blade.reabank (redirected from https://github.com/zaibuyidao/ReaScripts/raw/4ed105427ceba2c4607ff78cd8f68841f3d066c5/Various/Articulation%20Map/banks/Three-Body%20Raindrop%20&amp;%20Blade.reabank)
Error prefetching https://github.com/zaibuyidao/ReaScripts/raw/11c1f145bc087c3d2550dd2b25a3e8aab29dd7d4/Various/Articulation%20Map/banks/Three-Body%20Raindrop%20&amp;%20Blade%20(%E6%89%AC%E7%90%B4%E8%90%BD%E8%8B%B1).reabank (redirected from https://github.com/zaibuyidao/ReaScripts/raw/11c1f145bc087c3d2550dd2b25a3e8aab29dd7d4/Various/Articulation%20Map/banks/Three-Body%20Raindrop%20&amp;%20Blade%20(%E6%89%AC%E7%90%B4%E8%90%BD%E8%8B%B1).reabank)
Error prefetching https://github.com/zaibuyidao/ReaScripts/raw/11c1f145bc087c3d2550dd2b25a3e8aab29dd7d4/Various/Articulation%20Map/banks/Three-Body%20Raindrop%20&amp;%20Blade.reabank (redirected from https://github.com/zaibuyidao/ReaScripts/raw/11c1f145bc087c3d2550dd2b25a3e8aab29dd7d4/Various/Articulation%20Map/banks/Three-Body%20Raindrop%20&amp;%20Blade.reabank)
Error prefetching https://github.com/zaibuyidao/ReaScripts/raw/aff4b5b251e3371cd1bc1c7c1ce03ef3de5048db/Various/Articulation%20Map/banks/Three-Body%20Raindrop%20&amp;%20Blade%20(%E6%89%AC%E7%90%B4%E8%90%BD%E8%8B%B1).reabank (redirected from https://github.com/zaibuyidao/ReaScripts/raw/aff4b5b251e3371cd1bc1c7c1ce03ef3de5048db/Various/Articulation%20Map/banks/Three-Body%20Raindrop%20&amp;%20Blade%20(%E6%89%AC%E7%90%B4%E8%90%BD%E8%8B%B1).reabank)
Error prefetching https://github.com/zaibuyidao/ReaScripts/raw/aff4b5b251e3371cd1bc1c7c1ce03ef3de5048db/Various/Articulation%20Map/banks/Three-Body%20Raindrop%20&amp;%20Blade.reabank (redirected from https://github.com/zaibuyidao/ReaScripts/raw/aff4b5b251e3371cd1bc1c7c1ce03ef3de5048db/Various/Articulation%20Map/banks/Three-Body%20Raindrop%20&amp;%20Blade.reabank)
Error prefetching https://github.com/zaibuyidao/ReaScripts/raw/a1f6a956e43cb556f41c734afe6b109a3a6140e5/Various/Articulation%20Map/banks/Three-Body%20Raindrop%20&amp;%20Blade%20(%E6%89%AC%E7%90%B4%E8%90%BD%E8%8B%B1).reabank (redirected from https://github.com/zaibuyidao/ReaScripts/raw/a1f6a956e43cb556f41c734afe6b109a3a6140e5/Various/Articulation%20Map/banks/Three-Body%20Raindrop%20&amp;%20Blade%20(%E6%89%AC%E7%90%B4%E8%90%BD%E8%8B%B1).reabank)
Error prefetching https://github.com/zaibuyidao/ReaScripts/raw/a1f6a956e43cb556f41c734afe6b109a3a6140e5/Various/Articulation%20Map/banks/Three-Body%20Raindrop%20&amp;%20Blade.reabank (redirected from https://github.com/zaibuyidao/ReaScripts/raw/a1f6a956e43cb556f41c734afe6b109a3a6140e5/Various/Articulation%20Map/banks/Three-Body%20Raindrop%20&amp;%20Blade.reabank)
Error prefetching https://github.com/zaibuyidao/ReaScripts/raw/03cab55bb522c4fb9292bb38d4f1d3ba8f4e0cbe/Various/Articulation%20Map/banks/Three-Body%20Raindrop%20&amp;%20Blade%20(%E6%89%AC%E7%90%B4%E8%90%BD%E8%8B%B1).reabank (redirected from https://github.com/zaibuyidao/ReaScripts/raw/03cab55bb522c4fb9292bb38d4f1d3ba8f4e0cbe/Various/Articulation%20Map/banks/Three-Body%20Raindrop%20&amp;%20Blade%20(%E6%89%AC%E7%90%B4%E8%90%BD%E8%8B%B1).reabank)
Error prefetching https://github.com/zaibuyidao/ReaScripts/raw/03cab55bb522c4fb9292bb38d4f1d3ba8f4e0cbe/Various/Articulation%20Map/banks/Three-Body%20Raindrop%20&amp;%20Blade.reabank (redirected from https://github.com/zaibuyidao/ReaScripts/raw/03cab55bb522c4fb9292bb38d4f1d3ba8f4e0cbe/Various/Articulation%20Map/banks/Three-Body%20Raindrop%20&amp;%20Blade.reabank)
Error prefetching https://github.com/zaibuyidao/ReaScripts/raw/f6035119db4de021704d9096564db6baded25ec3/Various/Articulation%20Map/banks/Three-Body%20Raindrop%20&amp;%20Blade%20(%E6%89%AC%E7%90%B4%E8%90%BD%E8%8B%B1).reabank (redirected from https://github.com/zaibuyidao/ReaScripts/raw/f6035119db4de021704d9096564db6baded25ec3/Various/Articulation%20Map/banks/Three-Body%20Raindrop%20&amp;%20Blade%20(%E6%89%AC%E7%90%B4%E8%90%BD%E8%8B%B1).reabank)
Error prefetching https://github.com/zaibuyidao/ReaScripts/raw/f6035119db4de021704d9096564db6baded25ec3/Various/Articulation%20Map/banks/Three-Body%20Raindrop%20&amp;%20Blade.reabank (redirected from https://github.com/zaibuyidao/ReaScripts/raw/f6035119db4de021704d9096564db6baded25ec3/Various/Articulation%20Map/banks/Three-Body%20Raindrop%20&amp;%20Blade.reabank)
Error prefetching https://github.com/zaibuyidao/ReaScripts/raw/e346c06f917365a1e0de2777dfdb9e52c9c53f56/Various/Articulation%20Map/banks/Three-Body%20Raindrop%20&amp;%20Blade%20(%E6%89%AC%E7%90%B4%E8%90%BD%E8%8B%B1).reabank (redirected from https://github.com/zaibuyidao/ReaScripts/raw/e346c06f917365a1e0de2777dfdb9e52c9c53f56/Various/Articulation%20Map/banks/Three-Body%20Raindrop%20&amp;%20Blade%20(%E6%89%AC%E7%90%B4%E8%90%BD%E8%8B%B1).reabank)
Error prefetching https://github.com/zaibuyidao/ReaScripts/raw/e346c06f917365a1e0de2777dfdb9e52c9c53f56/Various/Articulation%20Map/banks/Three-Body%20Raindrop%20&amp;%20Blade.reabank (redirected from https://github.com/zaibuyidao/ReaScripts/raw/e346c06f917365a1e0de2777dfdb9e52c9c53f56/Various/Articulation%20Map/banks/Three-Body%20Raindrop%20&amp;%20Blade.reabank)
Error prefetching https://github.com/zaibuyidao/ReaScripts/raw/07524ba6ceec601cbd08d503919ed528fe8a487e/Various/Articulation%20Map/banks/Three-Body%20Raindrop%20&amp;%20Blade%20(%E6%89%AC%E7%90%B4%E8%90%BD%E8%8B%B1).reabank (redirected from https://github.com/zaibuyidao/ReaScripts/raw/07524ba6ceec601cbd08d503919ed528fe8a487e/Various/Articulation%20Map/banks/Three-Body%20Raindrop%20&amp;%20Blade%20(%E6%89%AC%E7%90%B4%E8%90%BD%E8%8B%B1).reabank)
Error prefetching https://github.com/zaibuyidao/ReaScripts/raw/07524ba6ceec601cbd08d503919ed528fe8a487e/Various/Articulation%20Map/banks/Three-Body%20Raindrop%20&amp;%20Blade.reabank (redirected from https://github.com/zaibuyidao/ReaScripts/raw/07524ba6ceec601cbd08d503919ed528fe8a487e/Various/Articulation%20Map/banks/Three-Body%20Raindrop%20&amp;%20Blade.reabank)
Error prefetching https://github.com/zaibuyidao/ReaScripts/raw/cbaaefbdd3f257065337bc7f3c2f5116a4292d0b/Various/Articulation%20Map/banks/Three-Body%20Raindrop%20&amp;%20Blade%20(%E6%89%AC%E7%90%B4%E8%90%BD%E8%8B%B1).reabank (redirected from https://github.com/zaibuyidao/ReaScripts/raw/cbaaefbdd3f257065337bc7f3c2f5116a4292d0b/Various/Articulation%20Map/banks/Three-Body%20Raindrop%20&amp;%20Blade%20(%E6%89%AC%E7%90%B4%E8%90%BD%E8%8B%B1).reabank)
Error prefetching https://github.com/zaibuyidao/ReaScripts/raw/cbaaefbdd3f257065337bc7f3c2f5116a4292d0b/Various/Articulation%20Map/banks/Three-Body%20Raindrop%20&amp;%20Blade.reabank (redirected from https://github.com/zaibuyidao/ReaScripts/raw/cbaaefbdd3f257065337bc7f3c2f5116a4292d0b/Various/Articulation%20Map/banks/Three-Body%20Raindrop%20&amp;%20Blade.reabank)
Error prefetching https://github.com/zaibuyidao/ReaScripts/raw/78b9b7f01e4a129b92bc53f07c7ea562e9a3b0c3/Various/Articulation%20Map/banks/Three-Body%20Raindrop%20&amp;%20Blade%20(%E6%89%AC%E7%90%B4%E8%90%BD%E8%8B%B1).reabank (redirected from https://github.com/zaibuyidao/ReaScripts/raw/78b9b7f01e4a129b92bc53f07c7ea562e9a3b0c3/Various/Articulation%20Map/banks/Three-Body%20Raindrop%20&amp;%20Blade%20(%E6%89%AC%E7%90%B4%E8%90%BD%E8%8B%B1).reabank)
Error prefetching https://github.com/zaibuyidao/ReaScripts/raw/78b9b7f01e4a129b92bc53f07c7ea562e9a3b0c3/Various/Articulation%20Map/banks/Three-Body%20Raindrop%20&amp;%20Blade.reabank (redirected from https://github.com/zaibuyidao/ReaScripts/raw/78b9b7f01e4a129b92bc53f07c7ea562e9a3b0c3/Various/Articulation%20Map/banks/Three-Body%20Raindrop%20&amp;%20Blade.reabank)
Error prefetching https://github.com/zaibuyidao/ReaScripts/raw/250aaac54a2e85422f2a11b2607eac24201a52c0/Various/Articulation%20Map/banks/Three-Body%20Raindrop%20&amp;%20Blade%20(%E6%89%AC%E7%90%B4%E8%90%BD%E8%8B%B1).reabank (redirected from https://github.com/zaibuyidao/ReaScripts/raw/250aaac54a2e85422f2a11b2607eac24201a52c0/Various/Articulation%20Map/banks/Three-Body%20Raindrop%20&amp;%20Blade%20(%E6%89%AC%E7%90%B4%E8%90%BD%E8%8B%B1).reabank)
Error prefetching https://github.com/zaibuyidao/ReaScripts/raw/250aaac54a2e85422f2a11b2607eac24201a52c0/Various/Articulation%20Map/banks/Three-Body%20Raindrop%20&amp;%20Blade.reabank (redirected from https://github.com/zaibuyidao/ReaScripts/raw/250aaac54a2e85422f2a11b2607eac24201a52c0/Various/Articulation%20Map/banks/Three-Body%20Raindrop%20&amp;%20Blade.reabank)
Error prefetching https://github.com/zaibuyidao/ReaScripts/raw/947af99c4a785f7dfb57ce06151b0045caedc169/Various/Articulation%20Map/banks/75-96%20Three-Body%20Raindrop%20&amp;%20Blade.reabank (redirected from https://github.com/zaibuyidao/ReaScripts/raw/947af99c4a785f7dfb57ce06151b0045caedc169/Various/Articulation%20Map/banks/75-96%20Three-Body%20Raindrop%20&amp;%20Blade.reabank)
Error prefetching https://github.com/zaibuyidao/ReaScripts/raw/947af99c4a785f7dfb57ce06151b0045caedc169/Various/Articulation%20Map/banks/75-96%20Three-Body%20Raindrop%20&amp;%20Blade%20(%E6%89%AC%E7%90%B4%E8%90%BD%E8%8B%B1).reabank (redirected from https://github.com/zaibuyidao/ReaScripts/raw/947af99c4a785f7dfb57ce06151b0045caedc169/Various/Articulation%20Map/banks/75-96%20Three-Body%20Raindrop%20&amp;%20Blade%20(%E6%89%AC%E7%90%B4%E8%90%BD%E8%8B%B1).reabank)
Error prefetching https://github.com/zaibuyidao/ReaScripts/raw/06fe16b8f3a97ce797c39e38961b4d605597bc3e/Various/Articulation%20Map/banks/75-96%20Three-Body%20Raindrop%20&amp;%20Blade%20(%E6%89%AC%E7%90%B4%E8%90%BD%E8%8B%B1).reabank (redirected from https://github.com/zaibuyidao/ReaScripts/raw/06fe16b8f3a97ce797c39e38961b4d605597bc3e/Various/Articulation%20Map/banks/75-96%20Three-Body%20Raindrop%20&amp;%20Blade%20(%E6%89%AC%E7%90%B4%E8%90%BD%E8%8B%B1).reabank)
Error prefetching https://github.com/zaibuyidao/ReaScripts/raw/06fe16b8f3a97ce797c39e38961b4d605597bc3e/Various/Articulation%20Map/banks/75-96%20Three-Body%20Raindrop%20&amp;%20Blade.reabank (redirected from https://github.com/zaibuyidao/ReaScripts/raw/06fe16b8f3a97ce797c39e38961b4d605597bc3e/Various/Articulation%20Map/banks/75-96%20Three-Body%20Raindrop%20&amp;%20Blade.reabank)
Error prefetching https://github.com/zaibuyidao/ReaScripts/raw/6423d4005056e4801ead65dab1b1518f12c55cc4/Various/Articulation%20Map/banks/75-96%20Three-Body%20Raindrop%20&amp;%20Blade%20(%E6%89%AC%E7%90%B4%E8%90%BD%E8%8B%B1).reabank (redirected from https://github.com/zaibuyidao/ReaScripts/raw/6423d4005056e4801ead65dab1b1518f12c55cc4/Various/Articulation%20Map/banks/75-96%20Three-Body%20Raindrop%20&amp;%20Blade%20(%E6%89%AC%E7%90%B4%E8%90%BD%E8%8B%B1).reabank)
Error prefetching https://github.com/zaibuyidao/ReaScripts/raw/6423d4005056e4801ead65dab1b1518f12c55cc4/Various/Articulation%20Map/banks/75-96%20Three-Body%20Raindrop%20&amp;%20Blade.reabank (redirected from https://github.com/zaibuyidao/ReaScripts/raw/6423d4005056e4801ead65dab1b1518f12c55cc4/Various/Articulation%20Map/banks/75-96%20Three-Body%20Raindrop%20&amp;%20Blade.reabank)
Error prefetching https://github.com/zaibuyidao/ReaScripts/raw/7a58858e694fc30ee02adf1349de1b20cdbfe03c/Various/Articulation%20Map/banks/75-96%20Three-Body%20Raindrop%20&amp;%20Blade%20(%E6%89%AC%E7%90%B4%E8%90%BD%E8%8B%B1).reabank (redirected from https://github.com/zaibuyidao/ReaScripts/raw/7a58858e694fc30ee02adf1349de1b20cdbfe03c/Various/Articulation%20Map/banks/75-96%20Three-Body%20Raindrop%20&amp;%20Blade%20(%E6%89%AC%E7%90%B4%E8%90%BD%E8%8B%B1).reabank)
Error prefetching https://github.com/zaibuyidao/ReaScripts/raw/7a58858e694fc30ee02adf1349de1b20cdbfe03c/Various/Articulation%20Map/banks/75-96%20Three-Body%20Raindrop%20&amp;%20Blade.reabank (redirected from https://github.com/zaibuyidao/ReaScripts/raw/7a58858e694fc30ee02adf1349de1b20cdbfe03c/Various/Articulation%20Map/banks/75-96%20Three-Body%20Raindrop%20&amp;%20Blade.reabank)
Error prefetching https://github.com/zaibuyidao/ReaScripts/raw/396c0f563d1b4a0cdcdb08721a5698e38f7d1a4c/Various/Articulation%20Map/banks/75-96%20Three-Body%20Raindrop%20&amp;%20Blade%20(%E6%89%AC%E7%90%B4%E8%90%BD%E8%8B%B1).reabank (redirected from https://github.com/zaibuyidao/ReaScripts/raw/396c0f563d1b4a0cdcdb08721a5698e38f7d1a4c/Various/Articulation%20Map/banks/75-96%20Three-Body%20Raindrop%20&amp;%20Blade%20(%E6%89%AC%E7%90%B4%E8%90%BD%E8%8B%B1).reabank)
Error prefetching https://github.com/zaibuyidao/ReaScripts/raw/396c0f563d1b4a0cdcdb08721a5698e38f7d1a4c/Various/Articulation%20Map/banks/75-96%20Three-Body%20Raindrop%20&amp;%20Blade.reabank (redirected from https://github.com/zaibuyidao/ReaScripts/raw/396c0f563d1b4a0cdcdb08721a5698e38f7d1a4c/Various/Articulation%20Map/banks/75-96%20Three-Body%20Raindrop%20&amp;%20Blade.reabank)
Error prefetching https://github.com/zaibuyidao/ReaScripts/raw/e12fe7aa76eb518dbad8e3e5567316e35cf577a2/Various/Articulation%20Map/banks/75-96%20Three-Body%20Raindrop%20&amp;%20Blade%20(%E6%89%AC%E7%90%B4%E8%90%BD%E8%8B%B1).reabank (redirected from https://github.com/zaibuyidao/ReaScripts/raw/e12fe7aa76eb518dbad8e3e5567316e35cf577a2/Various/Articulation%20Map/banks/75-96%20Three-Body%20Raindrop%20&amp;%20Blade%20(%E6%89%AC%E7%90%B4%E8%90%BD%E8%8B%B1).reabank)
Error prefetching https://github.com/zaibuyidao/ReaScripts/raw/e12fe7aa76eb518dbad8e3e5567316e35cf577a2/Various/Articulation%20Map/banks/75-96%20Three-Body%20Raindrop%20&amp;%20Blade.reabank (redirected from https://github.com/zaibuyidao/ReaScripts/raw/e12fe7aa76eb518dbad8e3e5567316e35cf577a2/Various/Articulation%20Map/banks/75-96%20Three-Body%20Raindrop%20&amp;%20Blade.reabank)
Error prefetching https://github.com/zaibuyidao/ReaScripts/raw/622c766f902a2bf27adb510d3f5f09cebe0c1f93/Various/Articulation%20Map/banks/75-96%20Three-Body%20Raindrop%20&amp;%20Blade%20(%E6%89%AC%E7%90%B4%E8%90%BD%E8%8B%B1).reabank (redirected from https://github.com/zaibuyidao/ReaScripts/raw/622c766f902a2bf27adb510d3f5f09cebe0c1f93/Various/Articulation%20Map/banks/75-96%20Three-Body%20Raindrop%20&amp;%20Blade%20(%E6%89%AC%E7%90%B4%E8%90%BD%E8%8B%B1).reabank)
Error prefetching https://github.com/zaibuyidao/ReaScripts/raw/622c766f902a2bf27adb510d3f5f09cebe0c1f93/Various/Articulation%20Map/banks/75-96%20Three-Body%20Raindrop%20&amp;%20Blade.reabank (redirected from https://github.com/zaibuyidao/ReaScripts/raw/622c766f902a2bf27adb510d3f5f09cebe0c1f93/Various/Articulation%20Map/banks/75-96%20Three-Body%20Raindrop%20&amp;%20Blade.reabank)
Error prefetching https://github.com/zaibuyidao/ReaScripts/raw/0c928e5ff9dcd46dbc5c557841db59c4cd32d0ca/Various/Articulation%20Map/banks/75-96%20Three-Body%20Raindrop%20&amp;%20Blade%20(%E6%89%AC%E7%90%B4%E8%90%BD%E8%8B%B1).reabank (redirected from https://github.com/zaibuyidao/ReaScripts/raw/0c928e5ff9dcd46dbc5c557841db59c4cd32d0ca/Various/Articulation%20Map/banks/75-96%20Three-Body%20Raindrop%20&amp;%20Blade%20(%E6%89%AC%E7%90%B4%E8%90%BD%E8%8B%B1).reabank)
Error prefetching https://github.com/zaibuyidao/ReaScripts/raw/0c928e5ff9dcd46dbc5c557841db59c4cd32d0ca/Various/Articulation%20Map/banks/75-96%20Three-Body%20Raindrop%20&amp;%20Blade.reabank (redirected from https://github.com/zaibuyidao/ReaScripts/raw/0c928e5ff9dcd46dbc5c557841db59c4cd32d0ca/Various/Articulation%20Map/banks/75-96%20Three-Body%20Raindrop%20&amp;%20Blade.reabank)
Error prefetching https://github.com/zaibuyidao/ReaScripts/raw/b0ca8653118aa2b4b8dd9f9cfd8abfa76e636e92/Various/Articulation%20Map/banks/75-96%20Three-Body%20Raindrop%20&amp;%20Blade%20(%E6%89%AC%E7%90%B4%E8%90%BD%E8%8B%B1).reabank (redirected from https://github.com/zaibuyidao/ReaScripts/raw/b0ca8653118aa2b4b8dd9f9cfd8abfa76e636e92/Various/Articulation%20Map/banks/75-96%20Three-Body%20Raindrop%20&amp;%20Blade%20(%E6%89%AC%E7%90%B4%E8%90%BD%E8%8B%B1).reabank)
Error prefetching https://github.com/zaibuyidao/ReaScripts/raw/b0ca8653118aa2b4b8dd9f9cfd8abfa76e636e92/Various/Articulation%20Map/banks/75-96%20Three-Body%20Raindrop%20&amp;%20Blade.reabank (redirected from https://github.com/zaibuyidao/ReaScripts/raw/b0ca8653118aa2b4b8dd9f9cfd8abfa76e636e92/Various/Articulation%20Map/banks/75-96%20Three-Body%20Raindrop%20&amp;%20Blade.reabank)
Error prefetching https://github.com/zaibuyidao/ReaScripts/raw/2e38320cf0aaf334140e9d51181283fcdbf3ca3a/Various/Articulation%20Map/banks/75-96%20Three-Body%20Raindrop%20&amp;%20Blade%20(%E6%89%AC%E7%90%B4%E8%90%BD%E8%8B%B1).reabank (redirected from https://github.com/zaibuyidao/ReaScripts/raw/2e38320cf0aaf334140e9d51181283fcdbf3ca3a/Various/Articulation%20Map/banks/75-96%20Three-Body%20Raindrop%20&amp;%20Blade%20(%E6%89%AC%E7%90%B4%E8%90%BD%E8%8B%B1).reabank)
Error prefetching https://github.com/zaibuyidao/ReaScripts/raw/2e38320cf0aaf334140e9d51181283fcdbf3ca3a/Various/Articulation%20Map/banks/75-96%20Three-Body%20Raindrop%20&amp;%20Blade.reabank (redirected from https://github.com/zaibuyidao/ReaScripts/raw/2e38320cf0aaf334140e9d51181283fcdbf3ca3a/Various/Articulation%20Map/banks/75-96%20Three-Body%20Raindrop%20&amp;%20Blade.reabank)
Error prefetching https://github.com/juliansader/ReaExtensions/raw/master/js_ReaScriptAPI/v0.93/reaper_js_ReaScriptAPI32.dylib (redirected from https://github.com/juliansader/ReaExtensions/raw/master/js_ReaScriptAPI/v0.93/reaper_js_ReaScriptAPI32.dylib)
Error prefetching https://github.com/juliansader/ReaExtensions/raw/master/js_ReaScriptAPI/v0.93/reaper_js_ReaScriptAPI64.dylib (redirected from https://github.com/juliansader/ReaExtensions/raw/master/js_ReaScriptAPI/v0.93/reaper_js_ReaScriptAPI64.dylib)
Error prefetching https://github.com/juliansader/ReaExtensions/raw/master/js_ReaScriptAPI/v0.93/reaper_js_ReaScriptAPI32.dll (redirected from https://github.com/juliansader/ReaExtensions/raw/master/js_ReaScriptAPI/v0.93/reaper_js_ReaScriptAPI32.dll)
Error prefetching https://github.com/juliansader/ReaExtensions/raw/master/js_ReaScriptAPI/v0.93/reaper_js_ReaScriptAPI64.dll (redirected from https://github.com/juliansader/ReaExtensions/raw/master/js_ReaScriptAPI/v0.93/reaper_js_ReaScriptAPI64.dll)
Error prefetching https://github.com/juliansader/ReaExtensions/raw/master/js_ReaScriptAPI/v0.93/reaper_js_ReaScriptAPI32.so (redirected from https://github.com/juliansader/ReaExtensions/raw/master/js_ReaScriptAPI/v0.93/reaper_js_ReaScriptAPI32.so)
Error prefetching https://github.com/juliansader/ReaExtensions/raw/master/js_ReaScriptAPI/v0.94/reaper_js_ReaScriptAPI32.dylib (redirected from https://github.com/juliansader/ReaExtensions/raw/master/js_ReaScriptAPI/v0.94/reaper_js_ReaScriptAPI32.dylib)
Error prefetching https://github.com/juliansader/ReaExtensions/raw/master/js_ReaScriptAPI/v0.94/reaper_js_ReaScriptAPI64.dylib (redirected from https://github.com/juliansader/ReaExtensions/raw/master/js_ReaScriptAPI/v0.94/reaper_js_ReaScriptAPI64.dylib)
Error prefetching https://github.com/juliansader/ReaExtensions/raw/master/js_ReaScriptAPI/v0.94/reaper_js_ReaScriptAPI32.dll (redirected from https://github.com/juliansader/ReaExtensions/raw/master/js_ReaScriptAPI/v0.94/reaper_js_ReaScriptAPI32.dll)
Error prefetching https://github.com/juliansader/ReaExtensions/raw/master/js_ReaScriptAPI/v0.94/reaper_js_ReaScriptAPI64.dll (redirected from https://github.com/juliansader/ReaExtensions/raw/master/js_ReaScriptAPI/v0.94/reaper_js_ReaScriptAPI64.dll)
Error prefetching https://github.com/juliansader/ReaExtensions/raw/master/js_ReaScriptAPI/v0.94/reaper_js_ReaScriptAPI32.so (redirected from https://github.com/juliansader/ReaExtensions/raw/master/js_ReaScriptAPI/v0.94/reaper_js_ReaScriptAPI32.so)
Error prefetching https://github.com/juliansader/ReaExtensions/raw/master/js_ReaScriptAPI/v0.94/reaper_js_ReaScriptAPI64.so (redirected from https://github.com/juliansader/ReaExtensions/raw/master/js_ReaScriptAPI/v0.94/reaper_js_ReaScriptAPI64.so)
Error prefetching https://github.com/juliansader/ReaExtensions/raw/master/js_ReaScriptAPI/v0.95/reaper_js_ReaScriptAPI32.dylib (redirected from https://github.com/juliansader/ReaExtensions/raw/master/js_ReaScriptAPI/v0.95/reaper_js_ReaScriptAPI32.dylib)
Error prefetching https://github.com/juliansader/ReaExtensions/raw/master/js_ReaScriptAPI/v0.95/reaper_js_ReaScriptAPI32.dll (redirected from https://github.com/juliansader/ReaExtensions/raw/master/js_ReaScriptAPI/v0.95/reaper_js_ReaScriptAPI32.dll)
Error prefetching https://github.com/juliansader/ReaExtensions/raw/master/js_ReaScriptAPI/v0.95/reaper_js_ReaScriptAPI64.dylib (redirected from https://github.com/juliansader/ReaExtensions/raw/master/js_ReaScriptAPI/v0.95/reaper_js_ReaScriptAPI64.dylib)
Error prefetching https://github.com/juliansader/ReaExtensions/raw/master/js_ReaScriptAPI/v0.95/reaper_js_ReaScriptAPI64.dll (redirected from https://github.com/juliansader/ReaExtensions/raw/master/js_ReaScriptAPI/v0.95/reaper_js_ReaScriptAPI64.dll)
Error prefetching https://github.com/juliansader/ReaExtensions/raw/master/js_ReaScriptAPI/v0.95/reaper_js_ReaScriptAPI32.so (redirected from https://github.com/juliansader/ReaExtensions/raw/master/js_ReaScriptAPI/v0.95/reaper_js_ReaScriptAPI32.so)
Error prefetching https://github.com/juliansader/ReaExtensions/raw/master/js_ReaScriptAPI/v0.95/reaper_js_ReaScriptAPI64.so (redirected from https://github.com/juliansader/ReaExtensions/raw/master/js_ReaScriptAPI/v0.95/reaper_js_ReaScriptAPI64.so)
Error prefetching https://github.com/juliansader/ReaExtensions/raw/master/js_ReaScriptAPI/v0.951/reaper_js_ReaScriptAPI32.dylib (redirected from https://github.com/juliansader/ReaExtensions/raw/master/js_ReaScriptAPI/v0.951/reaper_js_ReaScriptAPI32.dylib)
Error prefetching https://github.com/juliansader/ReaExtensions/raw/master/js_ReaScriptAPI/v0.951/reaper_js_ReaScriptAPI64.dylib (redirected from https://github.com/juliansader/ReaExtensions/raw/master/js_ReaScriptAPI/v0.951/reaper_js_ReaScriptAPI64.dylib)
Error prefetching https://github.com/juliansader/ReaExtensions/raw/master/js_ReaScriptAPI/v0.951/reaper_js_ReaScriptAPI32.dll (redirected from https://github.com/juliansader/ReaExtensions/raw/master/js_ReaScriptAPI/v0.951/reaper_js_ReaScriptAPI32.dll)
Error prefetching https://github.com/juliansader/ReaExtensions/raw/master/js_ReaScriptAPI/v0.951/reaper_js_ReaScriptAPI64.dll (redirected from https://github.com/juliansader/ReaExtensions/raw/master/js_ReaScriptAPI/v0.951/reaper_js_ReaScriptAPI64.dll)
Error prefetching https://github.com/juliansader/ReaExtensions/raw/master/js_ReaScriptAPI/v0.951/reaper_js_ReaScriptAPI32.so (redirected from https://github.com/juliansader/ReaExtensions/raw/master/js_ReaScriptAPI/v0.951/reaper_js_ReaScriptAPI32.so)
Error prefetching https://github.com/juliansader/ReaExtensions/raw/master/js_ReaScriptAPI/v0.951/reaper_js_ReaScriptAPI64.so (redirected from https://github.com/juliansader/ReaExtensions/raw/master/js_ReaScriptAPI/v0.951/reaper_js_ReaScriptAPI64.so)
Error prefetching https://github.com/juliansader/ReaExtensions/raw/master/js_ReaScriptAPI/v0.962/reaper_js_ReaScriptAPI32.dylib (redirected from https://github.com/juliansader/ReaExtensions/raw/master/js_ReaScriptAPI/v0.962/reaper_js_ReaScriptAPI32.dylib)
Error prefetching https://github.com/juliansader/ReaExtensions/raw/master/js_ReaScriptAPI/v0.962/reaper_js_ReaScriptAPI64.dylib (redirected from https://github.com/juliansader/ReaExtensions/raw/master/js_ReaScriptAPI/v0.962/reaper_js_ReaScriptAPI64.dylib)
Error prefetching https://github.com/juliansader/ReaExtensions/raw/master/js_ReaScriptAPI/v0.962/reaper_js_ReaScriptAPI32.dll (redirected from https://github.com/juliansader/ReaExtensions/raw/master/js_ReaScriptAPI/v0.962/reaper_js_ReaScriptAPI32.dll)
Error prefetching https://github.com/juliansader/ReaExtensions/raw/master/js_ReaScriptAPI/v0.962/reaper_js_ReaScriptAPI64.dll (redirected from https://github.com/juliansader/ReaExtensions/raw/master/js_ReaScriptAPI/v0.962/reaper_js_ReaScriptAPI64.dll)
Error prefetching https://github.com/juliansader/ReaExtensions/raw/master/js_ReaScriptAPI/v0.962/reaper_js_ReaScriptAPI32.so (redirected from https://github.com/juliansader/ReaExtensions/raw/master/js_ReaScriptAPI/v0.962/reaper_js_ReaScriptAPI32.so)
Error prefetching https://github.com/juliansader/ReaExtensions/raw/master/js_ReaScriptAPI/v0.962/reaper_js_ReaScriptAPI64.so (redirected from https://github.com/juliansader/ReaExtensions/raw/master/js_ReaScriptAPI/v0.962/reaper_js_ReaScriptAPI64.so)
Error prefetching https://github.com/juliansader/ReaExtensions/raw/master/js_ReaScriptAPI/v0.963/reaper_js_ReaScriptAPI32.dylib (redirected from https://github.com/juliansader/ReaExtensions/raw/master/js_ReaScriptAPI/v0.963/reaper_js_ReaScriptAPI32.dylib)
Error prefetching https://github.com/juliansader/ReaExtensions/raw/master/js_ReaScriptAPI/v0.963/reaper_js_ReaScriptAPI64.dylib (redirected from https://github.com/juliansader/ReaExtensions/raw/master/js_ReaScriptAPI/v0.963/reaper_js_ReaScriptAPI64.dylib)
Error prefetching https://github.com/juliansader/ReaExtensions/raw/master/js_ReaScriptAPI/v0.963/reaper_js_ReaScriptAPI32.dll (redirected from https://github.com/juliansader/ReaExtensions/raw/master/js_ReaScriptAPI/v0.963/reaper_js_ReaScriptAPI32.dll)
Error prefetching https://github.com/juliansader/ReaExtensions/raw/master/js_ReaScriptAPI/v0.963/reaper_js_ReaScriptAPI64.dll (redirected from https://github.com/juliansader/ReaExtensions/raw/master/js_ReaScriptAPI/v0.963/reaper_js_ReaScriptAPI64.dll)
Error prefetching https://github.com/juliansader/ReaExtensions/raw/master/js_ReaScriptAPI/v0.963/reaper_js_ReaScriptAPI32.so (redirected from https://github.com/juliansader/ReaExtensions/raw/master/js_ReaScriptAPI/v0.963/reaper_js_ReaScriptAPI32.so)
Error prefetching https://github.com/juliansader/ReaExtensions/raw/master/js_ReaScriptAPI/v0.963/reaper_js_ReaScriptAPI64.so (redirected from https://github.com/juliansader/ReaExtensions/raw/master/js_ReaScriptAPI/v0.963/reaper_js_ReaScriptAPI64.so)
Error prefetching https://github.com/juliansader/ReaExtensions/raw/master/js_ReaScriptAPI/v0.964/reaper_js_ReaScriptAPI32.dylib (redirected from https://github.com/juliansader/ReaExtensions/raw/master/js_ReaScriptAPI/v0.964/reaper_js_ReaScriptAPI32.dylib)
Error prefetching https://github.com/juliansader/ReaExtensions/raw/master/js_ReaScriptAPI/v0.964/reaper_js_ReaScriptAPI64.dylib (redirected from https://github.com/juliansader/ReaExtensions/raw/master/js_ReaScriptAPI/v0.964/reaper_js_ReaScriptAPI64.dylib)
Error prefetching https://github.com/juliansader/ReaExtensions/raw/master/js_ReaScriptAPI/v0.964/reaper_js_ReaScriptAPI32.dll (redirected from https://github.com/juliansader/ReaExtensions/raw/master/js_ReaScriptAPI/v0.964/reaper_js_ReaScriptAPI32.dll)
Error prefetching https://github.com/juliansader/ReaExtensions/raw/master/js_ReaScriptAPI/v0.964/reaper_js_ReaScriptAPI64.dll (redirected from https://github.com/juliansader/ReaExtensions/raw/master/js_ReaScriptAPI/v0.964/reaper_js_ReaScriptAPI64.dll)
Error prefetching https://github.com/juliansader/ReaExtensions/raw/master/js_ReaScriptAPI/v0.964/reaper_js_ReaScriptAPI32.so (redirected from https://github.com/juliansader/ReaExtensions/raw/master/js_ReaScriptAPI/v0.964/reaper_js_ReaScriptAPI32.so)
Error prefetching https://github.com/juliansader/ReaExtensions/raw/master/js_ReaScriptAPI/v0.970/reaper_js_ReaScriptAPI32.dylib (redirected from https://github.com/juliansader/ReaExtensions/raw/master/js_ReaScriptAPI/v0.970/reaper_js_ReaScriptAPI32.dylib)
Error prefetching https://github.com/juliansader/ReaExtensions/raw/master/js_ReaScriptAPI/v0.964/reaper_js_ReaScriptAPI64.so (redirected from https://github.com/juliansader/ReaExtensions/raw/master/js_ReaScriptAPI/v0.964/reaper_js_ReaScriptAPI64.so)
Error prefetching https://github.com/juliansader/ReaExtensions/raw/master/js_ReaScriptAPI/v0.970/reaper_js_ReaScriptAPI64.dylib (redirected from https://github.com/juliansader/ReaExtensions/raw/master/js_ReaScriptAPI/v0.970/reaper_js_ReaScriptAPI64.dylib)
Error prefetching https://github.com/juliansader/ReaExtensions/raw/master/js_ReaScriptAPI/v0.970/reaper_js_ReaScriptAPI64.dll (redirected from https://github.com/juliansader/ReaExtensions/raw/master/js_ReaScriptAPI/v0.970/reaper_js_ReaScriptAPI64.dll)
Error prefetching https://github.com/juliansader/ReaExtensions/raw/master/js_ReaScriptAPI/v0.970/reaper_js_ReaScriptAPI32.so (redirected from https://github.com/juliansader/ReaExtensions/raw/master/js_ReaScriptAPI/v0.970/reaper_js_ReaScriptAPI32.so)
Error prefetching https://github.com/juliansader/ReaExtensions/raw/master/js_ReaScriptAPI/v0.970/reaper_js_ReaScriptAPI32.dll (redirected from https://github.com/juliansader/ReaExtensions/raw/master/js_ReaScriptAPI/v0.970/reaper_js_ReaScriptAPI32.dll)
Error prefetching https://github.com/juliansader/ReaExtensions/raw/master/js_ReaScriptAPI/v0.970/reaper_js_ReaScriptAPI64.so (redirected from https://github.com/juliansader/ReaExtensions/raw/master/js_ReaScriptAPI/v0.970/reaper_js_ReaScriptAPI64.so)
Error prefetching https://github.com/juliansader/ReaExtensions/raw/master/js_ReaScriptAPI/v0.971/reaper_js_ReaScriptAPI64.dylib (redirected from https://github.com/juliansader/ReaExtensions/raw/master/js_ReaScriptAPI/v0.971/reaper_js_ReaScriptAPI64.dylib)
Error prefetching https://github.com/juliansader/ReaExtensions/raw/master/js_ReaScriptAPI/v0.971/reaper_js_ReaScriptAPI32.dylib (redirected from https://github.com/juliansader/ReaExtensions/raw/master/js_ReaScriptAPI/v0.971/reaper_js_ReaScriptAPI32.dylib)
Error prefetching https://github.com/juliansader/ReaExtensions/raw/master/js_ReaScriptAPI/v0.971/reaper_js_ReaScriptAPI32.dll (redirected from https://github.com/juliansader/ReaExtensions/raw/master/js_ReaScriptAPI/v0.971/reaper_js_ReaScriptAPI32.dll)
Error prefetching https://github.com/juliansader/ReaExtensions/raw/master/js_ReaScriptAPI/v0.971/reaper_js_ReaScriptAPI64.dll (redirected from https://github.com/juliansader/ReaExtensions/raw/master/js_ReaScriptAPI/v0.971/reaper_js_ReaScriptAPI64.dll)
Error prefetching https://github.com/juliansader/ReaExtensions/raw/master/js_ReaScriptAPI/v0.971/reaper_js_ReaScriptAPI64.so (redirected from https://github.com/juliansader/ReaExtensions/raw/master/js_ReaScriptAPI/v0.971/reaper_js_ReaScriptAPI64.so)
Error prefetching https://github.com/juliansader/ReaExtensions/raw/master/js_ReaScriptAPI/v0.971/reaper_js_ReaScriptAPI32.so (redirected from https://github.com/juliansader/ReaExtensions/raw/master/js_ReaScriptAPI/v0.971/reaper_js_ReaScriptAPI32.so)
Error prefetching https://github.com/juliansader/ReaExtensions/raw/master/js_ReaScriptAPI/v0.972/reaper_js_ReaScriptAPI32.dylib (redirected from https://github.com/juliansader/ReaExtensions/raw/master/js_ReaScriptAPI/v0.972/reaper_js_ReaScriptAPI32.dylib)
Error prefetching https://github.com/juliansader/ReaExtensions/raw/master/js_ReaScriptAPI/v0.972/reaper_js_ReaScriptAPI64.dylib (redirected from https://github.com/juliansader/ReaExtensions/raw/master/js_ReaScriptAPI/v0.972/reaper_js_ReaScriptAPI64.dylib)
Error prefetching https://github.com/juliansader/ReaExtensions/raw/master/js_ReaScriptAPI/v0.972/reaper_js_ReaScriptAPI32.dll (redirected from https://github.com/juliansader/ReaExtensions/raw/master/js_ReaScriptAPI/v0.972/reaper_js_ReaScriptAPI32.dll)
Error prefetching https://github.com/juliansader/ReaExtensions/raw/master/js_ReaScriptAPI/v0.972/reaper_js_ReaScriptAPI64.dll (redirected from https://github.com/juliansader/ReaExtensions/raw/master/js_ReaScriptAPI/v0.972/reaper_js_ReaScriptAPI64.dll)
Error prefetching https://github.com/juliansader/ReaExtensions/raw/master/js_ReaScriptAPI/v0.972/reaper_js_ReaScriptAPI32.so (redirected from https://github.com/juliansader/ReaExtensions/raw/master/js_ReaScriptAPI/v0.972/reaper_js_ReaScriptAPI32.so)
Error prefetching https://github.com/juliansader/ReaExtensions/raw/master/js_ReaScriptAPI/v0.972/reaper_js_ReaScriptAPI64.so (redirected from https://github.com/juliansader/ReaExtensions/raw/master/js_ReaScriptAPI/v0.972/reaper_js_ReaScriptAPI64.so)
Error prefetching https://github.com/juliansader/ReaExtensions/raw/master/js_ReaScriptAPI/v0.980/reaper_js_ReaScriptAPI64.dylib (redirected from https://github.com/juliansader/ReaExtensions/raw/master/js_ReaScriptAPI/v0.980/reaper_js_ReaScriptAPI64.dylib)
Error prefetching https://github.com/juliansader/ReaExtensions/raw/master/js_ReaScriptAPI/v0.980/reaper_js_ReaScriptAPI32.dylib (redirected from https://github.com/juliansader/ReaExtensions/raw/master/js_ReaScriptAPI/v0.980/reaper_js_ReaScriptAPI32.dylib)
Error prefetching https://github.com/juliansader/ReaExtensions/raw/master/js_ReaScriptAPI/v0.980/reaper_js_ReaScriptAPI32.dll (redirected from https://github.com/juliansader/ReaExtensions/raw/master/js_ReaScriptAPI/v0.980/reaper_js_ReaScriptAPI32.dll)
Error prefetching https://github.com/juliansader/ReaExtensions/raw/master/js_ReaScriptAPI/v0.980/reaper_js_ReaScriptAPI64.dll (redirected from https://github.com/juliansader/ReaExtensions/raw/master/js_ReaScriptAPI/v0.980/reaper_js_ReaScriptAPI64.dll)
Error prefetching https://github.com/juliansader/ReaExtensions/raw/master/js_ReaScriptAPI/v0.980/reaper_js_ReaScriptAPI32.dylib (redirected from https://github.com/juliansader/ReaExtensions/raw/master/js_ReaScriptAPI/v0.980/reaper_js_ReaScriptAPI32.dylib)
Error prefetching https://github.com/juliansader/ReaExtensions/raw/master/js_ReaScriptAPI/v0.980/reaper_js_ReaScriptAPI64.dylib (redirected from https://github.com/juliansader/ReaExtensions/raw/master/js_ReaScriptAPI/v0.980/reaper_js_ReaScriptAPI64.dylib)
Error prefetching https://github.com/juliansader/ReaExtensions/raw/master/js_ReaScriptAPI/v0.980/reaper_js_ReaScriptAPI32.so (redirected from https://github.com/juliansader/ReaExtensions/raw/master/js_ReaScriptAPI/v0.980/reaper_js_ReaScriptAPI32.so)
Error prefetching https://github.com/juliansader/ReaExtensions/raw/master/js_ReaScriptAPI/v0.980/reaper_js_ReaScriptAPI64.so (redirected from https://github.com/juliansader/ReaExtensions/raw/master/js_ReaScriptAPI/v0.980/reaper_js_ReaScriptAPI64.so)
Error prefetching https://github.com/juliansader/ReaExtensions/raw/master/js_ReaScriptAPI/v0.980/reaper_js_ReaScriptAPI32.dll (redirected from https://github.com/juliansader/ReaExtensions/raw/master/js_ReaScriptAPI/v0.980/reaper_js_ReaScriptAPI32.dll)
Error prefetching https://github.com/juliansader/ReaExtensions/raw/master/js_ReaScriptAPI/v0.980/reaper_js_ReaScriptAPI64.dll (redirected from https://github.com/juliansader/ReaExtensions/raw/master/js_ReaScriptAPI/v0.980/reaper_js_ReaScriptAPI64.dll)
Error prefetching https://github.com/juliansader/ReaExtensions/raw/master/js_ReaScriptAPI/v0.980/reaper_js_ReaScriptAPI32.so (redirected from https://github.com/juliansader/ReaExtensions/raw/master/js_ReaScriptAPI/v0.980/reaper_js_ReaScriptAPI32.so)
Error prefetching https://github.com/juliansader/ReaExtensions/raw/master/js_ReaScriptAPI/v0.980/reaper_js_ReaScriptAPI64.so (redirected from https://github.com/juliansader/ReaExtensions/raw/master/js_ReaScriptAPI/v0.980/reaper_js_ReaScriptAPI64.so)
Error prefetching https://github.com/juliansader/ReaExtensions/raw/master/js_ReaScriptAPI/v0.981/reaper_js_ReaScriptAPI32.dylib (redirected from https://github.com/juliansader/ReaExtensions/raw/master/js_ReaScriptAPI/v0.981/reaper_js_ReaScriptAPI32.dylib)
Error prefetching https://github.com/juliansader/ReaExtensions/raw/master/js_ReaScriptAPI/v0.981/reaper_js_ReaScriptAPI64.dylib (redirected from https://github.com/juliansader/ReaExtensions/raw/master/js_ReaScriptAPI/v0.981/reaper_js_ReaScriptAPI64.dylib)
Error prefetching https://github.com/juliansader/ReaExtensions/raw/master/js_ReaScriptAPI/v0.981/reaper_js_ReaScriptAPI32.dll (redirected from https://github.com/juliansader/ReaExtensions/raw/master/js_ReaScriptAPI/v0.981/reaper_js_ReaScriptAPI32.dll)
Error prefetching https://github.com/juliansader/ReaExtensions/raw/master/js_ReaScriptAPI/v0.981/reaper_js_ReaScriptAPI64.dll (redirected from https://github.com/juliansader/ReaExtensions/raw/master/js_ReaScriptAPI/v0.981/reaper_js_ReaScriptAPI64.dll)
Error prefetching https://github.com/juliansader/ReaExtensions/raw/master/js_ReaScriptAPI/v0.981/reaper_js_ReaScriptAPI32.so (redirected from https://github.com/juliansader/ReaExtensions/raw/master/js_ReaScriptAPI/v0.981/reaper_js_ReaScriptAPI32.so)
Error prefetching https://github.com/juliansader/ReaExtensions/raw/master/js_ReaScriptAPI/v0.981/reaper_js_ReaScriptAPI64.so (redirected from https://github.com/juliansader/ReaExtensions/raw/master/js_ReaScriptAPI/v0.981/reaper_js_ReaScriptAPI64.so)
Error prefetching https://github.com/juliansader/ReaExtensions/raw/master/js_ReaScriptAPI/v0.982/reaper_js_ReaScriptAPI64.dylib (redirected from https://github.com/juliansader/ReaExtensions/raw/master/js_ReaScriptAPI/v0.982/reaper_js_ReaScriptAPI64.dylib)
Error prefetching https://github.com/juliansader/ReaExtensions/raw/master/js_ReaScriptAPI/v0.982/reaper_js_ReaScriptAPI32.dylib (redirected from https://github.com/juliansader/ReaExtensions/raw/master/js_ReaScriptAPI/v0.982/reaper_js_ReaScriptAPI32.dylib)
Error prefetching https://github.com/juliansader/ReaExtensions/raw/master/js_ReaScriptAPI/v0.982/reaper_js_ReaScriptAPI32.dll (redirected from https://github.com/juliansader/ReaExtensions/raw/master/js_ReaScriptAPI/v0.982/reaper_js_ReaScriptAPI32.dll)
Error prefetching https://github.com/juliansader/ReaExtensions/raw/master/js_ReaScriptAPI/v0.982/reaper_js_ReaScriptAPI64.dll (redirected from https://github.com/juliansader/ReaExtensions/raw/master/js_ReaScriptAPI/v0.982/reaper_js_ReaScriptAPI64.dll)
Error prefetching https://github.com/juliansader/ReaExtensions/raw/master/js_ReaScriptAPI/v0.982/reaper_js_ReaScriptAPI64.so (redirected from https://github.com/juliansader/ReaExtensions/raw/master/js_ReaScriptAPI/v0.982/reaper_js_ReaScriptAPI64.so)
Error prefetching https://github.com/juliansader/ReaExtensions/raw/master/js_ReaScriptAPI/v0.982/reaper_js_ReaScriptAPI32.so (redirected from https://github.com/juliansader/ReaExtensions/raw/master/js_ReaScriptAPI/v0.982/reaper_js_ReaScriptAPI32.so)
Error prefetching https://github.com/juliansader/ReaExtensions/raw/master/js_ReaScriptAPI/v0.984/reaper_js_ReaScriptAPI32.dylib (redirected from https://github.com/juliansader/ReaExtensions/raw/master/js_ReaScriptAPI/v0.984/reaper_js_ReaScriptAPI32.dylib)
Error prefetching https://github.com/juliansader/ReaExtensions/raw/master/js_ReaScriptAPI/v0.984/reaper_js_ReaScriptAPI64.dylib (redirected from https://github.com/juliansader/ReaExtensions/raw/master/js_ReaScriptAPI/v0.984/reaper_js_ReaScriptAPI64.dylib)
Error prefetching https://github.com/juliansader/ReaExtensions/raw/master/js_ReaScriptAPI/v0.984/reaper_js_ReaScriptAPI32.dll (redirected from https://github.com/juliansader/ReaExtensions/raw/master/js_ReaScriptAPI/v0.984/reaper_js_ReaScriptAPI32.dll)
Error prefetching https://github.com/juliansader/ReaExtensions/raw/master/js_ReaScriptAPI/v0.984/reaper_js_ReaScriptAPI64.dll (redirected from https://github.com/juliansader/ReaExtensions/raw/master/js_ReaScriptAPI/v0.984/reaper_js_ReaScriptAPI64.dll)
Error prefetching https://github.com/juliansader/ReaExtensions/raw/master/js_ReaScriptAPI/v0.984/reaper_js_ReaScriptAPI32.so (redirected from https://github.com/juliansader/ReaExtensions/raw/master/js_ReaScriptAPI/v0.984/reaper_js_ReaScriptAPI32.so)
Error prefetching https://github.com/juliansader/ReaExtensions/raw/master/js_ReaScriptAPI/v0.984/reaper_js_ReaScriptAPI64.so (redirected from https://github.com/juliansader/ReaExtensions/raw/master/js_ReaScriptAPI/v0.984/reaper_js_ReaScriptAPI64.so)
Error prefetching https://github.com/juliansader/ReaExtensions/raw/master/js_ReaScriptAPI/v0.985/reaper_js_ReaScriptAPI32.dylib (redirected from https://github.com/juliansader/ReaExtensions/raw/master/js_ReaScriptAPI/v0.985/reaper_js_ReaScriptAPI32.dylib)
Error prefetching https://github.com/juliansader/ReaExtensions/raw/master/js_ReaScriptAPI/v0.985/reaper_js_ReaScriptAPI64.dylib (redirected from https://github.com/juliansader/ReaExtensions/raw/master/js_ReaScriptAPI/v0.985/reaper_js_ReaScriptAPI64.dylib)
Error prefetching https://github.com/juliansader/ReaExtensions/raw/master/js_ReaScriptAPI/v0.985/reaper_js_ReaScriptAPI32.dll (redirected from https://github.com/juliansader/ReaExtensions/raw/master/js_ReaScriptAPI/v0.985/reaper_js_ReaScriptAPI32.dll)
Error prefetching https://github.com/juliansader/ReaExtensions/raw/master/js_ReaScriptAPI/v0.985/reaper_js_ReaScriptAPI64.dll (redirected from https://github.com/juliansader/ReaExtensions/raw/master/js_ReaScriptAPI/v0.985/reaper_js_ReaScriptAPI64.dll)
Error prefetching https://github.com/juliansader/ReaExtensions/raw/master/js_ReaScriptAPI/v0.985/reaper_js_ReaScriptAPI32.so (redirected from https://github.com/juliansader/ReaExtensions/raw/master/js_ReaScriptAPI/v0.985/reaper_js_ReaScriptAPI32.so)
Error prefetching https://github.com/juliansader/ReaExtensions/raw/master/js_ReaScriptAPI/v0.985/reaper_js_ReaScriptAPI64.so (redirected from https://github.com/juliansader/ReaExtensions/raw/master/js_ReaScriptAPI/v0.985/reaper_js_ReaScriptAPI64.so)
Error prefetching https://github.com/juliansader/ReaExtensions/raw/master/js_ReaScriptAPI/v0.986/reaper_js_ReaScriptAPI32.dylib (redirected from https://github.com/juliansader/ReaExtensions/raw/master/js_ReaScriptAPI/v0.986/reaper_js_ReaScriptAPI32.dylib)
Error prefetching https://github.com/juliansader/ReaExtensions/raw/master/js_ReaScriptAPI/v0.986/reaper_js_ReaScriptAPI64.dylib (redirected from https://github.com/juliansader/ReaExtensions/raw/master/js_ReaScriptAPI/v0.986/reaper_js_ReaScriptAPI64.dylib)
Error prefetching https://github.com/juliansader/ReaExtensions/raw/master/js_ReaScriptAPI/v0.986/reaper_js_ReaScriptAPI32.dll (redirected from https://github.com/juliansader/ReaExtensions/raw/master/js_ReaScriptAPI/v0.986/reaper_js_ReaScriptAPI32.dll)
Error prefetching https://github.com/juliansader/ReaExtensions/raw/master/js_ReaScriptAPI/v0.986/reaper_js_ReaScriptAPI64.dll (redirected from https://github.com/juliansader/ReaExtensions/raw/master/js_ReaScriptAPI/v0.986/reaper_js_ReaScriptAPI64.dll)
Error prefetching https://github.com/juliansader/ReaExtensions/raw/master/js_ReaScriptAPI/v0.986/reaper_js_ReaScriptAPI64.so (redirected from https://github.com/juliansader/ReaExtensions/raw/master/js_ReaScriptAPI/v0.986/reaper_js_ReaScriptAPI64.so)
Error prefetching https://github.com/juliansader/ReaExtensions/raw/master/js_ReaScriptAPI/v0.986/reaper_js_ReaScriptAPI32.so (redirected from https://github.com/juliansader/ReaExtensions/raw/master/js_ReaScriptAPI/v0.986/reaper_js_ReaScriptAPI32.so)
Error prefetching https://github.com/juliansader/ReaExtensions/raw/master/js_ReaScriptAPI/v0.987/reaper_js_ReaScriptAPI32.dylib (redirected from https://github.com/juliansader/ReaExtensions/raw/master/js_ReaScriptAPI/v0.987/reaper_js_ReaScriptAPI32.dylib)
Error prefetching https://github.com/juliansader/ReaExtensions/raw/master/js_ReaScriptAPI/v0.987/reaper_js_ReaScriptAPI64.dylib (redirected from https://github.com/juliansader/ReaExtensions/raw/master/js_ReaScriptAPI/v0.987/reaper_js_ReaScriptAPI64.dylib)
Error prefetching https://github.com/juliansader/ReaExtensions/raw/master/js_ReaScriptAPI/v0.987/reaper_js_ReaScriptAPI32.dll (redirected from https://github.com/juliansader/ReaExtensions/raw/master/js_ReaScriptAPI/v0.987/reaper_js_ReaScriptAPI32.dll)
Error prefetching https://github.com/juliansader/ReaExtensions/raw/master/js_ReaScriptAPI/v0.987/reaper_js_ReaScriptAPI64.dll (redirected from https://github.com/juliansader/ReaExtensions/raw/master/js_ReaScriptAPI/v0.987/reaper_js_ReaScriptAPI64.dll)
Error prefetching https://github.com/juliansader/ReaExtensions/raw/master/js_ReaScriptAPI/v0.987/reaper_js_ReaScriptAPI32.so (redirected from https://github.com/juliansader/ReaExtensions/raw/master/js_ReaScriptAPI/v0.987/reaper_js_ReaScriptAPI32.so)
Error prefetching https://github.com/juliansader/ReaExtensions/raw/master/js_ReaScriptAPI/v0.987/reaper_js_ReaScriptAPI64.so (redirected from https://github.com/juliansader/ReaExtensions/raw/master/js_ReaScriptAPI/v0.987/reaper_js_ReaScriptAPI64.so)
Error prefetching https://github.com/juliansader/ReaExtensions/raw/master/js_ReaScriptAPI/v0.988/reaper_js_ReaScriptAPI32.dylib (redirected from https://github.com/juliansader/ReaExtensions/raw/master/js_ReaScriptAPI/v0.988/reaper_js_ReaScriptAPI32.dylib)
Error prefetching https://github.com/juliansader/ReaExtensions/raw/master/js_ReaScriptAPI/v0.988/reaper_js_ReaScriptAPI32.dll (redirected from https://github.com/juliansader/ReaExtensions/raw/master/js_ReaScriptAPI/v0.988/reaper_js_ReaScriptAPI32.dll)
Error prefetching https://github.com/juliansader/ReaExtensions/raw/master/js_ReaScriptAPI/v0.988/reaper_js_ReaScriptAPI64.dylib (redirected from https://github.com/juliansader/ReaExtensions/raw/master/js_ReaScriptAPI/v0.988/reaper_js_ReaScriptAPI64.dylib)
Error prefetching https://github.com/juliansader/ReaExtensions/raw/master/js_ReaScriptAPI/v0.988/reaper_js_ReaScriptAPI64.dll (redirected from https://github.com/juliansader/ReaExtensions/raw/master/js_ReaScriptAPI/v0.988/reaper_js_ReaScriptAPI64.dll)
Error prefetching https://github.com/juliansader/ReaExtensions/raw/master/js_ReaScriptAPI/v0.988/reaper_js_ReaScriptAPI32.so (redirected from https://github.com/juliansader/ReaExtensions/raw/master/js_ReaScriptAPI/v0.988/reaper_js_ReaScriptAPI32.so)
Error prefetching https://github.com/juliansader/ReaExtensions/raw/master/js_ReaScriptAPI/v0.989/reaper_js_ReaScriptAPI32.dylib (redirected from https://github.com/juliansader/ReaExtensions/raw/master/js_ReaScriptAPI/v0.989/reaper_js_ReaScriptAPI32.dylib)
Error prefetching https://github.com/juliansader/ReaExtensions/raw/master/js_ReaScriptAPI/v0.988/reaper_js_ReaScriptAPI64.so (redirected from https://github.com/juliansader/ReaExtensions/raw/master/js_ReaScriptAPI/v0.988/reaper_js_ReaScriptAPI64.so)
Error prefetching https://github.com/juliansader/ReaExtensions/raw/master/js_ReaScriptAPI/v0.989/reaper_js_ReaScriptAPI64.dylib (redirected from https://github.com/juliansader/ReaExtensions/raw/master/js_ReaScriptAPI/v0.989/reaper_js_ReaScriptAPI64.dylib)
Error prefetching https://github.com/juliansader/ReaExtensions/raw/master/js_ReaScriptAPI/v0.989/reaper_js_ReaScriptAPI32.dll (redirected from https://github.com/juliansader/ReaExtensions/raw/master/js_ReaScriptAPI/v0.989/reaper_js_ReaScriptAPI32.dll)
Error prefetching https://github.com/juliansader/ReaExtensions/raw/master/js_ReaScriptAPI/v0.989/reaper_js_ReaScriptAPI64.dll (redirected from https://github.com/juliansader/ReaExtensions/raw/master/js_ReaScriptAPI/v0.989/reaper_js_ReaScriptAPI64.dll)
Error prefetching https://github.com/juliansader/ReaExtensions/raw/master/js_ReaScriptAPI/v0.989/reaper_js_ReaScriptAPI32.so (redirected from https://github.com/juliansader/ReaExtensions/raw/master/js_ReaScriptAPI/v0.989/reaper_js_ReaScriptAPI32.so)
Error prefetching https://github.com/juliansader/ReaExtensions/raw/master/js_ReaScriptAPI/v0.989/reaper_js_ReaScriptAPI64.so (redirected from https://github.com/juliansader/ReaExtensions/raw/master/js_ReaScriptAPI/v0.989/reaper_js_ReaScriptAPI64.so)
Error prefetching https://github.com/juliansader/ReaExtensions/raw/master/js_ReaScriptAPI/v0.994/reaper_js_ReaScriptAPI32.dylib (redirected from https://github.com/juliansader/ReaExtensions/raw/master/js_ReaScriptAPI/v0.994/reaper_js_ReaScriptAPI32.dylib)
Error prefetching https://github.com/juliansader/ReaExtensions/raw/master/js_ReaScriptAPI/v0.994/reaper_js_ReaScriptAPI64.dylib (redirected from https://github.com/juliansader/ReaExtensions/raw/master/js_ReaScriptAPI/v0.994/reaper_js_ReaScriptAPI64.dylib)
Error prefetching https://github.com/juliansader/ReaExtensions/raw/master/js_ReaScriptAPI/v0.994/reaper_js_ReaScriptAPI32.dll (redirected from https://github.com/juliansader/ReaExtensions/raw/master/js_ReaScriptAPI/v0.994/reaper_js_ReaScriptAPI32.dll)
Error prefetching https://github.com/juliansader/ReaExtensions/raw/master/js_ReaScriptAPI/v0.994/reaper_js_ReaScriptAPI64.dll (redirected from https://github.com/juliansader/ReaExtensions/raw/master/js_ReaScriptAPI/v0.994/reaper_js_ReaScriptAPI64.dll)
Error prefetching https://github.com/juliansader/ReaExtensions/raw/master/js_ReaScriptAPI/v0.994/reaper_js_ReaScriptAPI32.so (redirected from https://github.com/juliansader/ReaExtensions/raw/master/js_ReaScriptAPI/v0.994/reaper_js_ReaScriptAPI32.so)
Error prefetching https://github.com/juliansader/ReaExtensions/raw/master/js_ReaScriptAPI/v0.994/reaper_js_ReaScriptAPI64.so (redirected from https://github.com/juliansader/ReaExtensions/raw/master/js_ReaScriptAPI/v0.994/reaper_js_ReaScriptAPI64.so)
Error prefetching https://github.com/juliansader/ReaExtensions/raw/master/js_ReaScriptAPI/v1.217/reaper_js_ReaScriptAPI32.dylib (redirected from https://github.com/juliansader/ReaExtensions/raw/master/js_ReaScriptAPI/v1.217/reaper_js_ReaScriptAPI32.dylib)
Error prefetching https://github.com/brummbrum/reaKontrol/releases/download/v1.00/reakontrol_EXAMPLE.ini (redirected from https://github.com/brummbrum/reaKontrol/releases/download/v1.00/reakontrol_EXAMPLE.ini)
Error prefetching https://github.com/ak5k/reallm/releases/download/0.6.1/reaper_reallm-i386.dylib (redirected from https://github.com/ak5k/reallm/releases/download/0.6.1/reaper_reallm-i386.dylib)
Error prefetching https://raw.githubusercontent.com/TukanStudios/TUKAN_STUDIOS_PLUGINS/main/D%23-Treasure%20(Tukan) (redirected from https://raw.githubusercontent.com/TukanStudios/TUKAN_STUDIOS_PLUGINS/main/D%23-Treasure%20(Tukan))
Error prefetching https://raw.githubusercontent.com/TukanStudios/TUKAN_STUDIOS_PLUGINS/main/V1-1/ExpGate%25202%2520%28Tukan%2911.png (redirected from https://raw.githubusercontent.com/TukanStudios/TUKAN_STUDIOS_PLUGINS/main//V1-1/ExpGate%202%20(Tukan)11.png)
Error prefetching https://raw.githubusercontent.com/TukanStudios/TUKAN_STUDIOS_PLUGINS/main/V1-1/ExpGate%25202%2520%28Tukan%29.png (redirected from https://raw.githubusercontent.com/TukanStudios/TUKAN_STUDIOS_PLUGINS/main//V1-1/ExpGate%202%20(Tukan).png)
Error prefetching https://raw.githubusercontent.com/TukanStudios/TUKAN_STUDIOS_PLUGINS/main/V0-0/LA-1A%20(Tukan) (redirected from https://raw.githubusercontent.com/TukanStudios/TUKAN_STUDIOS_PLUGINS/main/V0-0/LA-1A%20(Tukan))
Error prefetching https://raw.githubusercontent.com/TukanStudios/TUKAN_STUDIOS_PLUGINS/main/V0-0/Delaymachine2%20(Tukan).png (redirected from https://raw.githubusercontent.com/TukanStudios/TUKAN_STUDIOS_PLUGINS/main/V0-0/Delaymachine2%20(Tukan).png)
Error prefetching https://raw.githubusercontent.com/AmelianceSkyMusic/ASM_Reaper_scripts/28e3c8ce7e9990d47ab343f515d003dc26ea68b2/SEPARATES/%E2%80%A2%E2%80%A2%E2%80%A2%E2%80%A2%E2%80%A2%E2%80%A2%E2%80%A2%E2%80%A2%E2%80%A2%E2%80%A2%E2%80%A2%E2%80%A2%E2%80%A2%E2%80%A2%E2%80%A2%E2%80%A2%E2%80%A2%E2%80%A2%E2%80%A2%E2%80%A2%E2%80%A2%E2%80%A2%E2%80%A2%E2%80%A2%E2%80%A2%E2%80%A2%E2%80%A2%E2%80%A2%E2%80%A2%E2%80%A2%E2%80%A2%E2%80%A2%E2%80%A2%E2%80%A2%E2%80%A2%E2%80%A2%E2%80%A2%E2%80%A2%E2%80%A2%E2%80%A2%E2%80%A2%E2%80%A2%E2%80%A2%E2%80%A2%E2%80%A2%E2%80%A2%E2%80%A2%E2%80%A2%E2%80%A2%E2%80%A2%E2%80%A2%E2%80%A2%E2%80%A2%E2%80%A2%E2%80%A2%E2%80%A2%E2%80%A2%E2%80%A2%E2%80%A2%E2%80%A2.lua (redirected from https://github.com/AmelianceSkyMusic/ASM_Reaper_scripts/raw/28e3c8ce7e9990d47ab343f515d003dc26ea68b2/SEPARATES/%E2%80%A2%E2%80%A2%E2%80%A2%E2%80%A2%E2%80%A2%E2%80%A2%E2%80%A2%E2%80%A2%E2%80%A2%E2%80%A2%E2%80%A2%E2%80%A2%E2%80%A2%E2%80%A2%E2%80%A2%E2%80%A2%E2%80%A2%E2%80%A2%E2%80%A2%E2%80%A2%E2%80%A2%E2%80%A2%E2%80%A2%E2%80%A2%E2%80%A2%E2%80%A2%E2%80%A2%E2%80%A2%E2%80%A2%E2%80%A2%E2%80%A2%E2%80%A2%E2%80%A2%E2%80%A2%E2%80%A2%E2%80%A2%E2%80%A2%E2%80%A2%E2%80%A2%E2%80%A2%E2%80%A2%E2%80%A2%E2%80%A2%E2%80%A2%E2%80%A2%E2%80%A2%E2%80%A2%E2%80%A2%E2%80%A2%E2%80%A2%E2%80%A2%E2%80%A2%E2%80%A2%E2%80%A2%E2%80%A2%E2%80%A2%E2%80%A2%E2%80%A2%E2%80%A2%E2%80%A2.lua)
Error prefetching https://github.com/JoepVanlier/JSFX/raw/5989519d5e13880fe49fa56b6b34dd7147376a9d/saike_midi_arp/midi_arp_dependencies/saike_arp_midi_handling.jsfx-inc (redirected from https://github.com/JoepVanlier/JSFX/raw/5989519d5e13880fe49fa56b6b34dd7147376a9d/saike_midi_arp/midi_arp_dependencies/saike_arp_midi_handling.jsfx-inc)
Error prefetching https://github.com/JoepVanlier/JSFX/raw/5989519d5e13880fe49fa56b6b34dd7147376a9d/saike_midi_arp/midi_arp_dependencies/saike_midi_arp_gfx_funcs.jsfx-inc (redirected from https://github.com/JoepVanlier/JSFX/raw/5989519d5e13880fe49fa56b6b34dd7147376a9d/saike_midi_arp/midi_arp_dependencies/saike_midi_arp_gfx_funcs.jsfx-inc)
Error prefetching https://github.com/JoepVanlier/JSFX/raw/5989519d5e13880fe49fa56b6b34dd7147376a9d/saike_midi_arp/midi_arp_dependencies/saike_midi_arp_pattern_handling.jsfx-inc (redirected from https://github.com/JoepVanlier/JSFX/raw/5989519d5e13880fe49fa56b6b34dd7147376a9d/saike_midi_arp/midi_arp_dependencies/saike_midi_arp_pattern_handling.jsfx-inc)
Error prefetching https://github.com/helgoboss/helgobox-app-dist/releases/download/v0.22.0/helgobox-app-linux-arm64.tar.zst (redirected from https://github.com/helgoboss/helgobox-app-dist/releases/download/v0.22.0/helgobox-app-linux-arm64.tar.zst)
Error prefetching https://github.com/helgoboss/helgobox-app-dist/releases/download/v0.21.0/helgobox-app-linux-arm64.tar.zst (redirected from https://github.com/helgoboss/helgobox-app-dist/releases/download/v0.21.0/helgobox-app-linux-arm64.tar.zst)
Error prefetching https://github.com/helgoboss/helgobox/releases/download/v2.13.0-pre-13/realearn-windows-x86_64.dll (redirected from https://github.com/helgoboss/helgobox/releases/download/v2.13.0-pre-13/realearn-windows-x86_64.dll)
Error prefetching https://github.com/helgoboss/helgobox/releases/download/v2.13.0-pre-13/realearn-macos-x86_64.vst.dylib (redirected from https://github.com/helgoboss/helgobox/releases/download/v2.13.0-pre-13/realearn-macos-x86_64.vst.dylib)
Error prefetching https://github.com/helgoboss/helgobox/releases/download/v2.13.0-pre-13/realearn-linux-x86_64.so (redirected from https://github.com/helgoboss/helgobox/releases/download/v2.13.0-pre-13/realearn-linux-x86_64.so)
Error prefetching https://github.com/helgoboss/helgobox/releases/download/v2.13.0-pre-13/realearn-user-guide.pdf (redirected from https://github.com/helgoboss/helgobox/releases/download/v2.13.0-pre-13/realearn-user-guide.pdf)
Error prefetching https://github.com/helgoboss/helgobox/releases/download/v2.13.0-pre-13/realearn-user-guide.pdf (redirected from https://github.com/helgoboss/helgobox/releases/download/v2.13.0-pre-13/realearn-user-guide.pdf)
Error prefetching https://github.com/helgoboss/helgobox/releases/download/v2.13.0-pre-13/realearn-user-guide.pdf (redirected from https://github.com/helgoboss/helgobox/releases/download/v2.13.0-pre-13/realearn-user-guide.pdf)
Error prefetching https://github.com/helgoboss/helgobox/releases/download/v2.13.0-pre-13/realearn-user-guide.pdf (redirected from https://github.com/helgoboss/helgobox/releases/download/v2.13.0-pre-13/realearn-user-guide.pdf)
Error prefetching https://github.com/helgoboss/helgobox/releases/download/v2.13.0-pre-13/realearn-macos-aarch64.vst.dylib (redirected from https://github.com/helgoboss/helgobox/releases/download/v2.13.0-pre-13/realearn-macos-aarch64.vst.dylib)
Error prefetching https://github.com/helgoboss/helgobox/releases/download/v2.13.0-pre-13/realearn-user-guide.pdf (redirected from https://github.com/helgoboss/helgobox/releases/download/v2.13.0-pre-13/realearn-user-guide.pdf)
Error prefetching https://github.com/helgoboss/helgobox/releases/download/v2.13.0-pre-13/realearn-linux-aarch64.so (redirected from https://github.com/helgoboss/helgobox/releases/download/v2.13.0-pre-13/realearn-linux-aarch64.so)
Error prefetching https://github.com/helgoboss/helgobox/releases/download/v2.9.0-pre.9/realearn-windows-x86_64.dll (redirected from https://github.com/helgoboss/helgobox/releases/download/v2.9.0-pre.9/realearn-windows-x86_64.dll)
Error prefetching https://github.com/helgoboss/helgobox/releases/download/v2.9.0-pre.9/realearn-macos-x86_64.vst.dylib (redirected from https://github.com/helgoboss/helgobox/releases/download/v2.9.0-pre.9/realearn-macos-x86_64.vst.dylib)
Error prefetching https://github.com/helgoboss/helgobox/releases/download/v2.9.0-pre.9/realearn-linux-x86_64.so (redirected from https://github.com/helgoboss/helgobox/releases/download/v2.9.0-pre.9/realearn-linux-x86_64.so)
Error prefetching https://github.com/helgoboss/helgobox/releases/download/v2.9.0-pre.9/realearn-user-guide.pdf (redirected from https://github.com/helgoboss/helgobox/releases/download/v2.9.0-pre.9/realearn-user-guide.pdf)
Error prefetching https://github.com/helgoboss/helgobox/releases/download/v2.9.0-pre.9/realearn-user-guide.pdf (redirected from https://github.com/helgoboss/helgobox/releases/download/v2.9.0-pre.9/realearn-user-guide.pdf)
Error prefetching https://github.com/helgoboss/helgobox/releases/download/v2.9.0-pre.9/realearn-user-guide.pdf (redirected from https://github.com/helgoboss/helgobox/releases/download/v2.9.0-pre.9/realearn-user-guide.pdf)
Error prefetching https://github.com/helgoboss/helgobox/releases/download/v2.9.0-pre.9/realearn-user-guide.pdf (redirected from https://github.com/helgoboss/helgobox/releases/download/v2.9.0-pre.9/realearn-user-guide.pdf)
Error prefetching https://github.com/helgoboss/helgobox/releases/download/v2.9.0-pre.9/realearn-macos-aarch64.vst.dylib (redirected from https://github.com/helgoboss/helgobox/releases/download/v2.9.0-pre.9/realearn-macos-aarch64.vst.dylib)
Error prefetching https://github.com/helgoboss/helgobox/releases/download/v1.12.0-pre4/realearn-linux-x86_64.so (redirected from https://github.com/helgoboss/helgobox/releases/download/v1.12.0-pre4/realearn-linux-x86_64.so)
Error prefetching https://github.com/helgoboss/helgobox/releases/download/v2.13.0-pre-13/realearn-windows-i686.dll (redirected from https://github.com/helgoboss/helgobox/releases/download/v2.13.0-pre-13/realearn-windows-i686.dll)
Error prefetching https://github.com/helgoboss/helgobox/releases/download/v2.13.0-pre-13/realearn-user-guide.pdf (redirected from https://github.com/helgoboss/helgobox/releases/download/v2.13.0-pre-13/realearn-user-guide.pdf)
Error prefetching https://github.com/helgoboss/helgobox/releases/download/v2.13.0-pre-13/realearn-user-guide.pdf (redirected from https://github.com/helgoboss/helgobox/releases/download/v2.13.0-pre-13/realearn-user-guide.pdf)
Error prefetching https://github.com/helgoboss/helgobox/releases/download/v2.13.0-pre-13/realearn-linux-armv7.so (redirected from https://github.com/helgoboss/helgobox/releases/download/v2.13.0-pre-13/realearn-linux-armv7.so)
Error prefetching https://github.com/helgoboss/helgobox/releases/download/v2.9.0-pre.9/realearn-windows-i686.dll (redirected from https://github.com/helgoboss/helgobox/releases/download/v2.9.0-pre.9/realearn-windows-i686.dll)
Error prefetching https://github.com/helgoboss/helgobox/releases/download/v2.9.0-pre.9/realearn-user-guide.pdf (redirected from https://github.com/helgoboss/helgobox/releases/download/v2.9.0-pre.9/realearn-user-guide.pdf)
Error prefetching https://github.com/ReaTeam/ReaScripts/raw/81951ca3a88cdff4d9f58c36c2cad66197900abe/MIDI%20Editor/Lokasenna_Pedal%20Steel/range_B1-A (redirected from https://github.com/ReaTeam/ReaScripts/raw/81951ca3a88cdff4d9f58c36c2cad66197900abe/MIDI%20Editor/Lokasenna_Pedal%20Steel/range_B1-A)
Error prefetching https://github.com/ReaTeam/ReaScripts/raw/81951ca3a88cdff4d9f58c36c2cad66197900abe/MIDI%20Editor/Lokasenna_Pedal%20Steel/range_D (redirected from https://github.com/ReaTeam/ReaScripts/raw/81951ca3a88cdff4d9f58c36c2cad66197900abe/MIDI%20Editor/Lokasenna_Pedal%20Steel/range_D)
Error prefetching https://github.com/ReaTeam/ReaScripts/raw/81951ca3a88cdff4d9f58c36c2cad66197900abe/MIDI%20Editor/Lokasenna_Pedal%20Steel/range_D2-C (redirected from https://github.com/ReaTeam/ReaScripts/raw/81951ca3a88cdff4d9f58c36c2cad66197900abe/MIDI%20Editor/Lokasenna_Pedal%20Steel/range_D2-C)
Error prefetching https://github.com/ReaTeam/ReaScripts/raw/81951ca3a88cdff4d9f58c36c2cad66197900abe/MIDI%20Editor/Lokasenna_Pedal%20Steel/range_E2-D (redirected from https://github.com/ReaTeam/ReaScripts/raw/81951ca3a88cdff4d9f58c36c2cad66197900abe/MIDI%20Editor/Lokasenna_Pedal%20Steel/range_E2-D)
Error prefetching https://github.com/ReaTeam/ReaScripts/raw/81951ca3a88cdff4d9f58c36c2cad66197900abe/MIDI%20Editor/Lokasenna_Pedal%20Steel/range_F (redirected from https://github.com/ReaTeam/ReaScripts/raw/81951ca3a88cdff4d9f58c36c2cad66197900abe/MIDI%20Editor/Lokasenna_Pedal%20Steel/range_F)
Error prefetching https://github.com/ReaTeam/ReaScripts/raw/81951ca3a88cdff4d9f58c36c2cad66197900abe/MIDI%20Editor/Lokasenna_Pedal%20Steel/range_F (redirected from https://github.com/ReaTeam/ReaScripts/raw/81951ca3a88cdff4d9f58c36c2cad66197900abe/MIDI%20Editor/Lokasenna_Pedal%20Steel/range_F)
Error prefetching https://github.com/ReaTeam/ReaScripts/raw/81951ca3a88cdff4d9f58c36c2cad66197900abe/MIDI%20Editor/Lokasenna_Pedal%20Steel/range_G (redirected from https://github.com/ReaTeam/ReaScripts/raw/81951ca3a88cdff4d9f58c36c2cad66197900abe/MIDI%20Editor/Lokasenna_Pedal%20Steel/range_G)
Error prefetching https://github.com/ReaTeam/ReaScripts/raw/81951ca3a88cdff4d9f58c36c2cad66197900abe/MIDI%20Editor/Lokasenna_Pedal%20Steel/range_G (redirected from https://github.com/ReaTeam/ReaScripts/raw/81951ca3a88cdff4d9f58c36c2cad66197900abe/MIDI%20Editor/Lokasenna_Pedal%20Steel/range_G)
Error prefetching https://github.com/ReaTeam/ReaScripts/raw/30ade072c2b737e08ed58048b932c606c978fe20/MIDI%20Editor/Lokasenna_Pedal%20Steel/range_B1-A (redirected from https://github.com/ReaTeam/ReaScripts/raw/30ade072c2b737e08ed58048b932c606c978fe20/MIDI%20Editor/Lokasenna_Pedal%20Steel/range_B1-A)
Error prefetching https://github.com/ReaTeam/ReaScripts/raw/30ade072c2b737e08ed58048b932c606c978fe20/MIDI%20Editor/Lokasenna_Pedal%20Steel/range_D (redirected from https://github.com/ReaTeam/ReaScripts/raw/30ade072c2b737e08ed58048b932c606c978fe20/MIDI%20Editor/Lokasenna_Pedal%20Steel/range_D)
Error prefetching https://github.com/ReaTeam/ReaScripts/raw/30ade072c2b737e08ed58048b932c606c978fe20/MIDI%20Editor/Lokasenna_Pedal%20Steel/range_D2-C (redirected from https://github.com/ReaTeam/ReaScripts/raw/30ade072c2b737e08ed58048b932c606c978fe20/MIDI%20Editor/Lokasenna_Pedal%20Steel/range_D2-C)
Error prefetching https://github.com/ReaTeam/ReaScripts/raw/30ade072c2b737e08ed58048b932c606c978fe20/MIDI%20Editor/Lokasenna_Pedal%20Steel/range_E2-D (redirected from https://github.com/ReaTeam/ReaScripts/raw/30ade072c2b737e08ed58048b932c606c978fe20/MIDI%20Editor/Lokasenna_Pedal%20Steel/range_E2-D)
Error prefetching https://github.com/ReaTeam/ReaScripts/raw/30ade072c2b737e08ed58048b932c606c978fe20/MIDI%20Editor/Lokasenna_Pedal%20Steel/range_F (redirected from https://github.com/ReaTeam/ReaScripts/raw/30ade072c2b737e08ed58048b932c606c978fe20/MIDI%20Editor/Lokasenna_Pedal%20Steel/range_F)
Error prefetching https://github.com/ReaTeam/ReaScripts/raw/30ade072c2b737e08ed58048b932c606c978fe20/MIDI%20Editor/Lokasenna_Pedal%20Steel/range_F (redirected from https://github.com/ReaTeam/ReaScripts/raw/30ade072c2b737e08ed58048b932c606c978fe20/MIDI%20Editor/Lokasenna_Pedal%20Steel/range_F)
Error prefetching https://github.com/ReaTeam/ReaScripts/raw/30ade072c2b737e08ed58048b932c606c978fe20/MIDI%20Editor/Lokasenna_Pedal%20Steel/range_G (redirected from https://github.com/ReaTeam/ReaScripts/raw/30ade072c2b737e08ed58048b932c606c978fe20/MIDI%20Editor/Lokasenna_Pedal%20Steel/range_G)
Error prefetching https://github.com/ReaTeam/ReaScripts/raw/30ade072c2b737e08ed58048b932c606c978fe20/MIDI%20Editor/Lokasenna_Pedal%20Steel/range_G (redirected from https://github.com/ReaTeam/ReaScripts/raw/30ade072c2b737e08ed58048b932c606c978fe20/MIDI%20Editor/Lokasenna_Pedal%20Steel/range_G)
Error prefetching https://uc1eb7e187e07b4648a1bcdc599d.dl.dropboxusercontent.com/cd/0/inline2/Cr7ncCwx9QwrmYbcishFCp0o6pBluMu1-u4T9owteCgmaMKbNtb48v-Y-vfO1g0gsc_fw79DQEBExxsfRLnx5IfoBW2iHQ8kmoM7InEyudfPK6Z9sE_LWm5JxNFaXQV8yJztTjDlYx8ChuHa-XfN9sRLfSDVEkj4PMHnpISEPpA6gYTmfAwyK8Eb_Dm3FkxLPhM3FzeQV431FkSwUGPY9GR7-OErKa-Eyid8mYW79ZVqZT-RN1Nfrl8BMWVRW7jG2cMl3s2XODDNbDa6334MUoaKhG4kk0oHE9AuqqM0F9v2KL9Am65Zo9u2cJa29NNBnkoYnwK-L0V5eeD4SuszQ4hTL18srBO2_ZsKmuuUNlqidTWUL0fsR_Nc3xs2goTY9AY/file?dl=1 (redirected from https://www.dropbox.com/s/nyrrt3h64u0gojw/7za.exe?dl=1)
Error prefetching https://ucf23e6f43290a3613b79bfffb9a.dl.dropboxusercontent.com/cd/0/inline2/Cr71J3_AkcejCt6oCGF2fqLWOMVgfXxxj5dgJpcN86fc_9j8EeJRRbOFxNu7B8I9f2o_M5zBSSr_ZNW5E4RTk_mT5Zl6209p0hZBR2W4nYDnVo6woY1s76KwVdBZ9gBdj6M6CaWUaKYlsXbi_c5f-zrjp8-f6-JEwwA2ItK_w3NNIigZduKwKrxaBtExqd0eB5XE7VdHEyGF42tJbezGswTgem8LcrpVxPg6R6xn2Lv0FGFtBKi6Ved4l1PNQIQSvkliDGvMAywT1RsjNam25G1037FF-14vhyoaU32wbzWP0O6sM6ih7s3wkLZZ_VLXQCp9a_LrzqGJ54amX9n3z2e_W5Dx3I8Vpu-3IjI409oyRtejHSK6OvlUzYTNcforEeY/file?dl=1 (redirected from https://www.dropbox.com/s/nyrrt3h64u0gojw/7za.exe?dl=1)
Error prefetching https://uc10902f500b62dc244824ffa579.dl.dropboxusercontent.com/cd/0/inline2/Cr6Mv5du3LsYlniLQYPAtpEd0NMWk5n2xEJAfNhfC_7YW4elPkKvjOJ347MqWb2aQku4ccxeia5NDT-Zxbhl66XQGnGnFatR3cmnysRYJG6PrCVt9EUUGxngHLuYgASasI8BjSt4l9vLqBcyM-Hs_gnNT-jhxSadCU_LyenkJUtK4PJw8bS7RpRz4chlf_VzJ6gW_VH1sARvnTDebBbMMI92NZn3noFz50u0j78_Cal7Y0hQTLvgBkCyYHdNrTZBOBcf5SqbHGCIfi2b8pgSfbSuuNvzQnR_dRk9ghlG9prYfjN6ZjyRx9hNZR2xaKwHOqtsxlTMZWymt3DW8CWAsEAdvCjYaH2kHCD7tNisKLTM2-bJnpRW2XKYScvaqUgc16U/file?dl=1 (redirected from https://www.dropbox.com/s/nyrrt3h64u0gojw/7za.exe?dl=1)
Error prefetching https://uc1fe8c4373c0acd8f67b18d2e27.dl.dropboxusercontent.com/cd/0/inline2/Cr434bkhjeuitf6wNUIEis5Orkffztnul6dQgetBUWMi8yb0gyo-ALZMrM7qk4S0miI7kh9YLS5wZqp1HQgqjgue2WoJe0dGwnZ3ImDffmk6cOcS43r6qTGT-fHgsXEVBIvcl4DfXNGD7HCnICoIliDukz0k96CaTKJKyVTwCwHCMvBgipBYZkhrY5b4ZVcLVpKqujnWPfp3T37Vw8lqMhibGv7PZk9_WR5ahs4v2UQ0WrnR-YcJuQAAdec6--MLAk8VfFGX7bwBx9n4ld-uW5DDaIytvc5GJXZeqPs7MeRE1ofldqIBAqg-XWP6b30rCi_4KvBrQ6c8hoHlOLwQox-ny-v1s-6l-3kq5xj1WVnvviSNsMF_rM8eoAOHdWFVw5c/file?dl=1 (redirected from https://www.dropbox.com/s/nyrrt3h64u0gojw/7za.exe?dl=1)
Error prefetching https://uca46756a67569dd286a8adc9063.dl.dropboxusercontent.com/cd/0/inline2/Cr4r3XQz-j1jAks2neOlc8FuptsMZ8lTiP-ffg7GXgxU9AR5KtjuwrcR8cO02LElUYfB3XGsSrlYrc_4qqpj5HOPcFYAj0nm-P7yb1bafMwfr-YS99kwK8X9J9gTpzMiAjNHkhahH0enFJqGzsoJL9Kzi6nqTxGvKqXdV9IRePZgwYdz97Fi4RLAmfRzva9pC1qbke-2AU7BzDHZWt0H24bx0W5goPOzFJztDDOkc2U1jXETT8I4LbTVcOepKFy6pMP3726CWYkq8vyZlr51Z1w0SBLTVxM1r_4UfxTeRfAjfdRK3IWyCuZpxu9QkLgHki38I2XNEiTSomudfzrs7tc3UwW2i8lD_Pk0M__jl1F97t-Cr8pgrLjKd1duntRDbNI/file?dl=1 (redirected from https://www.dropbox.com/s/nyrrt3h64u0gojw/7za.exe?dl=1)
Error prefetching https://uc9b94a9ae7dda70bc0f0a67f392.dl.dropboxusercontent.com/cd/0/inline2/Cr5svAZZFTuHWcmEuWVFxjJfdfnkDCk7_MIyU-KWuGFDMc9h_gN9ZIJdoCyCiZO5gZvfB5gkP4rrFBfC-6N8wkkQxnfymXyoCHfxe8wZLC9_extZrkXWdiVd2-PJG2XeXK09YY19b4W_JWm67WYlu1PYHlrhfksIpRU5Y6h_P7ZfBdhYod6hyosZ1kzopPAiFvdEVC8auT3kRM_zL4BpWcd4zQHz5ywfLZAYO0qMF_IS4gcTH697hBkAknDFrLWSAsTfzebePGnvIC2MV-iQ2BXIDA9mbJSBcSal_WG6EWwAyVfr5z5AsvHES5IYJuGNDqMcRVYGQVyzuVK8esGNyQ9w4pnCD7VA4U9zQwZWAVyqSwU-j6slryXG8WQ8DC9YK_k/file?dl=1 (redirected from https://www.dropbox.com/s/nyrrt3h64u0gojw/7za.exe?dl=1)
Error prefetching https://ucdbd2cb428f8ea374779c62092a.dl.dropboxusercontent.com/cd/0/inline2/Cr6OMNx1xgGDNUa39nnPlw9wwXI1LqgyNRbrF3pp5gbOI90HzCE5wL0k7kORFVqpIVy9uLHj5eFY5zbKvoeN9rdIEwXHAlMfJvcPXQRacxYOWmXlOOCbF2QGPlAI3bvDVGFxw2ZNKKXbkri_1YRAC8h5_qjUM9O0pLy8J0zcDg1yt5al8QATCd1lUJjgvUpgZSxva8Tz2yYXSsGiB8RS-irTT695IHP_KmNx5cLqIbmC9Oj8NUPPkUita0ahj00zXNc5byjviRXZzbFVMb3TdxRgJNmz4eWiWOgzYounO4meHnns09wVc2IAerRs0gUOQvi5hSGpT-R7tGH29ZEkDed6dOzrV0YUzSktnWQCTUUdH8IcchfNeoB4Dwoy6ID8Qb8/file?dl=1 (redirected from https://www.dropbox.com/s/nyrrt3h64u0gojw/7za.exe?dl=1)
Error prefetching https://uc2176c8b8a197ad1071e3efc85d.dl.dropboxusercontent.com/cd/0/inline2/Cr46Ptec8fupkeOfapR1RfYXQ52WKCvKxcG9tbhQ1QsPF4BdHlkwvCCoAu_AVQ0ZBGZ7rtFQCM1KRbWfTT4Azu9SbgUokn7lOoDpxby5OjZv22aXqKuO9KaA6WlmutyzSL0T21Ki-pATedGQRKtvN875USrGNIB6M2x6U1jFs8qT6NTw7tQPvD-56S4Fh0d1sIsAk2-0a5LZs-nfoLGivUGvDQUvUnoIJ_yZm1UwRObdXuCqUN4s8lW3TOeacyyda6VyAzIk_pEqZ_dptfpoV1ZLOGCdz0jEams_GiTYu-JZtH6ataDpwiDLr6g8Q9GFMOvhw9SkWFbj0gEfUX-THm2irfZrOePG-2Tc_MoMHKXCOCyB58wOon2R6XIakjioPl0/file?dl=1 (redirected from https://www.dropbox.com/s/nyrrt3h64u0gojw/7za.exe?dl=1)
Error prefetching https://github.com/ArchieScript/Archie_ReaScripts/raw/086111415f515a3a968dc5f9c78585eaf585f244/MAIN/Render/COPY_Render%20stems%20Template/Archie_Render;%20Render%20track%20(Pre%20Fx%20&amp;%20wave%2024%20bit%20&amp;%20HQ(512pt%20Sinc)%20&amp;%20Full-speed%20Offline%20)).lua (redirected from https://github.com/ArchieScript/Archie_ReaScripts/raw/086111415f515a3a968dc5f9c78585eaf585f244/MAIN/Render/COPY_Render%20stems%20Template/Archie_Render;%20Render%20track%20(Pre%20Fx%20&amp;%20wave%2024%20bit%20&amp;%20HQ(512pt%20Sinc)%20&amp;%20Full-speed%20Offline%20)).lua)
Error prefetching https://github.com/ArchieScript/Archie_ReaScripts/raw/086111415f515a3a968dc5f9c78585eaf585f244/MAIN/Render/COPY_Render%20stems%20Template/Archie_Render;%20Render%20track%20(Post%20Fx%20&amp;%20wave%2024%20bit%20&amp;%20HQ(512pt%20Sinc)%20&amp;%20Full-speed%20Offline%20)).lua (redirected from https://github.com/ArchieScript/Archie_ReaScripts/raw/086111415f515a3a968dc5f9c78585eaf585f244/MAIN/Render/COPY_Render%20stems%20Template/Archie_Render;%20Render%20track%20(Post%20Fx%20&amp;%20wave%2024%20bit%20&amp;%20HQ(512pt%20Sinc)%20&amp;%20Full-speed%20Offline%20)).lua)
Error prefetching https://github.com/ArchieScript/Archie_ReaScripts/raw/086111415f515a3a968dc5f9c78585eaf585f244/MAIN/Render/COPY_Render%20stems%20Template/Archie_Render;%20Render%20track%20into%20one%20new%20track%20(Pre%20Fx%20&amp;%20wave%2024%20bit%20&amp;%20HQ(512pt%20Sinc)%20&amp;%20Full-speed%20Offline%20)).lua (redirected from https://github.com/ArchieScript/Archie_ReaScripts/raw/086111415f515a3a968dc5f9c78585eaf585f244/MAIN/Render/COPY_Render%20stems%20Template/Archie_Render;%20Render%20track%20into%20one%20new%20track%20(Pre%20Fx%20&amp;%20wave%2024%20bit%20&amp;%20HQ(512pt%20Sinc)%20&amp;%20Full-speed%20Offline%20)).lua)
Error prefetching https://github.com/ArchieScript/Archie_ReaScripts/raw/086111415f515a3a968dc5f9c78585eaf585f244/MAIN/Render/COPY_Render%20stems%20Template/Archie_Render;%20Render%20track%20into%20one%20new%20track%20mono(Post%20Fx%20&amp;%20wave%2024%20bit%20&amp;%20HQ(512pt%20Sinc)%20&amp;%20Full-speed%20Offline%20)).lua (redirected from https://github.com/ArchieScript/Archie_ReaScripts/raw/086111415f515a3a968dc5f9c78585eaf585f244/MAIN/Render/COPY_Render%20stems%20Template/Archie_Render;%20Render%20track%20into%20one%20new%20track%20mono(Post%20Fx%20&amp;%20wave%2024%20bit%20&amp;%20HQ(512pt%20Sinc)%20&amp;%20Full-speed%20Offline%20)).lua)
Error prefetching https://github.com/ArchieScript/Archie_ReaScripts/raw/086111415f515a3a968dc5f9c78585eaf585f244/MAIN/Render/COPY_Render%20stems%20Template/Archie_Render;%20Render%20track%20into%20one%20new%20track%20(Post%20Fx%20&amp;%20wave%2024%20bit%20&amp;%20HQ(512pt%20Sinc)%20&amp;%20Full-speed%20Offline%20)).lua (redirected from https://github.com/ArchieScript/Archie_ReaScripts/raw/086111415f515a3a968dc5f9c78585eaf585f244/MAIN/Render/COPY_Render%20stems%20Template/Archie_Render;%20Render%20track%20into%20one%20new%20track%20(Post%20Fx%20&amp;%20wave%2024%20bit%20&amp;%20HQ(512pt%20Sinc)%20&amp;%20Full-speed%20Offline%20)).lua)
Error prefetching https://github.com/ArchieScript/Archie_ReaScripts/raw/086111415f515a3a968dc5f9c78585eaf585f244/MAIN/Render/COPY_Render%20stems%20Template/Archie_Render;%20Render%20track%20into%20one%20new%20track%20mono(Pre%20Fx%20&amp;%20wave%2024%20bit%20&amp;%20HQ(512pt%20Sinc)%20&amp;%20Full-speed%20Offline%20)).lua (redirected from https://github.com/ArchieScript/Archie_ReaScripts/raw/086111415f515a3a968dc5f9c78585eaf585f244/MAIN/Render/COPY_Render%20stems%20Template/Archie_Render;%20Render%20track%20into%20one%20new%20track%20mono(Pre%20Fx%20&amp;%20wave%2024%20bit%20&amp;%20HQ(512pt%20Sinc)%20&amp;%20Full-speed%20Offline%20)).lua)
Error prefetching https://github.com/ArchieScript/Archie_ReaScripts/raw/086111415f515a3a968dc5f9c78585eaf585f244/MAIN/Render/COPY_Render%20stems%20Template/Archie_Render;%20Render%20track%20into%20one%20new%20track%20stereo(Post%20Fx%20&amp;%20wave%2024%20bit%20&amp;%20HQ(512pt%20Sinc)%20&amp;%20Full-speed%20Offline%20)).lua (redirected from https://github.com/ArchieScript/Archie_ReaScripts/raw/086111415f515a3a968dc5f9c78585eaf585f244/MAIN/Render/COPY_Render%20stems%20Template/Archie_Render;%20Render%20track%20into%20one%20new%20track%20stereo(Post%20Fx%20&amp;%20wave%2024%20bit%20&amp;%20HQ(512pt%20Sinc)%20&amp;%20Full-speed%20Offline%20)).lua)
Error prefetching https://github.com/ArchieScript/Archie_ReaScripts/raw/086111415f515a3a968dc5f9c78585eaf585f244/MAIN/Render/COPY_Render%20stems%20Template/Archie_Render;%20Render%20track%20into%20one%20new%20track%20stereo(Pre%20Fx%20&amp;%20wave%2024%20bit%20&amp;%20HQ(512pt%20Sinc)%20&amp;%20Full-speed%20Offline%20)).lua (redirected from https://github.com/ArchieScript/Archie_ReaScripts/raw/086111415f515a3a968dc5f9c78585eaf585f244/MAIN/Render/COPY_Render%20stems%20Template/Archie_Render;%20Render%20track%20into%20one%20new%20track%20stereo(Pre%20Fx%20&amp;%20wave%2024%20bit%20&amp;%20HQ(512pt%20Sinc)%20&amp;%20Full-speed%20Offline%20)).lua)
Error prefetching https://github.com/ArchieScript/Archie_ReaScripts/raw/086111415f515a3a968dc5f9c78585eaf585f244/MAIN/Render/COPY_Render%20stems%20Template/Archie_Render;%20Render%20track%20mono(Pre%20Fx%20&amp;%20wave%2024%20bit%20&amp;%20HQ(512pt%20Sinc)%20&amp;%20Full-speed%20Offline%20)).lua (redirected from https://github.com/ArchieScript/Archie_ReaScripts/raw/086111415f515a3a968dc5f9c78585eaf585f244/MAIN/Render/COPY_Render%20stems%20Template/Archie_Render;%20Render%20track%20mono(Pre%20Fx%20&amp;%20wave%2024%20bit%20&amp;%20HQ(512pt%20Sinc)%20&amp;%20Full-speed%20Offline%20)).lua)
Error prefetching https://github.com/ArchieScript/Archie_ReaScripts/raw/086111415f515a3a968dc5f9c78585eaf585f244/MAIN/Render/COPY_Render%20stems%20Template/Archie_Render;%20Render%20track%20mono(Post%20Fx%20&amp;%20wave%2024%20bit%20&amp;%20HQ(512pt%20Sinc)%20&amp;%20Full-speed%20Offline%20))%20.lua (redirected from https://github.com/ArchieScript/Archie_ReaScripts/raw/086111415f515a3a968dc5f9c78585eaf585f244/MAIN/Render/COPY_Render%20stems%20Template/Archie_Render;%20Render%20track%20mono(Post%20Fx%20&amp;%20wave%2024%20bit%20&amp;%20HQ(512pt%20Sinc)%20&amp;%20Full-speed%20Offline%20))%20.lua)
Error prefetching https://github.com/ArchieScript/Archie_ReaScripts/raw/086111415f515a3a968dc5f9c78585eaf585f244/MAIN/Render/COPY_Render%20stems%20Template/Archie_Render;%20Render%20track%20stereo(Pre%20Fx%20&amp;%20wave%2024%20bit%20&amp;%20HQ(512pt%20Sinc)%20&amp;%20Full-speed%20Offline%20)).lua (redirected from https://github.com/ArchieScript/Archie_ReaScripts/raw/086111415f515a3a968dc5f9c78585eaf585f244/MAIN/Render/COPY_Render%20stems%20Template/Archie_Render;%20Render%20track%20stereo(Pre%20Fx%20&amp;%20wave%2024%20bit%20&amp;%20HQ(512pt%20Sinc)%20&amp;%20Full-speed%20Offline%20)).lua)
Error prefetching https://github.com/ArchieScript/Archie_ReaScripts/raw/086111415f515a3a968dc5f9c78585eaf585f244/MAIN/Render/COPY_Render%20stems%20Template/Archie_Render;%20Render%20track%20stereo(Post%20Fx%20&amp;%20wave%2024%20bit%20&amp;%20HQ(512pt%20Sinc)%20&amp;%20Full-speed%20Offline%20))%20.lua (redirected from https://github.com/ArchieScript/Archie_ReaScripts/raw/086111415f515a3a968dc5f9c78585eaf585f244/MAIN/Render/COPY_Render%20stems%20Template/Archie_Render;%20Render%20track%20stereo(Post%20Fx%20&amp;%20wave%2024%20bit%20&amp;%20HQ(512pt%20Sinc)%20&amp;%20Full-speed%20Offline%20))%20.lua)
Error prefetching https://github.com/iliaspoulakis/Reaper-Tools/raw/51ce414e0fde5cf20bd0abbb2536c65690c782c4/Folder%20Magic/Generated/FTC_FolderMagic%20-%20All%20tracks%20&amp;%20folders.lua (redirected from https://github.com/iliaspoulakis/Reaper-Tools/raw/51ce414e0fde5cf20bd0abbb2536c65690c782c4/Folder%20Magic/Generated/FTC_FolderMagic%20-%20All%20tracks%20&amp;%20folders.lua)
Error prefetching https://github.com/iliaspoulakis/Reaper-Tools/raw/b23d8704373f560c9dfc4b68c3986d0fde6b9a00/Folder%20Magic/Generated/FTC_FolderMagic%20-%20All%20tracks%20&amp;%20folders.lua (redirected from https://github.com/iliaspoulakis/Reaper-Tools/raw/b23d8704373f560c9dfc4b68c3986d0fde6b9a00/Folder%20Magic/Generated/FTC_FolderMagic%20-%20All%20tracks%20&amp;%20folders.lua)
Error prefetching https://github.com/iliaspoulakis/Reaper-Tools/raw/333d856a856547da04e7cecde220097b65555034/Folder%20Magic/Generated/FTC_FolderMagic%20-%20All%20tracks%20&amp;%20folders.lua (redirected from https://github.com/iliaspoulakis/Reaper-Tools/raw/333d856a856547da04e7cecde220097b65555034/Folder%20Magic/Generated/FTC_FolderMagic%20-%20All%20tracks%20&amp;%20folders.lua)
Error prefetching https://github.com/iliaspoulakis/Reaper-Tools/raw/481b8d5f739e651385900bdc0996551256514bcb/Folder%20Magic/Generated/FTC_FolderMagic%20-%20All%20tracks%20&amp;%20folders.lua (redirected from https://github.com/iliaspoulakis/Reaper-Tools/raw/481b8d5f739e651385900bdc0996551256514bcb/Folder%20Magic/Generated/FTC_FolderMagic%20-%20All%20tracks%20&amp;%20folders.lua)
Error prefetching https://github.com/iliaspoulakis/Reaper-Tools/raw/e242d7c9340e7b51454af0447329571843a04e12/Folder%20Magic/Generated/FTC_FolderMagic%20-%20All%20tracks%20&amp;%20folders.lua (redirected from https://github.com/iliaspoulakis/Reaper-Tools/raw/e242d7c9340e7b51454af0447329571843a04e12/Folder%20Magic/Generated/FTC_FolderMagic%20-%20All%20tracks%20&amp;%20folders.lua)
Error prefetching https://github.com/iliaspoulakis/Reaper-Tools/raw/073fc602610da701dd155f7941cdafedc09b6f34/Various/Drag%20&amp;%20drop%20lanes.lua (redirected from https://github.com/iliaspoulakis/Reaper-Tools/raw/073fc602610da701dd155f7941cdafedc09b6f34/Various/Drag%20&amp;%20drop%20lanes.lua)
Error prefetching https://github.com/iliaspoulakis/Reaper-Tools/raw/dd37b477114e5c2b8da3dedd53fcc93396494fa8/Various/Drag%20&amp;%20drop%20lanes.lua (redirected from https://github.com/iliaspoulakis/Reaper-Tools/raw/dd37b477114e5c2b8da3dedd53fcc93396494fa8/Various/Drag%20&amp;%20drop%20lanes.lua)
Error prefetching https://github.com/iliaspoulakis/Reaper-Tools/raw/1b1b95a564796da7c741343898fa7fbee5d2547f/Various/Drag%20&amp;%20drop%20lanes.lua (redirected from https://github.com/iliaspoulakis/Reaper-Tools/raw/1b1b95a564796da7c741343898fa7fbee5d2547f/Various/Drag%20&amp;%20drop%20lanes.lua)
Error prefetching https://github.com/iliaspoulakis/Reaper-Tools/raw/bc4c886daa2c01b38f410f399a97fb3606448c37/Various/Drag%20&amp;%20drop%20lanes.lua (redirected from https://github.com/iliaspoulakis/Reaper-Tools/raw/bc4c886daa2c01b38f410f399a97fb3606448c37/Various/Drag%20&amp;%20drop%20lanes.lua)
Error prefetching https://github.com/iliaspoulakis/Reaper-Tools/raw/3578d9903102cd38ce574b7672e14997360fe008/Various/Drag%20&amp;%20drop%20lanes.lua (redirected from https://github.com/iliaspoulakis/Reaper-Tools/raw/3578d9903102cd38ce574b7672e14997360fe008/Various/Drag%20&amp;%20drop%20lanes.lua)
Replacing hashes in files...
Cleaning up temporary hash file...
