Ensuring directory . exists
Ensuring directory ./reapack-packages exists
Generating nix from indexes...
Processing index 1 of 79: https://raw.githubusercontent.com/nikolalkc/LKC-Tools/master/index.xml
Processing index 2 of 79: https://raw.githubusercontent.com/gapalil001/FlatMadness/master/index.xml
Processing index 3 of 79: https://raw.githubusercontent.com/jeremybernstein/ReaScripts/main/index.xml
Processing index 4 of 79: https://raw.githubusercontent.com/iliaspoulakis/Reaper-Tools/master/index.xml
Processing index 5 of 79: https://github.com/ReaTeam/ReaScripts/raw/master/index.xml
Processing index 6 of 79: https://github.com/ReaTeam/JSFX/raw/master/index.xml
Processing index 7 of 79: https://github.com/ReaTeam/Themes/raw/master/index.xml
Processing index 8 of 79: https://github.com/ReaTeam/LangPacks/raw/master/index.xml
Processing index 9 of 79: https://github.com/ReaTeam/Extensions/raw/master/index.xml
Processing index 10 of 79: https://github.com/MichaelPilyavskiy/ReaScripts/raw/master/index.xml
Processing index 11 of 79: https://github.com/X-Raym/REAPER-ReaScripts/raw/master/index.xml
Processing index 12 of 79: https://acendan.github.io/reascripts/index.xml
Processing index 13 of 79: https://github.com/AlbertoV5/ReaperTools/raw/master/index.xml
Processing index 14 of 79: https://github.com/AmelianceSkyMusic/ASM_Reaper_scripts/raw/master/index.xml
Processing index 15 of 79: https://github.com/ArchieScript/Archie_ReaScripts/raw/master/index.xml
Processing index 16 of 79: https://github.com/Audiokinetic/Reaper-Tools/raw/main/index.xml
Processing index 17 of 79: https://github.com/beaunus/REAPER-ReaScripts/raw/master/index.xml
Processing index 18 of 79: https://github.com/bfut/ReaScripts/raw/main/index.xml
Processing index 19 of 79: https://github.com/DaveInDev/Binbinhfr-Scripts/raw/master/index.xml
Processing index 20 of 79: https://github.com/Bird-Bird/JSFX/raw/main/index.xml
Processing index 21 of 79: https://github.com/Bird-Bird/ReaScript_Testing/raw/main/index.xml
Processing index 22 of 79: https://github.com/Bird-Bird/ReaScript/raw/master/index.xml
Processing index 23 of 79: https://github.com/bsmith96/Reaper-Scripts/raw/master/index.xml
Processing index 24 of 79: https://github.com/chmaha/airwindows-JSFX-ports/raw/main/index.xml
Processing index 25 of 79: https://github.com/chmaha/ReaClassical/raw/main/index.xml
Processing index 26 of 79: https://github.com/chkhld/jsfx/raw/main/index.xml
Processing index 27 of 79: https://github.com/chtammik/chtammik_Reaper_Scripts/raw/master/index.xml
Processing index 28 of 79: https://github.com/Claudiohbsantos/Claudiohbsantos-Scripts/raw/master/index.xml
Processing index 29 of 79: https://github.com/daniellumertz/DanielLumertz-Scripts/raw/master/index.xml
Processing index 30 of 79: https://github.com/Dafarkias/REAPER-Lua-Scripts-/raw/master/index.xml
Processing index 31 of 79: https://github.com/Erriez/erriez-reaper-jsfx/raw/master/index.xml
Processing index 32 of 79: https://github.com/EUGEN27771/ReaScripts/raw/master/index.xml
Processing index 33 of 79: https://github.com/fernsehmuell/reaper_scripts/raw/master/index.xml
Processing index 34 of 79: https://github.com/iliaspoulakis/Reaper-Tools/raw/master/index.xml
Processing index 35 of 79: https://github.com/BryanChi/BryanChi-FX-Devices/raw/main/index.xml
Processing index 36 of 79: https://geraintluff.github.io/jsfx/index.xml
Processing index 37 of 79: https://github.com/helgoboss/reaper-packages/raw/master/index.xml
Processing index 38 of 79: https://github.com/IXix/JSFX/raw/master/index.xml
Processing index 39 of 79: https://github.com/joabeslopes/Reaper-scripts-multitrack-show/raw/main/index.xml
Processing index 40 of 79: https://github.com/jrengmusic/ReaScript/raw/master/index.xml
Processing index 41 of 79: https://raw.githubusercontent.com/juanriccio/Reaperism/master/index.xml
Processing index 42 of 79: https://bitbucket.org/kawaCat/kawascript2/raw/master/index.xml
Processing index 43 of 79: https://bitbucket.org/kawaCat/reascript-m2bpack/raw/master/index.xml
Processing index 44 of 79: https://github.com/leafac/reaper/raw/main/index.xml
Processing index 45 of 79: https://github.com/nikolalkc/LKC-Tools/raw/master/index.xml
Processing index 46 of 79: https://github.com/me2beats/reapack/raw/master/index.xml
Processing index 47 of 79: https://github.com/mespotine/Mespotine-Scripts/raw/main/Mespotine_Scripts.xml
Processing index 48 of 79: https://github.com/mrlimbic/reascripts/raw/master/index.xml
Processing index 49 of 79: https://github.com/n0ner/Reaper/raw/master/index.xml
Processing index 50 of 79: https://github.com/Neutronic/ReaScripts/raw/master/index.xml
Processing index 51 of 79: https://github.com/nofishonfriday/ReaScripts/raw/master/index.xml
Processing index 52 of 79: https://github.com/Outboarder/ReaScripts/raw/master/index.xml
Processing index 53 of 79: https://github.com/pelori/PeloReaper/raw/master/index.xml
Processing index 54 of 79: https://ply.github.io/ReaScripts/index.xml
Processing index 55 of 79: https://github.com/przemoc/REAPER-ReaScripts/raw/master/index.xml
Processing index 56 of 79: https://github.com/tomtjes/Radio-Toolkit/raw/master/index.xml
Processing index 57 of 79: https://github.com/RCJacH/ReaScripts/raw/master/index.xml
Processing index 58 of 79: https://bobobo-git.github.io/reaperwrb_2/index.xml
Processing index 59 of 79: https://reaticulate.com/release.xml
Processing index 60 of 79: https://github.com/Justin-Johnson/ReJJ/raw/master/index.xml
Processing index 61 of 79: https://github.com/RobU23/ReaScripts/raw/master/index.xml
Processing index 62 of 79: https://github.com/JoepVanlier/JSFX/raw/master/index.xml
Processing index 63 of 79: https://github.com/lemerchand/lemerchand/raw/master/index.xml
Processing index 64 of 79: https://github.com/GoranKovac/ReaScripts/raw/master/index.xml
Processing index 65 of 79: https://github.com/jeremybernstein/ReaScripts/raw/main/index.xml
Processing index 66 of 79: https://github.com/Sonic-Anomaly/Sonic-Anomaly-JSFX/raw/master/index.xml
Processing index 67 of 79: https://github.com/Souk21/REAPER-scripts-and-effects/raw/master/index.xml
Processing index 68 of 79: https://github.com/StephanRoemer/ReaScripts/raw/master/index.xml
Processing index 69 of 79: https://github.com/Steviekeys/StevieKeys_JSFX2/raw/master/index.xml
Processing index 70 of 79: https://github.com/Suzuki-Re/Suzuki-Scripts/raw/master/index.xml
Processing index 71 of 79: https://github.com/jtackaberry/reascripts/raw/master/index.xml
Processing index 72 of 79: https://github.com/tiagolr/tilr_jsfx/raw/master/index.xml
Processing index 73 of 79: https://github.com/sonictim/TJF-Scripts/raw/master/index.xml
Processing index 74 of 79: https://github.com/tormyvancool/TormyVanCool_ReaPack_Scripts/raw/master/index.xml
Processing index 75 of 79: https://github.com/JoepVanlier/Hackey-Trackey/raw/master/index.xml
Processing index 76 of 79: https://github.com/TukanStudios/TUKAN_STUDIOS_PLUGINS/raw/main/index2.xml
Processing index 77 of 79: https://github.com/X-Raym/MIDI-Makey-Makey/raw/master/index.xml
Processing index 78 of 79: https://github.com/Yaunick/Yannick-ReaScripts/raw/master/index.xml
Processing index 79 of 79: https://github.com/zaibuyidao/ReaScripts/raw/master/index.xml
Generating default.nix...
Generating flake.nix...
Copying mk-reapack-package.nix...
Prefetching hashes...
Error prefetching https://github.com/nikolalkc/LKC-Tools/raw/41dc36478a30550c24f5bed64def85e7ef0f58bb/Misc/BFO%20&amp;%20LKC%20-%20Folder%20items.lua (redirected from https://github.com/nikolalkc/LKC-Tools/raw/41dc36478a30550c24f5bed64def85e7ef0f58bb/Misc/BFO%20&amp;%20LKC%20-%20Folder%20items.lua)
Error prefetching https://github.com/nikolalkc/LKC-Tools/raw/96a0a653aec911f30199a819b7661c0e27579567/Misc/BFO%20&amp;%20LKC%20-%20Folder%20items.lua (redirected from https://github.com/nikolalkc/LKC-Tools/raw/96a0a653aec911f30199a819b7661c0e27579567/Misc/BFO%20&amp;%20LKC%20-%20Folder%20items.lua)
Error prefetching https://github.com/nikolalkc/LKC-Tools/raw/3f94c6056c124e7dc0ab261bac1abd2fe97011ed/Misc/BFO%20&amp;%20LKC%20-%20Folder%20items.lua (redirected from https://github.com/nikolalkc/LKC-Tools/raw/3f94c6056c124e7dc0ab261bac1abd2fe97011ed/Misc/BFO%20&amp;%20LKC%20-%20Folder%20items.lua)
Error prefetching https://github.com/nikolalkc/LKC-Tools/raw/b781c18c19d9aec8d034925d157e337aa78aa654/Misc/BFO%20&amp;%20LKC%20-%20Folder%20items.lua (redirected from https://github.com/nikolalkc/LKC-Tools/raw/b781c18c19d9aec8d034925d157e337aa78aa654/Misc/BFO%20&amp;%20LKC%20-%20Folder%20items.lua)
Error prefetching https://github.com/zaibuyidao/ReaScripts/raw/8e34db99d3df438b3a888c773c9e4af4a0c1424d/MIDI%20Editor/zaibuyidao_Duplicate%20Events.lua (redirected from https://github.com/zaibuyidao/ReaScripts/raw/8e34db99d3df438b3a888c773c9e4af4a0c1424d/MIDI%20Editor/zaibuyidao_Duplicate%20Events.lua)
Error prefetching https://github.com/zaibuyidao/ReaScripts/raw/06ba11d19223faf1a7cf643fc412f8bd5db0aebd/Utility/zaibuyidao_Add%20MIDI%20Hardware%20Output%20&amp;%20Receives%20to%20Selected%20Tracks%20(Transcription).lua (redirected from https://github.com/zaibuyidao/ReaScripts/raw/06ba11d19223faf1a7cf643fc412f8bd5db0aebd/Utility/zaibuyidao_Add%20MIDI%20Hardware%20Output%20&amp;%20Receives%20to%20Selected%20Tracks%20(Transcription).lua)
Error prefetching https://github.com/zaibuyidao/ReaScripts/raw/125095b9c3611c12c0f967c776edfa3d40db536c/Utility/zaibuyidao_Date%20&amp;%20Time.lua (redirected from https://github.com/zaibuyidao/ReaScripts/raw/125095b9c3611c12c0f967c776edfa3d40db536c/Utility/zaibuyidao_Date%20&amp;%20Time.lua)
Error prefetching https://github.com/zaibuyidao/ReaScripts/raw/a23accfcdb6160e5cbdebc223a3fc250554982bf/Utility/zaibuyidao_Date%20&amp;%20Time.lua (redirected from https://github.com/zaibuyidao/ReaScripts/raw/a23accfcdb6160e5cbdebc223a3fc250554982bf/Utility/zaibuyidao_Date%20&amp;%20Time.lua)
Error prefetching https://github.com/zaibuyidao/ReaScripts/raw/29caff7017fea84de685a1fc03a6a3505b11e7a0/Utility/zaibuyidao_Date%20&amp;%20Time.lua (redirected from https://github.com/zaibuyidao/ReaScripts/raw/29caff7017fea84de685a1fc03a6a3505b11e7a0/Utility/zaibuyidao_Date%20&amp;%20Time.lua)
Error prefetching https://github.com/zaibuyidao/ReaScripts/raw/498ecffc569e43e47eaf32c94fdaa3ee004f36c3/Utility/zaibuyidao_Date%20&amp;%20Time.lua (redirected from https://github.com/zaibuyidao/ReaScripts/raw/498ecffc569e43e47eaf32c94fdaa3ee004f36c3/Utility/zaibuyidao_Date%20&amp;%20Time.lua)
Error prefetching https://github.com/zaibuyidao/ReaScripts/raw/3fd36776844aedb85ce9598fcb7994a83f66f0f7/Utility/zaibuyidao_Date%20&amp;%20Time.lua (redirected from https://github.com/zaibuyidao/ReaScripts/raw/3fd36776844aedb85ce9598fcb7994a83f66f0f7/Utility/zaibuyidao_Date%20&amp;%20Time.lua)
Error prefetching https://github.com/zaibuyidao/ReaScripts/raw/783814e28425b283d641c83b5b3b01c8f0d3e27b/Utility/zaibuyidao_Date%20&amp;%20Time.lua (redirected from https://github.com/zaibuyidao/ReaScripts/raw/783814e28425b283d641c83b5b3b01c8f0d3e27b/Utility/zaibuyidao_Date%20&amp;%20Time.lua)
Error prefetching https://github.com/zaibuyidao/ReaScripts/raw/a46485f34d026e6a45577f62a878cd9ef0b9a229/Utility/zaibuyidao_Date%20&amp;%20Time.lua (redirected from https://github.com/zaibuyidao/ReaScripts/raw/a46485f34d026e6a45577f62a878cd9ef0b9a229/Utility/zaibuyidao_Date%20&amp;%20Time.lua)
Error prefetching https://github.com/zaibuyidao/ReaScripts/raw/66e0b70eaa1e74177cd64c41022659e05af0646f/Utility/zaibuyidao_Date%20&amp;%20Time.lua (redirected from https://github.com/zaibuyidao/ReaScripts/raw/66e0b70eaa1e74177cd64c41022659e05af0646f/Utility/zaibuyidao_Date%20&amp;%20Time.lua)
Error prefetching https://github.com/zaibuyidao/ReaScripts/raw/ae5fe15c57aefb95ec8944bc617570311a9dbc82/Utility/zaibuyidao_Date%20&amp;%20Time.lua (redirected from https://github.com/zaibuyidao/ReaScripts/raw/ae5fe15c57aefb95ec8944bc617570311a9dbc82/Utility/zaibuyidao_Date%20&amp;%20Time.lua)
Error prefetching https://github.com/zaibuyidao/ReaScripts/raw/209a6bdb1c0f0f77992d944dbcba4a8094574623/Various/Articulation%20Map/banks/Three-Body%20Raindrop%20&amp;%20Blade%20(%E6%89%AC%E7%90%B4%E8%90%BD%E8%8B%B1).reabank (redirected from https://github.com/zaibuyidao/ReaScripts/raw/209a6bdb1c0f0f77992d944dbcba4a8094574623/Various/Articulation%20Map/banks/Three-Body%20Raindrop%20&amp;%20Blade%20(%E6%89%AC%E7%90%B4%E8%90%BD%E8%8B%B1).reabank)
Error prefetching https://github.com/zaibuyidao/ReaScripts/raw/209a6bdb1c0f0f77992d944dbcba4a8094574623/Various/Articulation%20Map/banks/Three-Body%20Raindrop%20&amp;%20Blade.reabank (redirected from https://github.com/zaibuyidao/ReaScripts/raw/209a6bdb1c0f0f77992d944dbcba4a8094574623/Various/Articulation%20Map/banks/Three-Body%20Raindrop%20&amp;%20Blade.reabank)
Error prefetching https://github.com/zaibuyidao/ReaScripts/raw/f7491f9c0f36072a6ff33d4d5d1e53367f9967ba/Various/Articulation%20Map/banks/Three-Body%20Raindrop%20&amp;%20Blade%20(%E6%89%AC%E7%90%B4%E8%90%BD%E8%8B%B1).reabank (redirected from https://github.com/zaibuyidao/ReaScripts/raw/f7491f9c0f36072a6ff33d4d5d1e53367f9967ba/Various/Articulation%20Map/banks/Three-Body%20Raindrop%20&amp;%20Blade%20(%E6%89%AC%E7%90%B4%E8%90%BD%E8%8B%B1).reabank)
Error prefetching https://github.com/zaibuyidao/ReaScripts/raw/f7491f9c0f36072a6ff33d4d5d1e53367f9967ba/Various/Articulation%20Map/banks/Three-Body%20Raindrop%20&amp;%20Blade.reabank (redirected from https://github.com/zaibuyidao/ReaScripts/raw/f7491f9c0f36072a6ff33d4d5d1e53367f9967ba/Various/Articulation%20Map/banks/Three-Body%20Raindrop%20&amp;%20Blade.reabank)
Error prefetching https://github.com/zaibuyidao/ReaScripts/raw/785c5f41232f444a035c73cd4c1e8e0aa7da17c0/Various/Articulation%20Map/banks/Three-Body%20Raindrop%20&amp;%20Blade%20(%E6%89%AC%E7%90%B4%E8%90%BD%E8%8B%B1).reabank (redirected from https://github.com/zaibuyidao/ReaScripts/raw/785c5f41232f444a035c73cd4c1e8e0aa7da17c0/Various/Articulation%20Map/banks/Three-Body%20Raindrop%20&amp;%20Blade%20(%E6%89%AC%E7%90%B4%E8%90%BD%E8%8B%B1).reabank)
Error prefetching https://github.com/zaibuyidao/ReaScripts/raw/785c5f41232f444a035c73cd4c1e8e0aa7da17c0/Various/Articulation%20Map/banks/Three-Body%20Raindrop%20&amp;%20Blade.reabank (redirected from https://github.com/zaibuyidao/ReaScripts/raw/785c5f41232f444a035c73cd4c1e8e0aa7da17c0/Various/Articulation%20Map/banks/Three-Body%20Raindrop%20&amp;%20Blade.reabank)
Error prefetching https://github.com/zaibuyidao/ReaScripts/raw/7bff88f06ce2a1066b0094cd8d94b197e45773aa/Various/Articulation%20Map/banks/Three-Body%20Raindrop%20&amp;%20Blade%20(%E6%89%AC%E7%90%B4%E8%90%BD%E8%8B%B1).reabank (redirected from https://github.com/zaibuyidao/ReaScripts/raw/7bff88f06ce2a1066b0094cd8d94b197e45773aa/Various/Articulation%20Map/banks/Three-Body%20Raindrop%20&amp;%20Blade%20(%E6%89%AC%E7%90%B4%E8%90%BD%E8%8B%B1).reabank)
Error prefetching https://github.com/zaibuyidao/ReaScripts/raw/7bff88f06ce2a1066b0094cd8d94b197e45773aa/Various/Articulation%20Map/banks/Three-Body%20Raindrop%20&amp;%20Blade.reabank (redirected from https://github.com/zaibuyidao/ReaScripts/raw/7bff88f06ce2a1066b0094cd8d94b197e45773aa/Various/Articulation%20Map/banks/Three-Body%20Raindrop%20&amp;%20Blade.reabank)
Error prefetching https://github.com/zaibuyidao/ReaScripts/raw/4ed105427ceba2c4607ff78cd8f68841f3d066c5/Various/Articulation%20Map/banks/Three-Body%20Raindrop%20&amp;%20Blade%20(%E6%89%AC%E7%90%B4%E8%90%BD%E8%8B%B1).reabank (redirected from https://github.com/zaibuyidao/ReaScripts/raw/4ed105427ceba2c4607ff78cd8f68841f3d066c5/Various/Articulation%20Map/banks/Three-Body%20Raindrop%20&amp;%20Blade%20(%E6%89%AC%E7%90%B4%E8%90%BD%E8%8B%B1).reabank)
Error prefetching https://github.com/zaibuyidao/ReaScripts/raw/4ed105427ceba2c4607ff78cd8f68841f3d066c5/Various/Articulation%20Map/banks/Three-Body%20Raindrop%20&amp;%20Blade.reabank (redirected from https://github.com/zaibuyidao/ReaScripts/raw/4ed105427ceba2c4607ff78cd8f68841f3d066c5/Various/Articulation%20Map/banks/Three-Body%20Raindrop%20&amp;%20Blade.reabank)
Error prefetching https://github.com/zaibuyidao/ReaScripts/raw/11c1f145bc087c3d2550dd2b25a3e8aab29dd7d4/Various/Articulation%20Map/banks/Three-Body%20Raindrop%20&amp;%20Blade%20(%E6%89%AC%E7%90%B4%E8%90%BD%E8%8B%B1).reabank (redirected from https://github.com/zaibuyidao/ReaScripts/raw/11c1f145bc087c3d2550dd2b25a3e8aab29dd7d4/Various/Articulation%20Map/banks/Three-Body%20Raindrop%20&amp;%20Blade%20(%E6%89%AC%E7%90%B4%E8%90%BD%E8%8B%B1).reabank)
Error prefetching https://github.com/zaibuyidao/ReaScripts/raw/11c1f145bc087c3d2550dd2b25a3e8aab29dd7d4/Various/Articulation%20Map/banks/Three-Body%20Raindrop%20&amp;%20Blade.reabank (redirected from https://github.com/zaibuyidao/ReaScripts/raw/11c1f145bc087c3d2550dd2b25a3e8aab29dd7d4/Various/Articulation%20Map/banks/Three-Body%20Raindrop%20&amp;%20Blade.reabank)
Error prefetching https://github.com/zaibuyidao/ReaScripts/raw/aff4b5b251e3371cd1bc1c7c1ce03ef3de5048db/Various/Articulation%20Map/banks/Three-Body%20Raindrop%20&amp;%20Blade%20(%E6%89%AC%E7%90%B4%E8%90%BD%E8%8B%B1).reabank (redirected from https://github.com/zaibuyidao/ReaScripts/raw/aff4b5b251e3371cd1bc1c7c1ce03ef3de5048db/Various/Articulation%20Map/banks/Three-Body%20Raindrop%20&amp;%20Blade%20(%E6%89%AC%E7%90%B4%E8%90%BD%E8%8B%B1).reabank)
Error prefetching https://github.com/zaibuyidao/ReaScripts/raw/aff4b5b251e3371cd1bc1c7c1ce03ef3de5048db/Various/Articulation%20Map/banks/Three-Body%20Raindrop%20&amp;%20Blade.reabank (redirected from https://github.com/zaibuyidao/ReaScripts/raw/aff4b5b251e3371cd1bc1c7c1ce03ef3de5048db/Various/Articulation%20Map/banks/Three-Body%20Raindrop%20&amp;%20Blade.reabank)
Error prefetching https://github.com/zaibuyidao/ReaScripts/raw/a1f6a956e43cb556f41c734afe6b109a3a6140e5/Various/Articulation%20Map/banks/Three-Body%20Raindrop%20&amp;%20Blade%20(%E6%89%AC%E7%90%B4%E8%90%BD%E8%8B%B1).reabank (redirected from https://github.com/zaibuyidao/ReaScripts/raw/a1f6a956e43cb556f41c734afe6b109a3a6140e5/Various/Articulation%20Map/banks/Three-Body%20Raindrop%20&amp;%20Blade%20(%E6%89%AC%E7%90%B4%E8%90%BD%E8%8B%B1).reabank)
Error prefetching https://github.com/zaibuyidao/ReaScripts/raw/a1f6a956e43cb556f41c734afe6b109a3a6140e5/Various/Articulation%20Map/banks/Three-Body%20Raindrop%20&amp;%20Blade.reabank (redirected from https://github.com/zaibuyidao/ReaScripts/raw/a1f6a956e43cb556f41c734afe6b109a3a6140e5/Various/Articulation%20Map/banks/Three-Body%20Raindrop%20&amp;%20Blade.reabank)
Error prefetching https://github.com/zaibuyidao/ReaScripts/raw/03cab55bb522c4fb9292bb38d4f1d3ba8f4e0cbe/Various/Articulation%20Map/banks/Three-Body%20Raindrop%20&amp;%20Blade%20(%E6%89%AC%E7%90%B4%E8%90%BD%E8%8B%B1).reabank (redirected from https://github.com/zaibuyidao/ReaScripts/raw/03cab55bb522c4fb9292bb38d4f1d3ba8f4e0cbe/Various/Articulation%20Map/banks/Three-Body%20Raindrop%20&amp;%20Blade%20(%E6%89%AC%E7%90%B4%E8%90%BD%E8%8B%B1).reabank)
Error prefetching https://github.com/zaibuyidao/ReaScripts/raw/03cab55bb522c4fb9292bb38d4f1d3ba8f4e0cbe/Various/Articulation%20Map/banks/Three-Body%20Raindrop%20&amp;%20Blade.reabank (redirected from https://github.com/zaibuyidao/ReaScripts/raw/03cab55bb522c4fb9292bb38d4f1d3ba8f4e0cbe/Various/Articulation%20Map/banks/Three-Body%20Raindrop%20&amp;%20Blade.reabank)
Error prefetching https://github.com/zaibuyidao/ReaScripts/raw/f6035119db4de021704d9096564db6baded25ec3/Various/Articulation%20Map/banks/Three-Body%20Raindrop%20&amp;%20Blade%20(%E6%89%AC%E7%90%B4%E8%90%BD%E8%8B%B1).reabank (redirected from https://github.com/zaibuyidao/ReaScripts/raw/f6035119db4de021704d9096564db6baded25ec3/Various/Articulation%20Map/banks/Three-Body%20Raindrop%20&amp;%20Blade%20(%E6%89%AC%E7%90%B4%E8%90%BD%E8%8B%B1).reabank)
Error prefetching https://github.com/zaibuyidao/ReaScripts/raw/f6035119db4de021704d9096564db6baded25ec3/Various/Articulation%20Map/banks/Three-Body%20Raindrop%20&amp;%20Blade.reabank (redirected from https://github.com/zaibuyidao/ReaScripts/raw/f6035119db4de021704d9096564db6baded25ec3/Various/Articulation%20Map/banks/Three-Body%20Raindrop%20&amp;%20Blade.reabank)
Error prefetching https://github.com/zaibuyidao/ReaScripts/raw/e346c06f917365a1e0de2777dfdb9e52c9c53f56/Various/Articulation%20Map/banks/Three-Body%20Raindrop%20&amp;%20Blade%20(%E6%89%AC%E7%90%B4%E8%90%BD%E8%8B%B1).reabank (redirected from https://github.com/zaibuyidao/ReaScripts/raw/e346c06f917365a1e0de2777dfdb9e52c9c53f56/Various/Articulation%20Map/banks/Three-Body%20Raindrop%20&amp;%20Blade%20(%E6%89%AC%E7%90%B4%E8%90%BD%E8%8B%B1).reabank)
Error prefetching https://github.com/zaibuyidao/ReaScripts/raw/e346c06f917365a1e0de2777dfdb9e52c9c53f56/Various/Articulation%20Map/banks/Three-Body%20Raindrop%20&amp;%20Blade.reabank (redirected from https://github.com/zaibuyidao/ReaScripts/raw/e346c06f917365a1e0de2777dfdb9e52c9c53f56/Various/Articulation%20Map/banks/Three-Body%20Raindrop%20&amp;%20Blade.reabank)
Error prefetching https://github.com/zaibuyidao/ReaScripts/raw/07524ba6ceec601cbd08d503919ed528fe8a487e/Various/Articulation%20Map/banks/Three-Body%20Raindrop%20&amp;%20Blade%20(%E6%89%AC%E7%90%B4%E8%90%BD%E8%8B%B1).reabank (redirected from https://github.com/zaibuyidao/ReaScripts/raw/07524ba6ceec601cbd08d503919ed528fe8a487e/Various/Articulation%20Map/banks/Three-Body%20Raindrop%20&amp;%20Blade%20(%E6%89%AC%E7%90%B4%E8%90%BD%E8%8B%B1).reabank)
Error prefetching https://github.com/zaibuyidao/ReaScripts/raw/07524ba6ceec601cbd08d503919ed528fe8a487e/Various/Articulation%20Map/banks/Three-Body%20Raindrop%20&amp;%20Blade.reabank (redirected from https://github.com/zaibuyidao/ReaScripts/raw/07524ba6ceec601cbd08d503919ed528fe8a487e/Various/Articulation%20Map/banks/Three-Body%20Raindrop%20&amp;%20Blade.reabank)
Error prefetching https://github.com/zaibuyidao/ReaScripts/raw/cbaaefbdd3f257065337bc7f3c2f5116a4292d0b/Various/Articulation%20Map/banks/Three-Body%20Raindrop%20&amp;%20Blade%20(%E6%89%AC%E7%90%B4%E8%90%BD%E8%8B%B1).reabank (redirected from https://github.com/zaibuyidao/ReaScripts/raw/cbaaefbdd3f257065337bc7f3c2f5116a4292d0b/Various/Articulation%20Map/banks/Three-Body%20Raindrop%20&amp;%20Blade%20(%E6%89%AC%E7%90%B4%E8%90%BD%E8%8B%B1).reabank)
Error prefetching https://github.com/zaibuyidao/ReaScripts/raw/cbaaefbdd3f257065337bc7f3c2f5116a4292d0b/Various/Articulation%20Map/banks/Three-Body%20Raindrop%20&amp;%20Blade.reabank (redirected from https://github.com/zaibuyidao/ReaScripts/raw/cbaaefbdd3f257065337bc7f3c2f5116a4292d0b/Various/Articulation%20Map/banks/Three-Body%20Raindrop%20&amp;%20Blade.reabank)
Error prefetching https://github.com/zaibuyidao/ReaScripts/raw/78b9b7f01e4a129b92bc53f07c7ea562e9a3b0c3/Various/Articulation%20Map/banks/Three-Body%20Raindrop%20&amp;%20Blade%20(%E6%89%AC%E7%90%B4%E8%90%BD%E8%8B%B1).reabank (redirected from https://github.com/zaibuyidao/ReaScripts/raw/78b9b7f01e4a129b92bc53f07c7ea562e9a3b0c3/Various/Articulation%20Map/banks/Three-Body%20Raindrop%20&amp;%20Blade%20(%E6%89%AC%E7%90%B4%E8%90%BD%E8%8B%B1).reabank)
Error prefetching https://github.com/zaibuyidao/ReaScripts/raw/78b9b7f01e4a129b92bc53f07c7ea562e9a3b0c3/Various/Articulation%20Map/banks/Three-Body%20Raindrop%20&amp;%20Blade.reabank (redirected from https://github.com/zaibuyidao/ReaScripts/raw/78b9b7f01e4a129b92bc53f07c7ea562e9a3b0c3/Various/Articulation%20Map/banks/Three-Body%20Raindrop%20&amp;%20Blade.reabank)
Error prefetching https://github.com/zaibuyidao/ReaScripts/raw/250aaac54a2e85422f2a11b2607eac24201a52c0/Various/Articulation%20Map/banks/Three-Body%20Raindrop%20&amp;%20Blade.reabank (redirected from https://github.com/zaibuyidao/ReaScripts/raw/250aaac54a2e85422f2a11b2607eac24201a52c0/Various/Articulation%20Map/banks/Three-Body%20Raindrop%20&amp;%20Blade.reabank)
Error prefetching https://github.com/zaibuyidao/ReaScripts/raw/250aaac54a2e85422f2a11b2607eac24201a52c0/Various/Articulation%20Map/banks/Three-Body%20Raindrop%20&amp;%20Blade%20(%E6%89%AC%E7%90%B4%E8%90%BD%E8%8B%B1).reabank (redirected from https://github.com/zaibuyidao/ReaScripts/raw/250aaac54a2e85422f2a11b2607eac24201a52c0/Various/Articulation%20Map/banks/Three-Body%20Raindrop%20&amp;%20Blade%20(%E6%89%AC%E7%90%B4%E8%90%BD%E8%8B%B1).reabank)
Error prefetching https://github.com/zaibuyidao/ReaScripts/raw/947af99c4a785f7dfb57ce06151b0045caedc169/Various/Articulation%20Map/banks/75-96%20Three-Body%20Raindrop%20&amp;%20Blade%20(%E6%89%AC%E7%90%B4%E8%90%BD%E8%8B%B1).reabank (redirected from https://github.com/zaibuyidao/ReaScripts/raw/947af99c4a785f7dfb57ce06151b0045caedc169/Various/Articulation%20Map/banks/75-96%20Three-Body%20Raindrop%20&amp;%20Blade%20(%E6%89%AC%E7%90%B4%E8%90%BD%E8%8B%B1).reabank)
Error prefetching https://github.com/zaibuyidao/ReaScripts/raw/947af99c4a785f7dfb57ce06151b0045caedc169/Various/Articulation%20Map/banks/75-96%20Three-Body%20Raindrop%20&amp;%20Blade.reabank (redirected from https://github.com/zaibuyidao/ReaScripts/raw/947af99c4a785f7dfb57ce06151b0045caedc169/Various/Articulation%20Map/banks/75-96%20Three-Body%20Raindrop%20&amp;%20Blade.reabank)
Error prefetching https://github.com/zaibuyidao/ReaScripts/raw/06fe16b8f3a97ce797c39e38961b4d605597bc3e/Various/Articulation%20Map/banks/75-96%20Three-Body%20Raindrop%20&amp;%20Blade%20(%E6%89%AC%E7%90%B4%E8%90%BD%E8%8B%B1).reabank (redirected from https://github.com/zaibuyidao/ReaScripts/raw/06fe16b8f3a97ce797c39e38961b4d605597bc3e/Various/Articulation%20Map/banks/75-96%20Three-Body%20Raindrop%20&amp;%20Blade%20(%E6%89%AC%E7%90%B4%E8%90%BD%E8%8B%B1).reabank)
Error prefetching https://github.com/zaibuyidao/ReaScripts/raw/06fe16b8f3a97ce797c39e38961b4d605597bc3e/Various/Articulation%20Map/banks/75-96%20Three-Body%20Raindrop%20&amp;%20Blade.reabank (redirected from https://github.com/zaibuyidao/ReaScripts/raw/06fe16b8f3a97ce797c39e38961b4d605597bc3e/Various/Articulation%20Map/banks/75-96%20Three-Body%20Raindrop%20&amp;%20Blade.reabank)
Error prefetching https://github.com/zaibuyidao/ReaScripts/raw/6423d4005056e4801ead65dab1b1518f12c55cc4/Various/Articulation%20Map/banks/75-96%20Three-Body%20Raindrop%20&amp;%20Blade%20(%E6%89%AC%E7%90%B4%E8%90%BD%E8%8B%B1).reabank (redirected from https://github.com/zaibuyidao/ReaScripts/raw/6423d4005056e4801ead65dab1b1518f12c55cc4/Various/Articulation%20Map/banks/75-96%20Three-Body%20Raindrop%20&amp;%20Blade%20(%E6%89%AC%E7%90%B4%E8%90%BD%E8%8B%B1).reabank)
Error prefetching https://github.com/zaibuyidao/ReaScripts/raw/6423d4005056e4801ead65dab1b1518f12c55cc4/Various/Articulation%20Map/banks/75-96%20Three-Body%20Raindrop%20&amp;%20Blade.reabank (redirected from https://github.com/zaibuyidao/ReaScripts/raw/6423d4005056e4801ead65dab1b1518f12c55cc4/Various/Articulation%20Map/banks/75-96%20Three-Body%20Raindrop%20&amp;%20Blade.reabank)
Error prefetching https://github.com/zaibuyidao/ReaScripts/raw/7a58858e694fc30ee02adf1349de1b20cdbfe03c/Various/Articulation%20Map/banks/75-96%20Three-Body%20Raindrop%20&amp;%20Blade%20(%E6%89%AC%E7%90%B4%E8%90%BD%E8%8B%B1).reabank (redirected from https://github.com/zaibuyidao/ReaScripts/raw/7a58858e694fc30ee02adf1349de1b20cdbfe03c/Various/Articulation%20Map/banks/75-96%20Three-Body%20Raindrop%20&amp;%20Blade%20(%E6%89%AC%E7%90%B4%E8%90%BD%E8%8B%B1).reabank)
Error prefetching https://github.com/zaibuyidao/ReaScripts/raw/7a58858e694fc30ee02adf1349de1b20cdbfe03c/Various/Articulation%20Map/banks/75-96%20Three-Body%20Raindrop%20&amp;%20Blade.reabank (redirected from https://github.com/zaibuyidao/ReaScripts/raw/7a58858e694fc30ee02adf1349de1b20cdbfe03c/Various/Articulation%20Map/banks/75-96%20Three-Body%20Raindrop%20&amp;%20Blade.reabank)
Error prefetching https://github.com/zaibuyidao/ReaScripts/raw/396c0f563d1b4a0cdcdb08721a5698e38f7d1a4c/Various/Articulation%20Map/banks/75-96%20Three-Body%20Raindrop%20&amp;%20Blade%20(%E6%89%AC%E7%90%B4%E8%90%BD%E8%8B%B1).reabank (redirected from https://github.com/zaibuyidao/ReaScripts/raw/396c0f563d1b4a0cdcdb08721a5698e38f7d1a4c/Various/Articulation%20Map/banks/75-96%20Three-Body%20Raindrop%20&amp;%20Blade%20(%E6%89%AC%E7%90%B4%E8%90%BD%E8%8B%B1).reabank)
Error prefetching https://github.com/zaibuyidao/ReaScripts/raw/396c0f563d1b4a0cdcdb08721a5698e38f7d1a4c/Various/Articulation%20Map/banks/75-96%20Three-Body%20Raindrop%20&amp;%20Blade.reabank (redirected from https://github.com/zaibuyidao/ReaScripts/raw/396c0f563d1b4a0cdcdb08721a5698e38f7d1a4c/Various/Articulation%20Map/banks/75-96%20Three-Body%20Raindrop%20&amp;%20Blade.reabank)
Error prefetching https://github.com/zaibuyidao/ReaScripts/raw/e12fe7aa76eb518dbad8e3e5567316e35cf577a2/Various/Articulation%20Map/banks/75-96%20Three-Body%20Raindrop%20&amp;%20Blade%20(%E6%89%AC%E7%90%B4%E8%90%BD%E8%8B%B1).reabank (redirected from https://github.com/zaibuyidao/ReaScripts/raw/e12fe7aa76eb518dbad8e3e5567316e35cf577a2/Various/Articulation%20Map/banks/75-96%20Three-Body%20Raindrop%20&amp;%20Blade%20(%E6%89%AC%E7%90%B4%E8%90%BD%E8%8B%B1).reabank)
Error prefetching https://github.com/zaibuyidao/ReaScripts/raw/e12fe7aa76eb518dbad8e3e5567316e35cf577a2/Various/Articulation%20Map/banks/75-96%20Three-Body%20Raindrop%20&amp;%20Blade.reabank (redirected from https://github.com/zaibuyidao/ReaScripts/raw/e12fe7aa76eb518dbad8e3e5567316e35cf577a2/Various/Articulation%20Map/banks/75-96%20Three-Body%20Raindrop%20&amp;%20Blade.reabank)
Error prefetching https://github.com/zaibuyidao/ReaScripts/raw/622c766f902a2bf27adb510d3f5f09cebe0c1f93/Various/Articulation%20Map/banks/75-96%20Three-Body%20Raindrop%20&amp;%20Blade%20(%E6%89%AC%E7%90%B4%E8%90%BD%E8%8B%B1).reabank (redirected from https://github.com/zaibuyidao/ReaScripts/raw/622c766f902a2bf27adb510d3f5f09cebe0c1f93/Various/Articulation%20Map/banks/75-96%20Three-Body%20Raindrop%20&amp;%20Blade%20(%E6%89%AC%E7%90%B4%E8%90%BD%E8%8B%B1).reabank)
Error prefetching https://github.com/zaibuyidao/ReaScripts/raw/622c766f902a2bf27adb510d3f5f09cebe0c1f93/Various/Articulation%20Map/banks/75-96%20Three-Body%20Raindrop%20&amp;%20Blade.reabank (redirected from https://github.com/zaibuyidao/ReaScripts/raw/622c766f902a2bf27adb510d3f5f09cebe0c1f93/Various/Articulation%20Map/banks/75-96%20Three-Body%20Raindrop%20&amp;%20Blade.reabank)
Error prefetching https://github.com/zaibuyidao/ReaScripts/raw/0c928e5ff9dcd46dbc5c557841db59c4cd32d0ca/Various/Articulation%20Map/banks/75-96%20Three-Body%20Raindrop%20&amp;%20Blade%20(%E6%89%AC%E7%90%B4%E8%90%BD%E8%8B%B1).reabank (redirected from https://github.com/zaibuyidao/ReaScripts/raw/0c928e5ff9dcd46dbc5c557841db59c4cd32d0ca/Various/Articulation%20Map/banks/75-96%20Three-Body%20Raindrop%20&amp;%20Blade%20(%E6%89%AC%E7%90%B4%E8%90%BD%E8%8B%B1).reabank)
Error prefetching https://github.com/zaibuyidao/ReaScripts/raw/0c928e5ff9dcd46dbc5c557841db59c4cd32d0ca/Various/Articulation%20Map/banks/75-96%20Three-Body%20Raindrop%20&amp;%20Blade.reabank (redirected from https://github.com/zaibuyidao/ReaScripts/raw/0c928e5ff9dcd46dbc5c557841db59c4cd32d0ca/Various/Articulation%20Map/banks/75-96%20Three-Body%20Raindrop%20&amp;%20Blade.reabank)
Error prefetching https://github.com/zaibuyidao/ReaScripts/raw/b0ca8653118aa2b4b8dd9f9cfd8abfa76e636e92/Various/Articulation%20Map/banks/75-96%20Three-Body%20Raindrop%20&amp;%20Blade%20(%E6%89%AC%E7%90%B4%E8%90%BD%E8%8B%B1).reabank (redirected from https://github.com/zaibuyidao/ReaScripts/raw/b0ca8653118aa2b4b8dd9f9cfd8abfa76e636e92/Various/Articulation%20Map/banks/75-96%20Three-Body%20Raindrop%20&amp;%20Blade%20(%E6%89%AC%E7%90%B4%E8%90%BD%E8%8B%B1).reabank)
Error prefetching https://github.com/zaibuyidao/ReaScripts/raw/b0ca8653118aa2b4b8dd9f9cfd8abfa76e636e92/Various/Articulation%20Map/banks/75-96%20Three-Body%20Raindrop%20&amp;%20Blade.reabank (redirected from https://github.com/zaibuyidao/ReaScripts/raw/b0ca8653118aa2b4b8dd9f9cfd8abfa76e636e92/Various/Articulation%20Map/banks/75-96%20Three-Body%20Raindrop%20&amp;%20Blade.reabank)
Error prefetching https://github.com/zaibuyidao/ReaScripts/raw/2e38320cf0aaf334140e9d51181283fcdbf3ca3a/Various/Articulation%20Map/banks/75-96%20Three-Body%20Raindrop%20&amp;%20Blade%20(%E6%89%AC%E7%90%B4%E8%90%BD%E8%8B%B1).reabank (redirected from https://github.com/zaibuyidao/ReaScripts/raw/2e38320cf0aaf334140e9d51181283fcdbf3ca3a/Various/Articulation%20Map/banks/75-96%20Three-Body%20Raindrop%20&amp;%20Blade%20(%E6%89%AC%E7%90%B4%E8%90%BD%E8%8B%B1).reabank)
Error prefetching https://github.com/zaibuyidao/ReaScripts/raw/2e38320cf0aaf334140e9d51181283fcdbf3ca3a/Various/Articulation%20Map/banks/75-96%20Three-Body%20Raindrop%20&amp;%20Blade.reabank (redirected from https://github.com/zaibuyidao/ReaScripts/raw/2e38320cf0aaf334140e9d51181283fcdbf3ca3a/Various/Articulation%20Map/banks/75-96%20Three-Body%20Raindrop%20&amp;%20Blade.reabank)
Error prefetching https://github.com/juliansader/ReaExtensions/raw/master/js_ReaScriptAPI/v0.93/reaper_js_ReaScriptAPI64.dylib (redirected from https://github.com/juliansader/ReaExtensions/raw/master/js_ReaScriptAPI/v0.93/reaper_js_ReaScriptAPI64.dylib)
Error prefetching https://github.com/juliansader/ReaExtensions/raw/master/js_ReaScriptAPI/v0.93/reaper_js_ReaScriptAPI32.dylib (redirected from https://github.com/juliansader/ReaExtensions/raw/master/js_ReaScriptAPI/v0.93/reaper_js_ReaScriptAPI32.dylib)
Error prefetching https://github.com/juliansader/ReaExtensions/raw/master/js_ReaScriptAPI/v0.93/reaper_js_ReaScriptAPI32.dll (redirected from https://github.com/juliansader/ReaExtensions/raw/master/js_ReaScriptAPI/v0.93/reaper_js_ReaScriptAPI32.dll)
Error prefetching https://github.com/juliansader/ReaExtensions/raw/master/js_ReaScriptAPI/v0.93/reaper_js_ReaScriptAPI64.dll (redirected from https://github.com/juliansader/ReaExtensions/raw/master/js_ReaScriptAPI/v0.93/reaper_js_ReaScriptAPI64.dll)
Error prefetching https://github.com/juliansader/ReaExtensions/raw/master/js_ReaScriptAPI/v0.93/reaper_js_ReaScriptAPI32.so (redirected from https://github.com/juliansader/ReaExtensions/raw/master/js_ReaScriptAPI/v0.93/reaper_js_ReaScriptAPI32.so)
Error prefetching https://github.com/juliansader/ReaExtensions/raw/master/js_ReaScriptAPI/v0.94/reaper_js_ReaScriptAPI32.dylib (redirected from https://github.com/juliansader/ReaExtensions/raw/master/js_ReaScriptAPI/v0.94/reaper_js_ReaScriptAPI32.dylib)
Error prefetching https://github.com/juliansader/ReaExtensions/raw/master/js_ReaScriptAPI/v0.94/reaper_js_ReaScriptAPI64.dll (redirected from https://github.com/juliansader/ReaExtensions/raw/master/js_ReaScriptAPI/v0.94/reaper_js_ReaScriptAPI64.dll)
Error prefetching https://github.com/juliansader/ReaExtensions/raw/master/js_ReaScriptAPI/v0.94/reaper_js_ReaScriptAPI32.dll (redirected from https://github.com/juliansader/ReaExtensions/raw/master/js_ReaScriptAPI/v0.94/reaper_js_ReaScriptAPI32.dll)
Error prefetching https://github.com/juliansader/ReaExtensions/raw/master/js_ReaScriptAPI/v0.94/reaper_js_ReaScriptAPI64.dylib (redirected from https://github.com/juliansader/ReaExtensions/raw/master/js_ReaScriptAPI/v0.94/reaper_js_ReaScriptAPI64.dylib)
Error prefetching https://github.com/juliansader/ReaExtensions/raw/master/js_ReaScriptAPI/v0.94/reaper_js_ReaScriptAPI32.so (redirected from https://github.com/juliansader/ReaExtensions/raw/master/js_ReaScriptAPI/v0.94/reaper_js_ReaScriptAPI32.so)
Error prefetching https://github.com/juliansader/ReaExtensions/raw/master/js_ReaScriptAPI/v0.94/reaper_js_ReaScriptAPI64.so (redirected from https://github.com/juliansader/ReaExtensions/raw/master/js_ReaScriptAPI/v0.94/reaper_js_ReaScriptAPI64.so)
Error prefetching https://github.com/juliansader/ReaExtensions/raw/master/js_ReaScriptAPI/v0.95/reaper_js_ReaScriptAPI64.dylib (redirected from https://github.com/juliansader/ReaExtensions/raw/master/js_ReaScriptAPI/v0.95/reaper_js_ReaScriptAPI64.dylib)
Error prefetching https://github.com/juliansader/ReaExtensions/raw/master/js_ReaScriptAPI/v0.95/reaper_js_ReaScriptAPI32.dylib (redirected from https://github.com/juliansader/ReaExtensions/raw/master/js_ReaScriptAPI/v0.95/reaper_js_ReaScriptAPI32.dylib)
Error prefetching https://github.com/juliansader/ReaExtensions/raw/master/js_ReaScriptAPI/v0.95/reaper_js_ReaScriptAPI32.dll (redirected from https://github.com/juliansader/ReaExtensions/raw/master/js_ReaScriptAPI/v0.95/reaper_js_ReaScriptAPI32.dll)
Error prefetching https://github.com/juliansader/ReaExtensions/raw/master/js_ReaScriptAPI/v0.95/reaper_js_ReaScriptAPI64.dll (redirected from https://github.com/juliansader/ReaExtensions/raw/master/js_ReaScriptAPI/v0.95/reaper_js_ReaScriptAPI64.dll)
Error prefetching https://github.com/juliansader/ReaExtensions/raw/master/js_ReaScriptAPI/v0.95/reaper_js_ReaScriptAPI32.so (redirected from https://github.com/juliansader/ReaExtensions/raw/master/js_ReaScriptAPI/v0.95/reaper_js_ReaScriptAPI32.so)
Error prefetching https://github.com/juliansader/ReaExtensions/raw/master/js_ReaScriptAPI/v0.95/reaper_js_ReaScriptAPI64.so (redirected from https://github.com/juliansader/ReaExtensions/raw/master/js_ReaScriptAPI/v0.95/reaper_js_ReaScriptAPI64.so)
Error prefetching https://github.com/juliansader/ReaExtensions/raw/master/js_ReaScriptAPI/v0.951/reaper_js_ReaScriptAPI32.dylib (redirected from https://github.com/juliansader/ReaExtensions/raw/master/js_ReaScriptAPI/v0.951/reaper_js_ReaScriptAPI32.dylib)
Error prefetching https://github.com/juliansader/ReaExtensions/raw/master/js_ReaScriptAPI/v0.951/reaper_js_ReaScriptAPI64.dylib (redirected from https://github.com/juliansader/ReaExtensions/raw/master/js_ReaScriptAPI/v0.951/reaper_js_ReaScriptAPI64.dylib)
Error prefetching https://github.com/juliansader/ReaExtensions/raw/master/js_ReaScriptAPI/v0.951/reaper_js_ReaScriptAPI32.dll (redirected from https://github.com/juliansader/ReaExtensions/raw/master/js_ReaScriptAPI/v0.951/reaper_js_ReaScriptAPI32.dll)
Error prefetching https://github.com/juliansader/ReaExtensions/raw/master/js_ReaScriptAPI/v0.951/reaper_js_ReaScriptAPI32.so (redirected from https://github.com/juliansader/ReaExtensions/raw/master/js_ReaScriptAPI/v0.951/reaper_js_ReaScriptAPI32.so)
Error prefetching https://github.com/juliansader/ReaExtensions/raw/master/js_ReaScriptAPI/v0.951/reaper_js_ReaScriptAPI64.dll (redirected from https://github.com/juliansader/ReaExtensions/raw/master/js_ReaScriptAPI/v0.951/reaper_js_ReaScriptAPI64.dll)
Error prefetching https://github.com/juliansader/ReaExtensions/raw/master/js_ReaScriptAPI/v0.962/reaper_js_ReaScriptAPI32.dylib (redirected from https://github.com/juliansader/ReaExtensions/raw/master/js_ReaScriptAPI/v0.962/reaper_js_ReaScriptAPI32.dylib)
Error prefetching https://github.com/juliansader/ReaExtensions/raw/master/js_ReaScriptAPI/v0.951/reaper_js_ReaScriptAPI64.so (redirected from https://github.com/juliansader/ReaExtensions/raw/master/js_ReaScriptAPI/v0.951/reaper_js_ReaScriptAPI64.so)
Error prefetching https://github.com/juliansader/ReaExtensions/raw/master/js_ReaScriptAPI/v0.962/reaper_js_ReaScriptAPI64.dylib (redirected from https://github.com/juliansader/ReaExtensions/raw/master/js_ReaScriptAPI/v0.962/reaper_js_ReaScriptAPI64.dylib)
Error prefetching https://github.com/juliansader/ReaExtensions/raw/master/js_ReaScriptAPI/v0.962/reaper_js_ReaScriptAPI32.dll (redirected from https://github.com/juliansader/ReaExtensions/raw/master/js_ReaScriptAPI/v0.962/reaper_js_ReaScriptAPI32.dll)
Error prefetching https://github.com/juliansader/ReaExtensions/raw/master/js_ReaScriptAPI/v0.962/reaper_js_ReaScriptAPI64.dll (redirected from https://github.com/juliansader/ReaExtensions/raw/master/js_ReaScriptAPI/v0.962/reaper_js_ReaScriptAPI64.dll)
Error prefetching https://github.com/juliansader/ReaExtensions/raw/master/js_ReaScriptAPI/v0.962/reaper_js_ReaScriptAPI32.so (redirected from https://github.com/juliansader/ReaExtensions/raw/master/js_ReaScriptAPI/v0.962/reaper_js_ReaScriptAPI32.so)
Error prefetching https://github.com/juliansader/ReaExtensions/raw/master/js_ReaScriptAPI/v0.963/reaper_js_ReaScriptAPI32.dylib (redirected from https://github.com/juliansader/ReaExtensions/raw/master/js_ReaScriptAPI/v0.963/reaper_js_ReaScriptAPI32.dylib)
Error prefetching https://github.com/juliansader/ReaExtensions/raw/master/js_ReaScriptAPI/v0.962/reaper_js_ReaScriptAPI64.so (redirected from https://github.com/juliansader/ReaExtensions/raw/master/js_ReaScriptAPI/v0.962/reaper_js_ReaScriptAPI64.so)
Error prefetching https://github.com/juliansader/ReaExtensions/raw/master/js_ReaScriptAPI/v0.963/reaper_js_ReaScriptAPI64.dylib (redirected from https://github.com/juliansader/ReaExtensions/raw/master/js_ReaScriptAPI/v0.963/reaper_js_ReaScriptAPI64.dylib)
Error prefetching https://github.com/juliansader/ReaExtensions/raw/master/js_ReaScriptAPI/v0.963/reaper_js_ReaScriptAPI32.dll (redirected from https://github.com/juliansader/ReaExtensions/raw/master/js_ReaScriptAPI/v0.963/reaper_js_ReaScriptAPI32.dll)
Error prefetching https://github.com/juliansader/ReaExtensions/raw/master/js_ReaScriptAPI/v0.963/reaper_js_ReaScriptAPI64.dll (redirected from https://github.com/juliansader/ReaExtensions/raw/master/js_ReaScriptAPI/v0.963/reaper_js_ReaScriptAPI64.dll)
Error prefetching https://github.com/juliansader/ReaExtensions/raw/master/js_ReaScriptAPI/v0.963/reaper_js_ReaScriptAPI32.so (redirected from https://github.com/juliansader/ReaExtensions/raw/master/js_ReaScriptAPI/v0.963/reaper_js_ReaScriptAPI32.so)
Error prefetching https://github.com/juliansader/ReaExtensions/raw/master/js_ReaScriptAPI/v0.964/reaper_js_ReaScriptAPI32.dylib (redirected from https://github.com/juliansader/ReaExtensions/raw/master/js_ReaScriptAPI/v0.964/reaper_js_ReaScriptAPI32.dylib)
Error prefetching https://github.com/juliansader/ReaExtensions/raw/master/js_ReaScriptAPI/v0.964/reaper_js_ReaScriptAPI64.dylib (redirected from https://github.com/juliansader/ReaExtensions/raw/master/js_ReaScriptAPI/v0.964/reaper_js_ReaScriptAPI64.dylib)
Error prefetching https://github.com/juliansader/ReaExtensions/raw/master/js_ReaScriptAPI/v0.964/reaper_js_ReaScriptAPI32.dll (redirected from https://github.com/juliansader/ReaExtensions/raw/master/js_ReaScriptAPI/v0.964/reaper_js_ReaScriptAPI32.dll)
Error prefetching https://github.com/juliansader/ReaExtensions/raw/master/js_ReaScriptAPI/v0.963/reaper_js_ReaScriptAPI64.so (redirected from https://github.com/juliansader/ReaExtensions/raw/master/js_ReaScriptAPI/v0.963/reaper_js_ReaScriptAPI64.so)
Error prefetching https://github.com/juliansader/ReaExtensions/raw/master/js_ReaScriptAPI/v0.964/reaper_js_ReaScriptAPI64.dll (redirected from https://github.com/juliansader/ReaExtensions/raw/master/js_ReaScriptAPI/v0.964/reaper_js_ReaScriptAPI64.dll)
Error prefetching https://github.com/juliansader/ReaExtensions/raw/master/js_ReaScriptAPI/v0.964/reaper_js_ReaScriptAPI32.so (redirected from https://github.com/juliansader/ReaExtensions/raw/master/js_ReaScriptAPI/v0.964/reaper_js_ReaScriptAPI32.so)
Error prefetching https://github.com/juliansader/ReaExtensions/raw/master/js_ReaScriptAPI/v0.964/reaper_js_ReaScriptAPI64.so (redirected from https://github.com/juliansader/ReaExtensions/raw/master/js_ReaScriptAPI/v0.964/reaper_js_ReaScriptAPI64.so)
Error prefetching https://github.com/juliansader/ReaExtensions/raw/master/js_ReaScriptAPI/v0.970/reaper_js_ReaScriptAPI32.dylib (redirected from https://github.com/juliansader/ReaExtensions/raw/master/js_ReaScriptAPI/v0.970/reaper_js_ReaScriptAPI32.dylib)
Error prefetching https://github.com/juliansader/ReaExtensions/raw/master/js_ReaScriptAPI/v0.970/reaper_js_ReaScriptAPI32.dll (redirected from https://github.com/juliansader/ReaExtensions/raw/master/js_ReaScriptAPI/v0.970/reaper_js_ReaScriptAPI32.dll)
Error prefetching https://github.com/juliansader/ReaExtensions/raw/master/js_ReaScriptAPI/v0.970/reaper_js_ReaScriptAPI64.dylib (redirected from https://github.com/juliansader/ReaExtensions/raw/master/js_ReaScriptAPI/v0.970/reaper_js_ReaScriptAPI64.dylib)
Error prefetching https://github.com/juliansader/ReaExtensions/raw/master/js_ReaScriptAPI/v0.970/reaper_js_ReaScriptAPI64.dll (redirected from https://github.com/juliansader/ReaExtensions/raw/master/js_ReaScriptAPI/v0.970/reaper_js_ReaScriptAPI64.dll)
Error prefetching https://github.com/juliansader/ReaExtensions/raw/master/js_ReaScriptAPI/v0.970/reaper_js_ReaScriptAPI32.so (redirected from https://github.com/juliansader/ReaExtensions/raw/master/js_ReaScriptAPI/v0.970/reaper_js_ReaScriptAPI32.so)
Error prefetching https://github.com/juliansader/ReaExtensions/raw/master/js_ReaScriptAPI/v0.970/reaper_js_ReaScriptAPI64.so (redirected from https://github.com/juliansader/ReaExtensions/raw/master/js_ReaScriptAPI/v0.970/reaper_js_ReaScriptAPI64.so)
Error prefetching https://github.com/juliansader/ReaExtensions/raw/master/js_ReaScriptAPI/v0.971/reaper_js_ReaScriptAPI32.dylib (redirected from https://github.com/juliansader/ReaExtensions/raw/master/js_ReaScriptAPI/v0.971/reaper_js_ReaScriptAPI32.dylib)
Error prefetching https://github.com/juliansader/ReaExtensions/raw/master/js_ReaScriptAPI/v0.971/reaper_js_ReaScriptAPI64.dylib (redirected from https://github.com/juliansader/ReaExtensions/raw/master/js_ReaScriptAPI/v0.971/reaper_js_ReaScriptAPI64.dylib)
Error prefetching https://github.com/juliansader/ReaExtensions/raw/master/js_ReaScriptAPI/v0.971/reaper_js_ReaScriptAPI32.dll (redirected from https://github.com/juliansader/ReaExtensions/raw/master/js_ReaScriptAPI/v0.971/reaper_js_ReaScriptAPI32.dll)
Error prefetching https://github.com/juliansader/ReaExtensions/raw/master/js_ReaScriptAPI/v0.971/reaper_js_ReaScriptAPI64.dll (redirected from https://github.com/juliansader/ReaExtensions/raw/master/js_ReaScriptAPI/v0.971/reaper_js_ReaScriptAPI64.dll)
Error prefetching https://github.com/juliansader/ReaExtensions/raw/master/js_ReaScriptAPI/v0.971/reaper_js_ReaScriptAPI32.so (redirected from https://github.com/juliansader/ReaExtensions/raw/master/js_ReaScriptAPI/v0.971/reaper_js_ReaScriptAPI32.so)
Error prefetching https://github.com/juliansader/ReaExtensions/raw/master/js_ReaScriptAPI/v0.971/reaper_js_ReaScriptAPI64.so (redirected from https://github.com/juliansader/ReaExtensions/raw/master/js_ReaScriptAPI/v0.971/reaper_js_ReaScriptAPI64.so)
Error prefetching https://github.com/juliansader/ReaExtensions/raw/master/js_ReaScriptAPI/v0.972/reaper_js_ReaScriptAPI32.dylib (redirected from https://github.com/juliansader/ReaExtensions/raw/master/js_ReaScriptAPI/v0.972/reaper_js_ReaScriptAPI32.dylib)
Error prefetching https://github.com/juliansader/ReaExtensions/raw/master/js_ReaScriptAPI/v0.972/reaper_js_ReaScriptAPI64.dylib (redirected from https://github.com/juliansader/ReaExtensions/raw/master/js_ReaScriptAPI/v0.972/reaper_js_ReaScriptAPI64.dylib)
Error prefetching https://github.com/juliansader/ReaExtensions/raw/master/js_ReaScriptAPI/v0.972/reaper_js_ReaScriptAPI32.dll (redirected from https://github.com/juliansader/ReaExtensions/raw/master/js_ReaScriptAPI/v0.972/reaper_js_ReaScriptAPI32.dll)
Error prefetching https://github.com/juliansader/ReaExtensions/raw/master/js_ReaScriptAPI/v0.972/reaper_js_ReaScriptAPI64.dll (redirected from https://github.com/juliansader/ReaExtensions/raw/master/js_ReaScriptAPI/v0.972/reaper_js_ReaScriptAPI64.dll)
Error prefetching https://github.com/juliansader/ReaExtensions/raw/master/js_ReaScriptAPI/v0.972/reaper_js_ReaScriptAPI32.so (redirected from https://github.com/juliansader/ReaExtensions/raw/master/js_ReaScriptAPI/v0.972/reaper_js_ReaScriptAPI32.so)
Error prefetching https://github.com/juliansader/ReaExtensions/raw/master/js_ReaScriptAPI/v0.972/reaper_js_ReaScriptAPI64.so (redirected from https://github.com/juliansader/ReaExtensions/raw/master/js_ReaScriptAPI/v0.972/reaper_js_ReaScriptAPI64.so)
Error prefetching https://github.com/juliansader/ReaExtensions/raw/master/js_ReaScriptAPI/v0.980/reaper_js_ReaScriptAPI32.dylib (redirected from https://github.com/juliansader/ReaExtensions/raw/master/js_ReaScriptAPI/v0.980/reaper_js_ReaScriptAPI32.dylib)
Error prefetching https://github.com/juliansader/ReaExtensions/raw/master/js_ReaScriptAPI/v0.980/reaper_js_ReaScriptAPI64.dylib (redirected from https://github.com/juliansader/ReaExtensions/raw/master/js_ReaScriptAPI/v0.980/reaper_js_ReaScriptAPI64.dylib)
Error prefetching https://github.com/juliansader/ReaExtensions/raw/master/js_ReaScriptAPI/v0.980/reaper_js_ReaScriptAPI32.dll (redirected from https://github.com/juliansader/ReaExtensions/raw/master/js_ReaScriptAPI/v0.980/reaper_js_ReaScriptAPI32.dll)
Error prefetching https://github.com/juliansader/ReaExtensions/raw/master/js_ReaScriptAPI/v0.980/reaper_js_ReaScriptAPI64.dll (redirected from https://github.com/juliansader/ReaExtensions/raw/master/js_ReaScriptAPI/v0.980/reaper_js_ReaScriptAPI64.dll)
Error prefetching https://github.com/juliansader/ReaExtensions/raw/master/js_ReaScriptAPI/v0.980/reaper_js_ReaScriptAPI32.so (redirected from https://github.com/juliansader/ReaExtensions/raw/master/js_ReaScriptAPI/v0.980/reaper_js_ReaScriptAPI32.so)
Error prefetching https://github.com/juliansader/ReaExtensions/raw/master/js_ReaScriptAPI/v0.980/reaper_js_ReaScriptAPI64.so (redirected from https://github.com/juliansader/ReaExtensions/raw/master/js_ReaScriptAPI/v0.980/reaper_js_ReaScriptAPI64.so)
Error prefetching https://github.com/juliansader/ReaExtensions/raw/master/js_ReaScriptAPI/v0.980/reaper_js_ReaScriptAPI32.dylib (redirected from https://github.com/juliansader/ReaExtensions/raw/master/js_ReaScriptAPI/v0.980/reaper_js_ReaScriptAPI32.dylib)
Error prefetching https://github.com/juliansader/ReaExtensions/raw/master/js_ReaScriptAPI/v0.980/reaper_js_ReaScriptAPI64.dylib (redirected from https://github.com/juliansader/ReaExtensions/raw/master/js_ReaScriptAPI/v0.980/reaper_js_ReaScriptAPI64.dylib)
Error prefetching https://github.com/juliansader/ReaExtensions/raw/master/js_ReaScriptAPI/v0.980/reaper_js_ReaScriptAPI32.dll (redirected from https://github.com/juliansader/ReaExtensions/raw/master/js_ReaScriptAPI/v0.980/reaper_js_ReaScriptAPI32.dll)
Error prefetching https://github.com/juliansader/ReaExtensions/raw/master/js_ReaScriptAPI/v0.980/reaper_js_ReaScriptAPI64.dll (redirected from https://github.com/juliansader/ReaExtensions/raw/master/js_ReaScriptAPI/v0.980/reaper_js_ReaScriptAPI64.dll)
Error prefetching https://github.com/juliansader/ReaExtensions/raw/master/js_ReaScriptAPI/v0.980/reaper_js_ReaScriptAPI32.so (redirected from https://github.com/juliansader/ReaExtensions/raw/master/js_ReaScriptAPI/v0.980/reaper_js_ReaScriptAPI32.so)
Error prefetching https://github.com/juliansader/ReaExtensions/raw/master/js_ReaScriptAPI/v0.980/reaper_js_ReaScriptAPI64.so (redirected from https://github.com/juliansader/ReaExtensions/raw/master/js_ReaScriptAPI/v0.980/reaper_js_ReaScriptAPI64.so)
Error prefetching https://github.com/juliansader/ReaExtensions/raw/master/js_ReaScriptAPI/v0.981/reaper_js_ReaScriptAPI32.dylib (redirected from https://github.com/juliansader/ReaExtensions/raw/master/js_ReaScriptAPI/v0.981/reaper_js_ReaScriptAPI32.dylib)
Error prefetching https://github.com/juliansader/ReaExtensions/raw/master/js_ReaScriptAPI/v0.981/reaper_js_ReaScriptAPI64.dylib (redirected from https://github.com/juliansader/ReaExtensions/raw/master/js_ReaScriptAPI/v0.981/reaper_js_ReaScriptAPI64.dylib)
Error prefetching https://github.com/juliansader/ReaExtensions/raw/master/js_ReaScriptAPI/v0.981/reaper_js_ReaScriptAPI32.dll (redirected from https://github.com/juliansader/ReaExtensions/raw/master/js_ReaScriptAPI/v0.981/reaper_js_ReaScriptAPI32.dll)
Error prefetching https://github.com/juliansader/ReaExtensions/raw/master/js_ReaScriptAPI/v0.981/reaper_js_ReaScriptAPI64.dll (redirected from https://github.com/juliansader/ReaExtensions/raw/master/js_ReaScriptAPI/v0.981/reaper_js_ReaScriptAPI64.dll)
Error prefetching https://github.com/juliansader/ReaExtensions/raw/master/js_ReaScriptAPI/v0.981/reaper_js_ReaScriptAPI32.so (redirected from https://github.com/juliansader/ReaExtensions/raw/master/js_ReaScriptAPI/v0.981/reaper_js_ReaScriptAPI32.so)
Error prefetching https://github.com/juliansader/ReaExtensions/raw/master/js_ReaScriptAPI/v0.982/reaper_js_ReaScriptAPI32.dylib (redirected from https://github.com/juliansader/ReaExtensions/raw/master/js_ReaScriptAPI/v0.982/reaper_js_ReaScriptAPI32.dylib)
Error prefetching https://github.com/juliansader/ReaExtensions/raw/master/js_ReaScriptAPI/v0.981/reaper_js_ReaScriptAPI64.so (redirected from https://github.com/juliansader/ReaExtensions/raw/master/js_ReaScriptAPI/v0.981/reaper_js_ReaScriptAPI64.so)
Error prefetching https://github.com/juliansader/ReaExtensions/raw/master/js_ReaScriptAPI/v0.982/reaper_js_ReaScriptAPI64.dylib (redirected from https://github.com/juliansader/ReaExtensions/raw/master/js_ReaScriptAPI/v0.982/reaper_js_ReaScriptAPI64.dylib)
Error prefetching https://github.com/juliansader/ReaExtensions/raw/master/js_ReaScriptAPI/v0.982/reaper_js_ReaScriptAPI32.dll (redirected from https://github.com/juliansader/ReaExtensions/raw/master/js_ReaScriptAPI/v0.982/reaper_js_ReaScriptAPI32.dll)
Error prefetching https://github.com/juliansader/ReaExtensions/raw/master/js_ReaScriptAPI/v0.982/reaper_js_ReaScriptAPI64.dll (redirected from https://github.com/juliansader/ReaExtensions/raw/master/js_ReaScriptAPI/v0.982/reaper_js_ReaScriptAPI64.dll)
Error prefetching https://github.com/juliansader/ReaExtensions/raw/master/js_ReaScriptAPI/v0.982/reaper_js_ReaScriptAPI32.so (redirected from https://github.com/juliansader/ReaExtensions/raw/master/js_ReaScriptAPI/v0.982/reaper_js_ReaScriptAPI32.so)
Error prefetching https://github.com/juliansader/ReaExtensions/raw/master/js_ReaScriptAPI/v0.984/reaper_js_ReaScriptAPI32.dylib (redirected from https://github.com/juliansader/ReaExtensions/raw/master/js_ReaScriptAPI/v0.984/reaper_js_ReaScriptAPI32.dylib)
Error prefetching https://github.com/juliansader/ReaExtensions/raw/master/js_ReaScriptAPI/v0.982/reaper_js_ReaScriptAPI64.so (redirected from https://github.com/juliansader/ReaExtensions/raw/master/js_ReaScriptAPI/v0.982/reaper_js_ReaScriptAPI64.so)
Error prefetching https://github.com/juliansader/ReaExtensions/raw/master/js_ReaScriptAPI/v0.984/reaper_js_ReaScriptAPI64.dylib (redirected from https://github.com/juliansader/ReaExtensions/raw/master/js_ReaScriptAPI/v0.984/reaper_js_ReaScriptAPI64.dylib)
Error prefetching https://github.com/juliansader/ReaExtensions/raw/master/js_ReaScriptAPI/v0.984/reaper_js_ReaScriptAPI32.dll (redirected from https://github.com/juliansader/ReaExtensions/raw/master/js_ReaScriptAPI/v0.984/reaper_js_ReaScriptAPI32.dll)
Error prefetching https://github.com/juliansader/ReaExtensions/raw/master/js_ReaScriptAPI/v0.984/reaper_js_ReaScriptAPI32.so (redirected from https://github.com/juliansader/ReaExtensions/raw/master/js_ReaScriptAPI/v0.984/reaper_js_ReaScriptAPI32.so)
Error prefetching https://github.com/juliansader/ReaExtensions/raw/master/js_ReaScriptAPI/v0.984/reaper_js_ReaScriptAPI64.dll (redirected from https://github.com/juliansader/ReaExtensions/raw/master/js_ReaScriptAPI/v0.984/reaper_js_ReaScriptAPI64.dll)
Error prefetching https://github.com/juliansader/ReaExtensions/raw/master/js_ReaScriptAPI/v0.984/reaper_js_ReaScriptAPI64.so (redirected from https://github.com/juliansader/ReaExtensions/raw/master/js_ReaScriptAPI/v0.984/reaper_js_ReaScriptAPI64.so)
Error prefetching https://github.com/juliansader/ReaExtensions/raw/master/js_ReaScriptAPI/v0.985/reaper_js_ReaScriptAPI32.dylib (redirected from https://github.com/juliansader/ReaExtensions/raw/master/js_ReaScriptAPI/v0.985/reaper_js_ReaScriptAPI32.dylib)
Error prefetching https://github.com/juliansader/ReaExtensions/raw/master/js_ReaScriptAPI/v0.985/reaper_js_ReaScriptAPI64.dylib (redirected from https://github.com/juliansader/ReaExtensions/raw/master/js_ReaScriptAPI/v0.985/reaper_js_ReaScriptAPI64.dylib)
Error prefetching https://github.com/juliansader/ReaExtensions/raw/master/js_ReaScriptAPI/v0.985/reaper_js_ReaScriptAPI32.dll (redirected from https://github.com/juliansader/ReaExtensions/raw/master/js_ReaScriptAPI/v0.985/reaper_js_ReaScriptAPI32.dll)
Error prefetching https://github.com/juliansader/ReaExtensions/raw/master/js_ReaScriptAPI/v0.985/reaper_js_ReaScriptAPI64.dll (redirected from https://github.com/juliansader/ReaExtensions/raw/master/js_ReaScriptAPI/v0.985/reaper_js_ReaScriptAPI64.dll)
Error prefetching https://github.com/juliansader/ReaExtensions/raw/master/js_ReaScriptAPI/v0.985/reaper_js_ReaScriptAPI32.so (redirected from https://github.com/juliansader/ReaExtensions/raw/master/js_ReaScriptAPI/v0.985/reaper_js_ReaScriptAPI32.so)
Error prefetching https://github.com/juliansader/ReaExtensions/raw/master/js_ReaScriptAPI/v0.985/reaper_js_ReaScriptAPI64.so (redirected from https://github.com/juliansader/ReaExtensions/raw/master/js_ReaScriptAPI/v0.985/reaper_js_ReaScriptAPI64.so)
Error prefetching https://github.com/juliansader/ReaExtensions/raw/master/js_ReaScriptAPI/v0.986/reaper_js_ReaScriptAPI32.dylib (redirected from https://github.com/juliansader/ReaExtensions/raw/master/js_ReaScriptAPI/v0.986/reaper_js_ReaScriptAPI32.dylib)
Error prefetching https://github.com/juliansader/ReaExtensions/raw/master/js_ReaScriptAPI/v0.986/reaper_js_ReaScriptAPI64.dylib (redirected from https://github.com/juliansader/ReaExtensions/raw/master/js_ReaScriptAPI/v0.986/reaper_js_ReaScriptAPI64.dylib)
Error prefetching https://github.com/juliansader/ReaExtensions/raw/master/js_ReaScriptAPI/v0.986/reaper_js_ReaScriptAPI32.dll (redirected from https://github.com/juliansader/ReaExtensions/raw/master/js_ReaScriptAPI/v0.986/reaper_js_ReaScriptAPI32.dll)
Error prefetching https://github.com/juliansader/ReaExtensions/raw/master/js_ReaScriptAPI/v0.986/reaper_js_ReaScriptAPI64.dll (redirected from https://github.com/juliansader/ReaExtensions/raw/master/js_ReaScriptAPI/v0.986/reaper_js_ReaScriptAPI64.dll)
Error prefetching https://github.com/juliansader/ReaExtensions/raw/master/js_ReaScriptAPI/v0.986/reaper_js_ReaScriptAPI32.so (redirected from https://github.com/juliansader/ReaExtensions/raw/master/js_ReaScriptAPI/v0.986/reaper_js_ReaScriptAPI32.so)
Error prefetching https://github.com/juliansader/ReaExtensions/raw/master/js_ReaScriptAPI/v0.986/reaper_js_ReaScriptAPI64.so (redirected from https://github.com/juliansader/ReaExtensions/raw/master/js_ReaScriptAPI/v0.986/reaper_js_ReaScriptAPI64.so)
Error prefetching https://github.com/juliansader/ReaExtensions/raw/master/js_ReaScriptAPI/v0.987/reaper_js_ReaScriptAPI32.dylib (redirected from https://github.com/juliansader/ReaExtensions/raw/master/js_ReaScriptAPI/v0.987/reaper_js_ReaScriptAPI32.dylib)
Error prefetching https://github.com/juliansader/ReaExtensions/raw/master/js_ReaScriptAPI/v0.987/reaper_js_ReaScriptAPI64.dylib (redirected from https://github.com/juliansader/ReaExtensions/raw/master/js_ReaScriptAPI/v0.987/reaper_js_ReaScriptAPI64.dylib)
Error prefetching https://github.com/juliansader/ReaExtensions/raw/master/js_ReaScriptAPI/v0.987/reaper_js_ReaScriptAPI32.dll (redirected from https://github.com/juliansader/ReaExtensions/raw/master/js_ReaScriptAPI/v0.987/reaper_js_ReaScriptAPI32.dll)
Error prefetching https://github.com/juliansader/ReaExtensions/raw/master/js_ReaScriptAPI/v0.987/reaper_js_ReaScriptAPI64.dll (redirected from https://github.com/juliansader/ReaExtensions/raw/master/js_ReaScriptAPI/v0.987/reaper_js_ReaScriptAPI64.dll)
Error prefetching https://github.com/juliansader/ReaExtensions/raw/master/js_ReaScriptAPI/v0.987/reaper_js_ReaScriptAPI32.so (redirected from https://github.com/juliansader/ReaExtensions/raw/master/js_ReaScriptAPI/v0.987/reaper_js_ReaScriptAPI32.so)
Error prefetching https://github.com/juliansader/ReaExtensions/raw/master/js_ReaScriptAPI/v0.988/reaper_js_ReaScriptAPI32.dylib (redirected from https://github.com/juliansader/ReaExtensions/raw/master/js_ReaScriptAPI/v0.988/reaper_js_ReaScriptAPI32.dylib)
Error prefetching https://github.com/juliansader/ReaExtensions/raw/master/js_ReaScriptAPI/v0.987/reaper_js_ReaScriptAPI64.so (redirected from https://github.com/juliansader/ReaExtensions/raw/master/js_ReaScriptAPI/v0.987/reaper_js_ReaScriptAPI64.so)
Error prefetching https://github.com/juliansader/ReaExtensions/raw/master/js_ReaScriptAPI/v0.988/reaper_js_ReaScriptAPI64.dylib (redirected from https://github.com/juliansader/ReaExtensions/raw/master/js_ReaScriptAPI/v0.988/reaper_js_ReaScriptAPI64.dylib)
Error prefetching https://github.com/juliansader/ReaExtensions/raw/master/js_ReaScriptAPI/v0.988/reaper_js_ReaScriptAPI32.dll (redirected from https://github.com/juliansader/ReaExtensions/raw/master/js_ReaScriptAPI/v0.988/reaper_js_ReaScriptAPI32.dll)
Error prefetching https://github.com/juliansader/ReaExtensions/raw/master/js_ReaScriptAPI/v0.988/reaper_js_ReaScriptAPI64.dll (redirected from https://github.com/juliansader/ReaExtensions/raw/master/js_ReaScriptAPI/v0.988/reaper_js_ReaScriptAPI64.dll)
Error prefetching https://github.com/juliansader/ReaExtensions/raw/master/js_ReaScriptAPI/v0.988/reaper_js_ReaScriptAPI32.so (redirected from https://github.com/juliansader/ReaExtensions/raw/master/js_ReaScriptAPI/v0.988/reaper_js_ReaScriptAPI32.so)
Error prefetching https://github.com/juliansader/ReaExtensions/raw/master/js_ReaScriptAPI/v0.988/reaper_js_ReaScriptAPI64.so (redirected from https://github.com/juliansader/ReaExtensions/raw/master/js_ReaScriptAPI/v0.988/reaper_js_ReaScriptAPI64.so)
Error prefetching https://github.com/juliansader/ReaExtensions/raw/master/js_ReaScriptAPI/v0.989/reaper_js_ReaScriptAPI32.dylib (redirected from https://github.com/juliansader/ReaExtensions/raw/master/js_ReaScriptAPI/v0.989/reaper_js_ReaScriptAPI32.dylib)
Error prefetching https://github.com/juliansader/ReaExtensions/raw/master/js_ReaScriptAPI/v0.989/reaper_js_ReaScriptAPI64.dylib (redirected from https://github.com/juliansader/ReaExtensions/raw/master/js_ReaScriptAPI/v0.989/reaper_js_ReaScriptAPI64.dylib)
Error prefetching https://github.com/juliansader/ReaExtensions/raw/master/js_ReaScriptAPI/v0.989/reaper_js_ReaScriptAPI32.dll (redirected from https://github.com/juliansader/ReaExtensions/raw/master/js_ReaScriptAPI/v0.989/reaper_js_ReaScriptAPI32.dll)
Error prefetching https://github.com/juliansader/ReaExtensions/raw/master/js_ReaScriptAPI/v0.989/reaper_js_ReaScriptAPI64.dll (redirected from https://github.com/juliansader/ReaExtensions/raw/master/js_ReaScriptAPI/v0.989/reaper_js_ReaScriptAPI64.dll)
Error prefetching https://github.com/juliansader/ReaExtensions/raw/master/js_ReaScriptAPI/v0.989/reaper_js_ReaScriptAPI32.so (redirected from https://github.com/juliansader/ReaExtensions/raw/master/js_ReaScriptAPI/v0.989/reaper_js_ReaScriptAPI32.so)
Error prefetching https://github.com/juliansader/ReaExtensions/raw/master/js_ReaScriptAPI/v0.989/reaper_js_ReaScriptAPI64.so (redirected from https://github.com/juliansader/ReaExtensions/raw/master/js_ReaScriptAPI/v0.989/reaper_js_ReaScriptAPI64.so)
Error prefetching https://github.com/juliansader/ReaExtensions/raw/master/js_ReaScriptAPI/v0.994/reaper_js_ReaScriptAPI32.dylib (redirected from https://github.com/juliansader/ReaExtensions/raw/master/js_ReaScriptAPI/v0.994/reaper_js_ReaScriptAPI32.dylib)
Error prefetching https://github.com/juliansader/ReaExtensions/raw/master/js_ReaScriptAPI/v0.994/reaper_js_ReaScriptAPI64.dylib (redirected from https://github.com/juliansader/ReaExtensions/raw/master/js_ReaScriptAPI/v0.994/reaper_js_ReaScriptAPI64.dylib)
Error prefetching https://github.com/juliansader/ReaExtensions/raw/master/js_ReaScriptAPI/v0.994/reaper_js_ReaScriptAPI32.dll (redirected from https://github.com/juliansader/ReaExtensions/raw/master/js_ReaScriptAPI/v0.994/reaper_js_ReaScriptAPI32.dll)
Error prefetching https://github.com/juliansader/ReaExtensions/raw/master/js_ReaScriptAPI/v0.994/reaper_js_ReaScriptAPI64.dll (redirected from https://github.com/juliansader/ReaExtensions/raw/master/js_ReaScriptAPI/v0.994/reaper_js_ReaScriptAPI64.dll)
Error prefetching https://github.com/juliansader/ReaExtensions/raw/master/js_ReaScriptAPI/v0.994/reaper_js_ReaScriptAPI32.so (redirected from https://github.com/juliansader/ReaExtensions/raw/master/js_ReaScriptAPI/v0.994/reaper_js_ReaScriptAPI32.so)
Error prefetching https://github.com/juliansader/ReaExtensions/raw/master/js_ReaScriptAPI/v0.994/reaper_js_ReaScriptAPI64.so (redirected from https://github.com/juliansader/ReaExtensions/raw/master/js_ReaScriptAPI/v0.994/reaper_js_ReaScriptAPI64.so)
Error prefetching https://github.com/juliansader/ReaExtensions/raw/master/js_ReaScriptAPI/v1.217/reaper_js_ReaScriptAPI32.dylib (redirected from https://github.com/juliansader/ReaExtensions/raw/master/js_ReaScriptAPI/v1.217/reaper_js_ReaScriptAPI32.dylib)
Error prefetching https://github.com/brummbrum/reaKontrol/releases/download/v1.00/reakontrol_EXAMPLE.ini (redirected from https://github.com/brummbrum/reaKontrol/releases/download/v1.00/reakontrol_EXAMPLE.ini)
Error prefetching https://github.com/ak5k/reallm/releases/download/0.6.1/reaper_reallm-i386.dylib (redirected from https://github.com/ak5k/reallm/releases/download/0.6.1/reaper_reallm-i386.dylib)
Error prefetching https://raw.githubusercontent.com/TukanStudios/TUKAN_STUDIOS_PLUGINS/main/D%23-Treasure%20(Tukan) (redirected from https://raw.githubusercontent.com/TukanStudios/TUKAN_STUDIOS_PLUGINS/main/D%23-Treasure%20(Tukan))
Error prefetching https://raw.githubusercontent.com/TukanStudios/TUKAN_STUDIOS_PLUGINS/main/V1-1/ExpGate%25202%2520%28Tukan%2911.png (redirected from https://raw.githubusercontent.com/TukanStudios/TUKAN_STUDIOS_PLUGINS/main//V1-1/ExpGate%202%20(Tukan)11.png)
Error prefetching https://raw.githubusercontent.com/TukanStudios/TUKAN_STUDIOS_PLUGINS/main/V1-1/ExpGate%25202%2520%28Tukan%29.png (redirected from https://raw.githubusercontent.com/TukanStudios/TUKAN_STUDIOS_PLUGINS/main//V1-1/ExpGate%202%20(Tukan).png)
Error prefetching https://raw.githubusercontent.com/TukanStudios/TUKAN_STUDIOS_PLUGINS/main/V0-0/LA-1A%20(Tukan) (redirected from https://raw.githubusercontent.com/TukanStudios/TUKAN_STUDIOS_PLUGINS/main/V0-0/LA-1A%20(Tukan))
Error prefetching https://raw.githubusercontent.com/TukanStudios/TUKAN_STUDIOS_PLUGINS/main/V0-0/Delaymachine2%20(Tukan).png (redirected from https://raw.githubusercontent.com/TukanStudios/TUKAN_STUDIOS_PLUGINS/main/V0-0/Delaymachine2%20(Tukan).png)
Error prefetching https://raw.githubusercontent.com/AmelianceSkyMusic/ASM_Reaper_scripts/28e3c8ce7e9990d47ab343f515d003dc26ea68b2/SEPARATES/%E2%80%A2%E2%80%A2%E2%80%A2%E2%80%A2%E2%80%A2%E2%80%A2%E2%80%A2%E2%80%A2%E2%80%A2%E2%80%A2%E2%80%A2%E2%80%A2%E2%80%A2%E2%80%A2%E2%80%A2%E2%80%A2%E2%80%A2%E2%80%A2%E2%80%A2%E2%80%A2%E2%80%A2%E2%80%A2%E2%80%A2%E2%80%A2%E2%80%A2%E2%80%A2%E2%80%A2%E2%80%A2%E2%80%A2%E2%80%A2%E2%80%A2%E2%80%A2%E2%80%A2%E2%80%A2%E2%80%A2%E2%80%A2%E2%80%A2%E2%80%A2%E2%80%A2%E2%80%A2%E2%80%A2%E2%80%A2%E2%80%A2%E2%80%A2%E2%80%A2%E2%80%A2%E2%80%A2%E2%80%A2%E2%80%A2%E2%80%A2%E2%80%A2%E2%80%A2%E2%80%A2%E2%80%A2%E2%80%A2%E2%80%A2%E2%80%A2%E2%80%A2%E2%80%A2%E2%80%A2.lua (redirected from https://github.com/AmelianceSkyMusic/ASM_Reaper_scripts/raw/28e3c8ce7e9990d47ab343f515d003dc26ea68b2/SEPARATES/%E2%80%A2%E2%80%A2%E2%80%A2%E2%80%A2%E2%80%A2%E2%80%A2%E2%80%A2%E2%80%A2%E2%80%A2%E2%80%A2%E2%80%A2%E2%80%A2%E2%80%A2%E2%80%A2%E2%80%A2%E2%80%A2%E2%80%A2%E2%80%A2%E2%80%A2%E2%80%A2%E2%80%A2%E2%80%A2%E2%80%A2%E2%80%A2%E2%80%A2%E2%80%A2%E2%80%A2%E2%80%A2%E2%80%A2%E2%80%A2%E2%80%A2%E2%80%A2%E2%80%A2%E2%80%A2%E2%80%A2%E2%80%A2%E2%80%A2%E2%80%A2%E2%80%A2%E2%80%A2%E2%80%A2%E2%80%A2%E2%80%A2%E2%80%A2%E2%80%A2%E2%80%A2%E2%80%A2%E2%80%A2%E2%80%A2%E2%80%A2%E2%80%A2%E2%80%A2%E2%80%A2%E2%80%A2%E2%80%A2%E2%80%A2%E2%80%A2%E2%80%A2%E2%80%A2%E2%80%A2.lua)
Error prefetching https://github.com/JoepVanlier/JSFX/raw/5989519d5e13880fe49fa56b6b34dd7147376a9d/saike_midi_arp/midi_arp_dependencies/saike_arp_midi_handling.jsfx-inc (redirected from https://github.com/JoepVanlier/JSFX/raw/5989519d5e13880fe49fa56b6b34dd7147376a9d/saike_midi_arp/midi_arp_dependencies/saike_arp_midi_handling.jsfx-inc)
Error prefetching https://github.com/JoepVanlier/JSFX/raw/5989519d5e13880fe49fa56b6b34dd7147376a9d/saike_midi_arp/midi_arp_dependencies/saike_midi_arp_gfx_funcs.jsfx-inc (redirected from https://github.com/JoepVanlier/JSFX/raw/5989519d5e13880fe49fa56b6b34dd7147376a9d/saike_midi_arp/midi_arp_dependencies/saike_midi_arp_gfx_funcs.jsfx-inc)
Error prefetching https://github.com/JoepVanlier/JSFX/raw/5989519d5e13880fe49fa56b6b34dd7147376a9d/saike_midi_arp/midi_arp_dependencies/saike_midi_arp_pattern_handling.jsfx-inc (redirected from https://github.com/JoepVanlier/JSFX/raw/5989519d5e13880fe49fa56b6b34dd7147376a9d/saike_midi_arp/midi_arp_dependencies/saike_midi_arp_pattern_handling.jsfx-inc)
Error prefetching https://github.com/helgoboss/helgobox-app-dist/releases/download/v0.22.0/helgobox-app-linux-arm64.tar.zst (redirected from https://github.com/helgoboss/helgobox-app-dist/releases/download/v0.22.0/helgobox-app-linux-arm64.tar.zst)
Error prefetching https://github.com/helgoboss/helgobox-app-dist/releases/download/v0.21.0/helgobox-app-linux-arm64.tar.zst (redirected from https://github.com/helgoboss/helgobox-app-dist/releases/download/v0.21.0/helgobox-app-linux-arm64.tar.zst)
Error prefetching https://github.com/helgoboss/helgobox/releases/download/v2.13.0-pre-13/realearn-windows-x86_64.dll (redirected from https://github.com/helgoboss/helgobox/releases/download/v2.13.0-pre-13/realearn-windows-x86_64.dll)
Error prefetching https://github.com/helgoboss/helgobox/releases/download/v2.13.0-pre-13/realearn-macos-x86_64.vst.dylib (redirected from https://github.com/helgoboss/helgobox/releases/download/v2.13.0-pre-13/realearn-macos-x86_64.vst.dylib)
Error prefetching https://github.com/helgoboss/helgobox/releases/download/v2.13.0-pre-13/realearn-linux-x86_64.so (redirected from https://github.com/helgoboss/helgobox/releases/download/v2.13.0-pre-13/realearn-linux-x86_64.so)
Error prefetching https://github.com/helgoboss/helgobox/releases/download/v2.13.0-pre-13/realearn-user-guide.pdf (redirected from https://github.com/helgoboss/helgobox/releases/download/v2.13.0-pre-13/realearn-user-guide.pdf)
Error prefetching https://github.com/helgoboss/helgobox/releases/download/v2.13.0-pre-13/realearn-user-guide.pdf (redirected from https://github.com/helgoboss/helgobox/releases/download/v2.13.0-pre-13/realearn-user-guide.pdf)
Error prefetching https://github.com/helgoboss/helgobox/releases/download/v2.13.0-pre-13/realearn-user-guide.pdf (redirected from https://github.com/helgoboss/helgobox/releases/download/v2.13.0-pre-13/realearn-user-guide.pdf)
Error prefetching https://github.com/helgoboss/helgobox/releases/download/v2.13.0-pre-13/realearn-user-guide.pdf (redirected from https://github.com/helgoboss/helgobox/releases/download/v2.13.0-pre-13/realearn-user-guide.pdf)
Error prefetching https://github.com/helgoboss/helgobox/releases/download/v2.13.0-pre-13/realearn-macos-aarch64.vst.dylib (redirected from https://github.com/helgoboss/helgobox/releases/download/v2.13.0-pre-13/realearn-macos-aarch64.vst.dylib)
Error prefetching https://github.com/helgoboss/helgobox/releases/download/v2.13.0-pre-13/realearn-user-guide.pdf (redirected from https://github.com/helgoboss/helgobox/releases/download/v2.13.0-pre-13/realearn-user-guide.pdf)
Error prefetching https://github.com/helgoboss/helgobox/releases/download/v2.13.0-pre-13/realearn-linux-aarch64.so (redirected from https://github.com/helgoboss/helgobox/releases/download/v2.13.0-pre-13/realearn-linux-aarch64.so)
Error prefetching https://github.com/helgoboss/helgobox/releases/download/v2.9.0-pre.9/realearn-windows-x86_64.dll (redirected from https://github.com/helgoboss/helgobox/releases/download/v2.9.0-pre.9/realearn-windows-x86_64.dll)
Error prefetching https://github.com/helgoboss/helgobox/releases/download/v2.9.0-pre.9/realearn-macos-x86_64.vst.dylib (redirected from https://github.com/helgoboss/helgobox/releases/download/v2.9.0-pre.9/realearn-macos-x86_64.vst.dylib)
Error prefetching https://github.com/helgoboss/helgobox/releases/download/v2.9.0-pre.9/realearn-linux-x86_64.so (redirected from https://github.com/helgoboss/helgobox/releases/download/v2.9.0-pre.9/realearn-linux-x86_64.so)
Error prefetching https://github.com/helgoboss/helgobox/releases/download/v2.9.0-pre.9/realearn-user-guide.pdf (redirected from https://github.com/helgoboss/helgobox/releases/download/v2.9.0-pre.9/realearn-user-guide.pdf)
Error prefetching https://github.com/helgoboss/helgobox/releases/download/v2.9.0-pre.9/realearn-user-guide.pdf (redirected from https://github.com/helgoboss/helgobox/releases/download/v2.9.0-pre.9/realearn-user-guide.pdf)
Error prefetching https://github.com/helgoboss/helgobox/releases/download/v2.9.0-pre.9/realearn-user-guide.pdf (redirected from https://github.com/helgoboss/helgobox/releases/download/v2.9.0-pre.9/realearn-user-guide.pdf)
Error prefetching https://github.com/helgoboss/helgobox/releases/download/v2.9.0-pre.9/realearn-user-guide.pdf (redirected from https://github.com/helgoboss/helgobox/releases/download/v2.9.0-pre.9/realearn-user-guide.pdf)
Error prefetching https://github.com/helgoboss/helgobox/releases/download/v2.9.0-pre.9/realearn-macos-aarch64.vst.dylib (redirected from https://github.com/helgoboss/helgobox/releases/download/v2.9.0-pre.9/realearn-macos-aarch64.vst.dylib)
Error prefetching https://github.com/helgoboss/helgobox/releases/download/v1.12.0-pre4/realearn-linux-x86_64.so (redirected from https://github.com/helgoboss/helgobox/releases/download/v1.12.0-pre4/realearn-linux-x86_64.so)
Error prefetching https://github.com/helgoboss/helgobox/releases/download/v2.13.0-pre-13/realearn-windows-i686.dll (redirected from https://github.com/helgoboss/helgobox/releases/download/v2.13.0-pre-13/realearn-windows-i686.dll)
Error prefetching https://github.com/helgoboss/helgobox/releases/download/v2.13.0-pre-13/realearn-user-guide.pdf (redirected from https://github.com/helgoboss/helgobox/releases/download/v2.13.0-pre-13/realearn-user-guide.pdf)
Error prefetching https://github.com/helgoboss/helgobox/releases/download/v2.13.0-pre-13/realearn-user-guide.pdf (redirected from https://github.com/helgoboss/helgobox/releases/download/v2.13.0-pre-13/realearn-user-guide.pdf)
Error prefetching https://github.com/helgoboss/helgobox/releases/download/v2.13.0-pre-13/realearn-linux-armv7.so (redirected from https://github.com/helgoboss/helgobox/releases/download/v2.13.0-pre-13/realearn-linux-armv7.so)
Error prefetching https://github.com/helgoboss/helgobox/releases/download/v2.9.0-pre.9/realearn-windows-i686.dll (redirected from https://github.com/helgoboss/helgobox/releases/download/v2.9.0-pre.9/realearn-windows-i686.dll)
Error prefetching https://github.com/helgoboss/helgobox/releases/download/v2.9.0-pre.9/realearn-user-guide.pdf (redirected from https://github.com/helgoboss/helgobox/releases/download/v2.9.0-pre.9/realearn-user-guide.pdf)
Error prefetching https://github.com/ReaTeam/ReaScripts/raw/81951ca3a88cdff4d9f58c36c2cad66197900abe/MIDI%20Editor/Lokasenna_Pedal%20Steel/range_B1-A (redirected from https://github.com/ReaTeam/ReaScripts/raw/81951ca3a88cdff4d9f58c36c2cad66197900abe/MIDI%20Editor/Lokasenna_Pedal%20Steel/range_B1-A)
Error prefetching https://github.com/ReaTeam/ReaScripts/raw/81951ca3a88cdff4d9f58c36c2cad66197900abe/MIDI%20Editor/Lokasenna_Pedal%20Steel/range_D (redirected from https://github.com/ReaTeam/ReaScripts/raw/81951ca3a88cdff4d9f58c36c2cad66197900abe/MIDI%20Editor/Lokasenna_Pedal%20Steel/range_D)
Error prefetching https://github.com/ReaTeam/ReaScripts/raw/81951ca3a88cdff4d9f58c36c2cad66197900abe/MIDI%20Editor/Lokasenna_Pedal%20Steel/range_D2-C (redirected from https://github.com/ReaTeam/ReaScripts/raw/81951ca3a88cdff4d9f58c36c2cad66197900abe/MIDI%20Editor/Lokasenna_Pedal%20Steel/range_D2-C)
Error prefetching https://github.com/ReaTeam/ReaScripts/raw/81951ca3a88cdff4d9f58c36c2cad66197900abe/MIDI%20Editor/Lokasenna_Pedal%20Steel/range_E2-D (redirected from https://github.com/ReaTeam/ReaScripts/raw/81951ca3a88cdff4d9f58c36c2cad66197900abe/MIDI%20Editor/Lokasenna_Pedal%20Steel/range_E2-D)
Error prefetching https://github.com/ReaTeam/ReaScripts/raw/81951ca3a88cdff4d9f58c36c2cad66197900abe/MIDI%20Editor/Lokasenna_Pedal%20Steel/range_F (redirected from https://github.com/ReaTeam/ReaScripts/raw/81951ca3a88cdff4d9f58c36c2cad66197900abe/MIDI%20Editor/Lokasenna_Pedal%20Steel/range_F)
Error prefetching https://github.com/ReaTeam/ReaScripts/raw/81951ca3a88cdff4d9f58c36c2cad66197900abe/MIDI%20Editor/Lokasenna_Pedal%20Steel/range_F (redirected from https://github.com/ReaTeam/ReaScripts/raw/81951ca3a88cdff4d9f58c36c2cad66197900abe/MIDI%20Editor/Lokasenna_Pedal%20Steel/range_F)
Error prefetching https://github.com/ReaTeam/ReaScripts/raw/81951ca3a88cdff4d9f58c36c2cad66197900abe/MIDI%20Editor/Lokasenna_Pedal%20Steel/range_G (redirected from https://github.com/ReaTeam/ReaScripts/raw/81951ca3a88cdff4d9f58c36c2cad66197900abe/MIDI%20Editor/Lokasenna_Pedal%20Steel/range_G)
Error prefetching https://github.com/ReaTeam/ReaScripts/raw/81951ca3a88cdff4d9f58c36c2cad66197900abe/MIDI%20Editor/Lokasenna_Pedal%20Steel/range_G (redirected from https://github.com/ReaTeam/ReaScripts/raw/81951ca3a88cdff4d9f58c36c2cad66197900abe/MIDI%20Editor/Lokasenna_Pedal%20Steel/range_G)
Error prefetching https://github.com/ReaTeam/ReaScripts/raw/30ade072c2b737e08ed58048b932c606c978fe20/MIDI%20Editor/Lokasenna_Pedal%20Steel/range_B1-A (redirected from https://github.com/ReaTeam/ReaScripts/raw/30ade072c2b737e08ed58048b932c606c978fe20/MIDI%20Editor/Lokasenna_Pedal%20Steel/range_B1-A)
Error prefetching https://github.com/ReaTeam/ReaScripts/raw/30ade072c2b737e08ed58048b932c606c978fe20/MIDI%20Editor/Lokasenna_Pedal%20Steel/range_D (redirected from https://github.com/ReaTeam/ReaScripts/raw/30ade072c2b737e08ed58048b932c606c978fe20/MIDI%20Editor/Lokasenna_Pedal%20Steel/range_D)
Error prefetching https://github.com/ReaTeam/ReaScripts/raw/30ade072c2b737e08ed58048b932c606c978fe20/MIDI%20Editor/Lokasenna_Pedal%20Steel/range_D2-C (redirected from https://github.com/ReaTeam/ReaScripts/raw/30ade072c2b737e08ed58048b932c606c978fe20/MIDI%20Editor/Lokasenna_Pedal%20Steel/range_D2-C)
Error prefetching https://github.com/ReaTeam/ReaScripts/raw/30ade072c2b737e08ed58048b932c606c978fe20/MIDI%20Editor/Lokasenna_Pedal%20Steel/range_E2-D (redirected from https://github.com/ReaTeam/ReaScripts/raw/30ade072c2b737e08ed58048b932c606c978fe20/MIDI%20Editor/Lokasenna_Pedal%20Steel/range_E2-D)
Error prefetching https://github.com/ReaTeam/ReaScripts/raw/30ade072c2b737e08ed58048b932c606c978fe20/MIDI%20Editor/Lokasenna_Pedal%20Steel/range_F (redirected from https://github.com/ReaTeam/ReaScripts/raw/30ade072c2b737e08ed58048b932c606c978fe20/MIDI%20Editor/Lokasenna_Pedal%20Steel/range_F)
Error prefetching https://github.com/ReaTeam/ReaScripts/raw/30ade072c2b737e08ed58048b932c606c978fe20/MIDI%20Editor/Lokasenna_Pedal%20Steel/range_F (redirected from https://github.com/ReaTeam/ReaScripts/raw/30ade072c2b737e08ed58048b932c606c978fe20/MIDI%20Editor/Lokasenna_Pedal%20Steel/range_F)
Error prefetching https://github.com/ReaTeam/ReaScripts/raw/30ade072c2b737e08ed58048b932c606c978fe20/MIDI%20Editor/Lokasenna_Pedal%20Steel/range_G (redirected from https://github.com/ReaTeam/ReaScripts/raw/30ade072c2b737e08ed58048b932c606c978fe20/MIDI%20Editor/Lokasenna_Pedal%20Steel/range_G)
Error prefetching https://github.com/ReaTeam/ReaScripts/raw/30ade072c2b737e08ed58048b932c606c978fe20/MIDI%20Editor/Lokasenna_Pedal%20Steel/range_G (redirected from https://github.com/ReaTeam/ReaScripts/raw/30ade072c2b737e08ed58048b932c606c978fe20/MIDI%20Editor/Lokasenna_Pedal%20Steel/range_G)
Error prefetching https://ucbbf9e821d8ca2e90cf59d23ccf.dl.dropboxusercontent.com/cd/0/inline2/Cs9axZo1s8wz-9pOw8jNACGu7TsOqQs0r0Z_mMec5iLJIM2aBzr8YDV1A1bmVqZojAudYc_jkVh85Sn1TrDNIZ_73wUZqJpuEQPeIwYpRxZV2kk3yW9h7zHGILu2jYkkRLJfqnGgvIZEk5qpIiACx3Bh9JJYfjwM9cc2Z2Ou9fmn4kfGuqgMXp5rGYpJui1B--DostgHKyiSkGcn41WB932VYEpEsi4-_QzgHr19h16riwHxwSNxNjJ7E27Xs_t1F-6oWuJyBe8_qXvqV5wwcVDtDh5XJbRO0lmgnoEvwXkiTxHrLlFv3cfLIiAvfplNsYCERiP2lDyPowmGlSBo1m33k_Ug8GQaDWAGI1j2M6YYOXDBSelQJ3IAVvP4yspy1dU/file?dl=1 (redirected from https://www.dropbox.com/s/nyrrt3h64u0gojw/7za.exe?dl=1)
Error prefetching https://ucb5b6f3dc309a26cea7f83e8308.dl.dropboxusercontent.com/cd/0/inline2/Cs_n5ZO7qQ0WGceHkaeoKWIxzjsAC3G-Vtlo0gDzvus8DcBOD-0SRGONRXUQn94f6Yapfg8-e-ZNJeZU9KdhdKzG3JFtX5vw7cDnTp3RxphnNGaZBXv64mvqGw_HT4WfwQpBsa-Nx_r4TcrszDWCbR8ueg-lHZuqExUS5xFYbAKTeWaD1gQsohIJxlrE917ugCGWTCHJ4JDs_RNMA6QddGxkSniDgNEkTmNNfGjDaZjteEfaC8GhOLOKfK-6zWWBoupuxmyAbT1hr4M40Q5LXXEvPQHTglcZH0g56ejjehz606cknW0_2ldY1-R3_Cd-XretM9x-hn4415W-DwT3j3nUblA0LhD9qW3xCs7IgC_TPvGOHfUxGhXeOG8XVDFm3Hg/file?dl=1 (redirected from https://www.dropbox.com/s/nyrrt3h64u0gojw/7za.exe?dl=1)
Error prefetching https://uc1c44717d96594564b26bde7d6b.dl.dropboxusercontent.com/cd/0/inline2/Cs9tLvkmCTPN479NN7gCDbsigxxQfopFIbatFTWewosTMIFsQ5paCYNheqMBt2roz8Xaa5gF9feoy-QVZOi9EnYunJjue0y8SuRvG7wY7a8K9ktJueo3lZq4QIbjdB6zz0Z-G1dZhh-PsoHfcLsITAuygETYiwLQ7lXJB73pro5d6mviNSOocq9zwY8Cw788I4uJ6A-ZALe4y6Tdr-yJrreY95AXaqvLYrzMOy0w-3RYjLh1eiVeRDteQ2pg8bijOzGg86FzuVdOSgblDRfq5oLa8W7guJLvfXWcisx1vT4uRUMzZo3t5_UksCfEUGq3KkAHy91xXQmUUAY7KiG-kcXPQ__MF-AtL1VCreZg9Y9eVMFInI_sl_N1Y8z6_QhKtT0/file?dl=1 (redirected from https://www.dropbox.com/s/nyrrt3h64u0gojw/7za.exe?dl=1)
Error prefetching https://uc9aaeb4a6c5066470db7472330e.dl.dropboxusercontent.com/cd/0/inline2/Cs-8I8zF6XPt403KyRtrZCNoMbZAweiPb3ly2P2iNxiby3ho2zmiDK8HY9QV9rjMjQksBn9Oy1t6qlf10x7sPMdhJrVBVz__NOOijaG8q2US2KrWbDkobMB6fVBp158TkVddZPLpxzehPQyL24_QjrtkHOMXegZq4QDq7l60IWbDf0tWw4liKXY1BQE_FPW-3luAZIcKtvbsSZEBL6UptuQ3VxAW30_E4dBhYpwdMmgWjq6_wwZQX7q6hZcr_Peb3DAqkrdn2AlwGGu0pRb8l4eEU-BE9vwjevqFrjWIiWpopz40aay7KjAXt7Kr1FX6-2zaJ80OLzlwFtLjxTNnn0e12qg8btatsDECsCLbVy7UojLJPhlz4chdPTKNP1oZfMY/file?dl=1 (redirected from https://www.dropbox.com/s/nyrrt3h64u0gojw/7za.exe?dl=1)
Error prefetching https://uce16b417d803c7558e25c3fc8aa.dl.dropboxusercontent.com/cd/0/inline2/Cs_MJbh5hkmpbHkPNtlUyn8h2J0FOt749uJSjAY59uaaxrEV8ZjVRPyf1r1CYQIbaxt4jdjJGuZiZ3-qVb4GBt7NLasgMJSujR1zF1AU40vT1WnpkKjlBdAwA_3P5Bf1ngabih0MGc5B982bJMeIjFFmF2x6hvaSUZ1uhmBTHFd02-G0hHCd3GuJ7WJyAA0cGTOpKpDv-wSyPVsQ4YzSCpxQ_sfr-ozNyoL89h4eF_Z5rqo68GJU6n9qEC7TU-Vo_DD75lPQ5KY5hqUMddE-id2L4Xw4i9ruZi2A_UGUuLd6NOrPyGHJL6oz0VYGKcrOzlo_o3tzRoIdFxmjW7Zcy3BOQTtbT44pqCVHbiklRLWLLaV-H4Xc4S3urDBUwq60Xg4/file?dl=1 (redirected from https://www.dropbox.com/s/nyrrt3h64u0gojw/7za.exe?dl=1)
Error prefetching https://uc129723e68930d1d466dc718a87.dl.dropboxusercontent.com/cd/0/inline2/Cs8Fp39ezgD61Y3D2sfPunasm9xXXQWTrtb00N6jMNXebMkePR7AzrHQAyI9-GCaoC7MIHxR5Pqg14jOJw2Megp5ThmpNYGfE6m437lBRHPHc56USo6bCxl6gBw8or3CssFg47OrwCphUnW5f-wUZJA8e4FK7mFrAdq7GCAfZH3JOftjBeQOhm0ntNblmWhfpLok3c-2YDDnpY39vb2TBSNGrDSOPgpKDf1wNtzmrV9YYaxejuOyXLaIGlpBRwhmxx7oeKALgf46GnDrlev6mnWJRYc8-a-L2jKQnwUFAhykpG9-a_CqwZbJ7HP2UMtD44GvFmJL2rBgp3ExAUvPIBy42IBvPcCi3HN6VMbWXzkUkCGPg7GnBE950px0nd65n8Q/file?dl=1 (redirected from https://www.dropbox.com/s/nyrrt3h64u0gojw/7za.exe?dl=1)
Error prefetching https://uc7a96549aa54927da47b104ee5f.dl.dropboxusercontent.com/cd/0/inline2/Cs_p33hce12ZBPhogRUZlYUFjkXF2azhLOgOYsIYxTewe9Be7eFZS6XGARUIlOtoeguH44xPrMYm3ebnpp0i8YMd6Jl38fh9lqEyGvE7E2O51MAxdC_rdmdRm9W3gtvVByfSulLvNHdZE0XHE6CjOPXIA0tpAEBVISuUQRfodgBWWH7KZ7SJ3YFFy9_G37UGl_LWlb954gLFrFU1qBxmsGvW1bKuC1Bru8MDLJFKvgKuiIfQYYqXdW4SkOP3UmDswxyClpQOsRkVJfkOCx7g-rnNRTSigHpvDOmsLXD3OImXLh006t8kggbluV_PjQeYsFmXAvwQsK_7L_m6BQ8M_3SXSteWG7YtAi4L0kj_-UtQhdtycUul45bDTDbRQWjNgwQ/file?dl=1 (redirected from https://www.dropbox.com/s/nyrrt3h64u0gojw/7za.exe?dl=1)
Error prefetching https://uc59c9cb5f62225d78724fa016a8.dl.dropboxusercontent.com/cd/0/inline2/Cs83V6_5nX3Fv8L9kdGfw4o6w4Mf5pZxSIbGiT5r84S6fPxktyf4fpusuxSC4l4n9mGz0H_7vZHhshtDGJVvN1wRAAMBcUL3Cp-L5UN7j8Czu1kXSTTXr8ZfCGeV85ipZqf8GsvIP5pEi0BryY8NDUp95wS9JjNZVQEfM2FTA5XL1EvzZVYkKKNa9L6GArDvRX9kfEsBLzZhi6S2Ul3b9kvznqMBh9gszxRP7DAQ80tgfgDOFWNPNHXNRXDn76tr_R4md4D8p0MCoYypPRvkRS3un6WBMK1A0K_D1IvZcUcXxz6Qjf299O0mysupCpgCGrfH38nAsdOxEeIqGchsSZdJSMgbrSX9JYb5_MceHlQ9kypZep8SHahyXuTvdlVK5Mo/file?dl=1 (redirected from https://www.dropbox.com/s/nyrrt3h64u0gojw/7za.exe?dl=1)
Error prefetching https://github.com/ArchieScript/Archie_ReaScripts/raw/086111415f515a3a968dc5f9c78585eaf585f244/MAIN/Render/COPY_Render%20stems%20Template/Archie_Render;%20Render%20track%20(Post%20Fx%20&amp;%20wave%2024%20bit%20&amp;%20HQ(512pt%20Sinc)%20&amp;%20Full-speed%20Offline%20)).lua (redirected from https://github.com/ArchieScript/Archie_ReaScripts/raw/086111415f515a3a968dc5f9c78585eaf585f244/MAIN/Render/COPY_Render%20stems%20Template/Archie_Render;%20Render%20track%20(Post%20Fx%20&amp;%20wave%2024%20bit%20&amp;%20HQ(512pt%20Sinc)%20&amp;%20Full-speed%20Offline%20)).lua)
Error prefetching https://github.com/ArchieScript/Archie_ReaScripts/raw/086111415f515a3a968dc5f9c78585eaf585f244/MAIN/Render/COPY_Render%20stems%20Template/Archie_Render;%20Render%20track%20(Pre%20Fx%20&amp;%20wave%2024%20bit%20&amp;%20HQ(512pt%20Sinc)%20&amp;%20Full-speed%20Offline%20)).lua (redirected from https://github.com/ArchieScript/Archie_ReaScripts/raw/086111415f515a3a968dc5f9c78585eaf585f244/MAIN/Render/COPY_Render%20stems%20Template/Archie_Render;%20Render%20track%20(Pre%20Fx%20&amp;%20wave%2024%20bit%20&amp;%20HQ(512pt%20Sinc)%20&amp;%20Full-speed%20Offline%20)).lua)
Error prefetching https://github.com/ArchieScript/Archie_ReaScripts/raw/086111415f515a3a968dc5f9c78585eaf585f244/MAIN/Render/COPY_Render%20stems%20Template/Archie_Render;%20Render%20track%20into%20one%20new%20track%20(Post%20Fx%20&amp;%20wave%2024%20bit%20&amp;%20HQ(512pt%20Sinc)%20&amp;%20Full-speed%20Offline%20)).lua (redirected from https://github.com/ArchieScript/Archie_ReaScripts/raw/086111415f515a3a968dc5f9c78585eaf585f244/MAIN/Render/COPY_Render%20stems%20Template/Archie_Render;%20Render%20track%20into%20one%20new%20track%20(Post%20Fx%20&amp;%20wave%2024%20bit%20&amp;%20HQ(512pt%20Sinc)%20&amp;%20Full-speed%20Offline%20)).lua)
Error prefetching https://github.com/ArchieScript/Archie_ReaScripts/raw/086111415f515a3a968dc5f9c78585eaf585f244/MAIN/Render/COPY_Render%20stems%20Template/Archie_Render;%20Render%20track%20into%20one%20new%20track%20(Pre%20Fx%20&amp;%20wave%2024%20bit%20&amp;%20HQ(512pt%20Sinc)%20&amp;%20Full-speed%20Offline%20)).lua (redirected from https://github.com/ArchieScript/Archie_ReaScripts/raw/086111415f515a3a968dc5f9c78585eaf585f244/MAIN/Render/COPY_Render%20stems%20Template/Archie_Render;%20Render%20track%20into%20one%20new%20track%20(Pre%20Fx%20&amp;%20wave%2024%20bit%20&amp;%20HQ(512pt%20Sinc)%20&amp;%20Full-speed%20Offline%20)).lua)
Error prefetching https://github.com/ArchieScript/Archie_ReaScripts/raw/086111415f515a3a968dc5f9c78585eaf585f244/MAIN/Render/COPY_Render%20stems%20Template/Archie_Render;%20Render%20track%20into%20one%20new%20track%20mono(Post%20Fx%20&amp;%20wave%2024%20bit%20&amp;%20HQ(512pt%20Sinc)%20&amp;%20Full-speed%20Offline%20)).lua (redirected from https://github.com/ArchieScript/Archie_ReaScripts/raw/086111415f515a3a968dc5f9c78585eaf585f244/MAIN/Render/COPY_Render%20stems%20Template/Archie_Render;%20Render%20track%20into%20one%20new%20track%20mono(Post%20Fx%20&amp;%20wave%2024%20bit%20&amp;%20HQ(512pt%20Sinc)%20&amp;%20Full-speed%20Offline%20)).lua)
Error prefetching https://github.com/ArchieScript/Archie_ReaScripts/raw/086111415f515a3a968dc5f9c78585eaf585f244/MAIN/Render/COPY_Render%20stems%20Template/Archie_Render;%20Render%20track%20into%20one%20new%20track%20mono(Pre%20Fx%20&amp;%20wave%2024%20bit%20&amp;%20HQ(512pt%20Sinc)%20&amp;%20Full-speed%20Offline%20)).lua (redirected from https://github.com/ArchieScript/Archie_ReaScripts/raw/086111415f515a3a968dc5f9c78585eaf585f244/MAIN/Render/COPY_Render%20stems%20Template/Archie_Render;%20Render%20track%20into%20one%20new%20track%20mono(Pre%20Fx%20&amp;%20wave%2024%20bit%20&amp;%20HQ(512pt%20Sinc)%20&amp;%20Full-speed%20Offline%20)).lua)
Error prefetching https://github.com/ArchieScript/Archie_ReaScripts/raw/086111415f515a3a968dc5f9c78585eaf585f244/MAIN/Render/COPY_Render%20stems%20Template/Archie_Render;%20Render%20track%20into%20one%20new%20track%20stereo(Post%20Fx%20&amp;%20wave%2024%20bit%20&amp;%20HQ(512pt%20Sinc)%20&amp;%20Full-speed%20Offline%20)).lua (redirected from https://github.com/ArchieScript/Archie_ReaScripts/raw/086111415f515a3a968dc5f9c78585eaf585f244/MAIN/Render/COPY_Render%20stems%20Template/Archie_Render;%20Render%20track%20into%20one%20new%20track%20stereo(Post%20Fx%20&amp;%20wave%2024%20bit%20&amp;%20HQ(512pt%20Sinc)%20&amp;%20Full-speed%20Offline%20)).lua)
Error prefetching https://github.com/ArchieScript/Archie_ReaScripts/raw/086111415f515a3a968dc5f9c78585eaf585f244/MAIN/Render/COPY_Render%20stems%20Template/Archie_Render;%20Render%20track%20mono(Post%20Fx%20&amp;%20wave%2024%20bit%20&amp;%20HQ(512pt%20Sinc)%20&amp;%20Full-speed%20Offline%20))%20.lua (redirected from https://github.com/ArchieScript/Archie_ReaScripts/raw/086111415f515a3a968dc5f9c78585eaf585f244/MAIN/Render/COPY_Render%20stems%20Template/Archie_Render;%20Render%20track%20mono(Post%20Fx%20&amp;%20wave%2024%20bit%20&amp;%20HQ(512pt%20Sinc)%20&amp;%20Full-speed%20Offline%20))%20.lua)
Error prefetching https://github.com/ArchieScript/Archie_ReaScripts/raw/086111415f515a3a968dc5f9c78585eaf585f244/MAIN/Render/COPY_Render%20stems%20Template/Archie_Render;%20Render%20track%20into%20one%20new%20track%20stereo(Pre%20Fx%20&amp;%20wave%2024%20bit%20&amp;%20HQ(512pt%20Sinc)%20&amp;%20Full-speed%20Offline%20)).lua (redirected from https://github.com/ArchieScript/Archie_ReaScripts/raw/086111415f515a3a968dc5f9c78585eaf585f244/MAIN/Render/COPY_Render%20stems%20Template/Archie_Render;%20Render%20track%20into%20one%20new%20track%20stereo(Pre%20Fx%20&amp;%20wave%2024%20bit%20&amp;%20HQ(512pt%20Sinc)%20&amp;%20Full-speed%20Offline%20)).lua)
Error prefetching https://github.com/ArchieScript/Archie_ReaScripts/raw/086111415f515a3a968dc5f9c78585eaf585f244/MAIN/Render/COPY_Render%20stems%20Template/Archie_Render;%20Render%20track%20mono(Pre%20Fx%20&amp;%20wave%2024%20bit%20&amp;%20HQ(512pt%20Sinc)%20&amp;%20Full-speed%20Offline%20)).lua (redirected from https://github.com/ArchieScript/Archie_ReaScripts/raw/086111415f515a3a968dc5f9c78585eaf585f244/MAIN/Render/COPY_Render%20stems%20Template/Archie_Render;%20Render%20track%20mono(Pre%20Fx%20&amp;%20wave%2024%20bit%20&amp;%20HQ(512pt%20Sinc)%20&amp;%20Full-speed%20Offline%20)).lua)
Error prefetching https://github.com/ArchieScript/Archie_ReaScripts/raw/086111415f515a3a968dc5f9c78585eaf585f244/MAIN/Render/COPY_Render%20stems%20Template/Archie_Render;%20Render%20track%20stereo(Post%20Fx%20&amp;%20wave%2024%20bit%20&amp;%20HQ(512pt%20Sinc)%20&amp;%20Full-speed%20Offline%20))%20.lua (redirected from https://github.com/ArchieScript/Archie_ReaScripts/raw/086111415f515a3a968dc5f9c78585eaf585f244/MAIN/Render/COPY_Render%20stems%20Template/Archie_Render;%20Render%20track%20stereo(Post%20Fx%20&amp;%20wave%2024%20bit%20&amp;%20HQ(512pt%20Sinc)%20&amp;%20Full-speed%20Offline%20))%20.lua)
Error prefetching https://github.com/ArchieScript/Archie_ReaScripts/raw/086111415f515a3a968dc5f9c78585eaf585f244/MAIN/Render/COPY_Render%20stems%20Template/Archie_Render;%20Render%20track%20stereo(Pre%20Fx%20&amp;%20wave%2024%20bit%20&amp;%20HQ(512pt%20Sinc)%20&amp;%20Full-speed%20Offline%20)).lua (redirected from https://github.com/ArchieScript/Archie_ReaScripts/raw/086111415f515a3a968dc5f9c78585eaf585f244/MAIN/Render/COPY_Render%20stems%20Template/Archie_Render;%20Render%20track%20stereo(Pre%20Fx%20&amp;%20wave%2024%20bit%20&amp;%20HQ(512pt%20Sinc)%20&amp;%20Full-speed%20Offline%20)).lua)
Error prefetching https://github.com/iliaspoulakis/Reaper-Tools/raw/51ce414e0fde5cf20bd0abbb2536c65690c782c4/Folder%20Magic/Generated/FTC_FolderMagic%20-%20All%20tracks%20&amp;%20folders.lua (redirected from https://github.com/iliaspoulakis/Reaper-Tools/raw/51ce414e0fde5cf20bd0abbb2536c65690c782c4/Folder%20Magic/Generated/FTC_FolderMagic%20-%20All%20tracks%20&amp;%20folders.lua)
Error prefetching https://github.com/iliaspoulakis/Reaper-Tools/raw/b23d8704373f560c9dfc4b68c3986d0fde6b9a00/Folder%20Magic/Generated/FTC_FolderMagic%20-%20All%20tracks%20&amp;%20folders.lua (redirected from https://github.com/iliaspoulakis/Reaper-Tools/raw/b23d8704373f560c9dfc4b68c3986d0fde6b9a00/Folder%20Magic/Generated/FTC_FolderMagic%20-%20All%20tracks%20&amp;%20folders.lua)
Error prefetching https://github.com/iliaspoulakis/Reaper-Tools/raw/333d856a856547da04e7cecde220097b65555034/Folder%20Magic/Generated/FTC_FolderMagic%20-%20All%20tracks%20&amp;%20folders.lua (redirected from https://github.com/iliaspoulakis/Reaper-Tools/raw/333d856a856547da04e7cecde220097b65555034/Folder%20Magic/Generated/FTC_FolderMagic%20-%20All%20tracks%20&amp;%20folders.lua)
Error prefetching https://github.com/iliaspoulakis/Reaper-Tools/raw/481b8d5f739e651385900bdc0996551256514bcb/Folder%20Magic/Generated/FTC_FolderMagic%20-%20All%20tracks%20&amp;%20folders.lua (redirected from https://github.com/iliaspoulakis/Reaper-Tools/raw/481b8d5f739e651385900bdc0996551256514bcb/Folder%20Magic/Generated/FTC_FolderMagic%20-%20All%20tracks%20&amp;%20folders.lua)
Error prefetching https://github.com/iliaspoulakis/Reaper-Tools/raw/e242d7c9340e7b51454af0447329571843a04e12/Folder%20Magic/Generated/FTC_FolderMagic%20-%20All%20tracks%20&amp;%20folders.lua (redirected from https://github.com/iliaspoulakis/Reaper-Tools/raw/e242d7c9340e7b51454af0447329571843a04e12/Folder%20Magic/Generated/FTC_FolderMagic%20-%20All%20tracks%20&amp;%20folders.lua)
Error prefetching https://github.com/iliaspoulakis/Reaper-Tools/raw/073fc602610da701dd155f7941cdafedc09b6f34/Various/Drag%20&amp;%20drop%20lanes.lua (redirected from https://github.com/iliaspoulakis/Reaper-Tools/raw/073fc602610da701dd155f7941cdafedc09b6f34/Various/Drag%20&amp;%20drop%20lanes.lua)
Error prefetching https://github.com/iliaspoulakis/Reaper-Tools/raw/dd37b477114e5c2b8da3dedd53fcc93396494fa8/Various/Drag%20&amp;%20drop%20lanes.lua (redirected from https://github.com/iliaspoulakis/Reaper-Tools/raw/dd37b477114e5c2b8da3dedd53fcc93396494fa8/Various/Drag%20&amp;%20drop%20lanes.lua)
Error prefetching https://github.com/iliaspoulakis/Reaper-Tools/raw/1b1b95a564796da7c741343898fa7fbee5d2547f/Various/Drag%20&amp;%20drop%20lanes.lua (redirected from https://github.com/iliaspoulakis/Reaper-Tools/raw/1b1b95a564796da7c741343898fa7fbee5d2547f/Various/Drag%20&amp;%20drop%20lanes.lua)
Error prefetching https://github.com/iliaspoulakis/Reaper-Tools/raw/3578d9903102cd38ce574b7672e14997360fe008/Various/Drag%20&amp;%20drop%20lanes.lua (redirected from https://github.com/iliaspoulakis/Reaper-Tools/raw/3578d9903102cd38ce574b7672e14997360fe008/Various/Drag%20&amp;%20drop%20lanes.lua)
Error prefetching https://github.com/iliaspoulakis/Reaper-Tools/raw/bc4c886daa2c01b38f410f399a97fb3606448c37/Various/Drag%20&amp;%20drop%20lanes.lua (redirected from https://github.com/iliaspoulakis/Reaper-Tools/raw/bc4c886daa2c01b38f410f399a97fb3606448c37/Various/Drag%20&amp;%20drop%20lanes.lua)
Replacing hashes in files...
Cleaning up temporary hash file...
