Ensuring directory . exists
Ensuring directory ./reapack-packages exists
Generating nix from indexes...
Processing index 1 of 79: https://raw.githubusercontent.com/nikolalkc/LKC-Tools/master/index.xml
Processing index 2 of 79: https://raw.githubusercontent.com/gapalil001/FlatMadness/master/index.xml
Processing index 3 of 79: https://raw.githubusercontent.com/jeremybernstein/ReaScripts/main/index.xml
Processing index 4 of 79: https://raw.githubusercontent.com/iliaspoulakis/Reaper-Tools/master/index.xml
Processing index 5 of 79: https://github.com/ReaTeam/ReaScripts/raw/master/index.xml
Processing index 6 of 79: https://github.com/ReaTeam/JSFX/raw/master/index.xml
Processing index 7 of 79: https://github.com/ReaTeam/Themes/raw/master/index.xml
Processing index 8 of 79: https://github.com/ReaTeam/LangPacks/raw/master/index.xml
Processing index 9 of 79: https://github.com/ReaTeam/Extensions/raw/master/index.xml
Processing index 10 of 79: https://github.com/MichaelPilyavskiy/ReaScripts/raw/master/index.xml
Processing index 11 of 79: https://github.com/X-Raym/REAPER-ReaScripts/raw/master/index.xml
Processing index 12 of 79: https://acendan.github.io/reascripts/index.xml
Processing index 13 of 79: https://github.com/AlbertoV5/ReaperTools/raw/master/index.xml
Processing index 14 of 79: https://github.com/AmelianceSkyMusic/ASM_Reaper_scripts/raw/master/index.xml
Processing index 15 of 79: https://github.com/ArchieScript/Archie_ReaScripts/raw/master/index.xml
Processing index 16 of 79: https://github.com/Audiokinetic/Reaper-Tools/raw/main/index.xml
Processing index 17 of 79: https://github.com/beaunus/REAPER-ReaScripts/raw/master/index.xml
Processing index 18 of 79: https://github.com/bfut/ReaScripts/raw/main/index.xml
Processing index 19 of 79: https://github.com/DaveInDev/Binbinhfr-Scripts/raw/master/index.xml
Processing index 20 of 79: https://github.com/Bird-Bird/JSFX/raw/main/index.xml
Processing index 21 of 79: https://github.com/Bird-Bird/ReaScript_Testing/raw/main/index.xml
Processing index 22 of 79: https://github.com/Bird-Bird/ReaScript/raw/master/index.xml
Processing index 23 of 79: https://github.com/bsmith96/Reaper-Scripts/raw/master/index.xml
Processing index 24 of 79: https://github.com/chmaha/airwindows-JSFX-ports/raw/main/index.xml
Processing index 25 of 79: https://github.com/chmaha/ReaClassical/raw/main/index.xml
Processing index 26 of 79: https://github.com/chkhld/jsfx/raw/main/index.xml
Processing index 27 of 79: https://github.com/chtammik/chtammik_Reaper_Scripts/raw/master/index.xml
Processing index 28 of 79: https://github.com/Claudiohbsantos/Claudiohbsantos-Scripts/raw/master/index.xml
Processing index 29 of 79: https://github.com/daniellumertz/DanielLumertz-Scripts/raw/master/index.xml
Processing index 30 of 79: https://github.com/Dafarkias/REAPER-Lua-Scripts-/raw/master/index.xml
Processing index 31 of 79: https://github.com/Erriez/erriez-reaper-jsfx/raw/master/index.xml
Processing index 32 of 79: https://github.com/EUGEN27771/ReaScripts/raw/master/index.xml
Processing index 33 of 79: https://github.com/fernsehmuell/reaper_scripts/raw/master/index.xml
Processing index 34 of 79: https://github.com/iliaspoulakis/Reaper-Tools/raw/master/index.xml
Processing index 35 of 79: https://github.com/BryanChi/BryanChi-FX-Devices/raw/main/index.xml
Processing index 36 of 79: https://geraintluff.github.io/jsfx/index.xml
Processing index 37 of 79: https://github.com/helgoboss/reaper-packages/raw/master/index.xml
Processing index 38 of 79: https://github.com/IXix/JSFX/raw/master/index.xml
Processing index 39 of 79: https://github.com/joabeslopes/Reaper-scripts-multitrack-show/raw/main/index.xml
Processing index 40 of 79: https://github.com/jrengmusic/ReaScript/raw/master/index.xml
Processing index 41 of 79: https://raw.githubusercontent.com/juanriccio/Reaperism/master/index.xml
Processing index 42 of 79: https://bitbucket.org/kawaCat/kawascript2/raw/master/index.xml
Processing index 43 of 79: https://bitbucket.org/kawaCat/reascript-m2bpack/raw/master/index.xml
Processing index 44 of 79: https://github.com/leafac/reaper/raw/main/index.xml
Processing index 45 of 79: https://github.com/nikolalkc/LKC-Tools/raw/master/index.xml
Processing index 46 of 79: https://github.com/me2beats/reapack/raw/master/index.xml
Processing index 47 of 79: https://github.com/mespotine/Mespotine-Scripts/raw/main/Mespotine_Scripts.xml
Processing index 48 of 79: https://github.com/mrlimbic/reascripts/raw/master/index.xml
Processing index 49 of 79: https://github.com/n0ner/Reaper/raw/master/index.xml
Processing index 50 of 79: https://github.com/Neutronic/ReaScripts/raw/master/index.xml
Processing index 51 of 79: https://github.com/nofishonfriday/ReaScripts/raw/master/index.xml
Processing index 52 of 79: https://github.com/Outboarder/ReaScripts/raw/master/index.xml
Processing index 53 of 79: https://github.com/pelori/PeloReaper/raw/master/index.xml
Processing index 54 of 79: https://ply.github.io/ReaScripts/index.xml
Processing index 55 of 79: https://github.com/przemoc/REAPER-ReaScripts/raw/master/index.xml
Processing index 56 of 79: https://github.com/tomtjes/Radio-Toolkit/raw/master/index.xml
Processing index 57 of 79: https://github.com/RCJacH/ReaScripts/raw/master/index.xml
Processing index 58 of 79: https://bobobo-git.github.io/reaperwrb_2/index.xml
Processing index 59 of 79: https://reaticulate.com/release.xml
Processing index 60 of 79: https://github.com/Justin-Johnson/ReJJ/raw/master/index.xml
Processing index 61 of 79: https://github.com/RobU23/ReaScripts/raw/master/index.xml
Processing index 62 of 79: https://github.com/JoepVanlier/JSFX/raw/master/index.xml
Processing index 63 of 79: https://github.com/lemerchand/lemerchand/raw/master/index.xml
Processing index 64 of 79: https://github.com/GoranKovac/ReaScripts/raw/master/index.xml
Processing index 65 of 79: https://github.com/jeremybernstein/ReaScripts/raw/main/index.xml
Processing index 66 of 79: https://github.com/Sonic-Anomaly/Sonic-Anomaly-JSFX/raw/master/index.xml
Processing index 67 of 79: https://github.com/Souk21/REAPER-scripts-and-effects/raw/master/index.xml
Processing index 68 of 79: https://github.com/StephanRoemer/ReaScripts/raw/master/index.xml
Processing index 69 of 79: https://github.com/Steviekeys/StevieKeys_JSFX2/raw/master/index.xml
Processing index 70 of 79: https://github.com/Suzuki-Re/Suzuki-Scripts/raw/master/index.xml
Processing index 71 of 79: https://github.com/jtackaberry/reascripts/raw/master/index.xml
Processing index 72 of 79: https://github.com/tiagolr/tilr_jsfx/raw/master/index.xml
Processing index 73 of 79: https://github.com/sonictim/TJF-Scripts/raw/master/index.xml
Processing index 74 of 79: https://github.com/tormyvancool/TormyVanCool_ReaPack_Scripts/raw/master/index.xml
Processing index 75 of 79: https://github.com/JoepVanlier/Hackey-Trackey/raw/master/index.xml
Processing index 76 of 79: https://github.com/TukanStudios/TUKAN_STUDIOS_PLUGINS/raw/main/index2.xml
Processing index 77 of 79: https://github.com/X-Raym/MIDI-Makey-Makey/raw/master/index.xml
Processing index 78 of 79: https://github.com/Yaunick/Yannick-ReaScripts/raw/master/index.xml
Processing index 79 of 79: https://github.com/zaibuyidao/ReaScripts/raw/master/index.xml
Generating default.nix...
Generating flake.nix...
Copying mk-reapack-package.nix...
Prefetching hashes...
Error prefetching https://github.com/nikolalkc/LKC-Tools/raw/41dc36478a30550c24f5bed64def85e7ef0f58bb/Misc/BFO%20&amp;%20LKC%20-%20Folder%20items.lua (redirected from https://github.com/nikolalkc/LKC-Tools/raw/41dc36478a30550c24f5bed64def85e7ef0f58bb/Misc/BFO%20&amp;%20LKC%20-%20Folder%20items.lua)
Error prefetching https://github.com/nikolalkc/LKC-Tools/raw/96a0a653aec911f30199a819b7661c0e27579567/Misc/BFO%20&amp;%20LKC%20-%20Folder%20items.lua (redirected from https://github.com/nikolalkc/LKC-Tools/raw/96a0a653aec911f30199a819b7661c0e27579567/Misc/BFO%20&amp;%20LKC%20-%20Folder%20items.lua)
Error prefetching https://github.com/nikolalkc/LKC-Tools/raw/3f94c6056c124e7dc0ab261bac1abd2fe97011ed/Misc/BFO%20&amp;%20LKC%20-%20Folder%20items.lua (redirected from https://github.com/nikolalkc/LKC-Tools/raw/3f94c6056c124e7dc0ab261bac1abd2fe97011ed/Misc/BFO%20&amp;%20LKC%20-%20Folder%20items.lua)
Error prefetching https://github.com/nikolalkc/LKC-Tools/raw/b781c18c19d9aec8d034925d157e337aa78aa654/Misc/BFO%20&amp;%20LKC%20-%20Folder%20items.lua (redirected from https://github.com/nikolalkc/LKC-Tools/raw/b781c18c19d9aec8d034925d157e337aa78aa654/Misc/BFO%20&amp;%20LKC%20-%20Folder%20items.lua)
Error prefetching https://github.com/zaibuyidao/ReaScripts/raw/8e34db99d3df438b3a888c773c9e4af4a0c1424d/MIDI%20Editor/zaibuyidao_Duplicate%20Events.lua (redirected from https://github.com/zaibuyidao/ReaScripts/raw/8e34db99d3df438b3a888c773c9e4af4a0c1424d/MIDI%20Editor/zaibuyidao_Duplicate%20Events.lua)
Error prefetching https://github.com/zaibuyidao/ReaScripts/raw/06ba11d19223faf1a7cf643fc412f8bd5db0aebd/Utility/zaibuyidao_Add%20MIDI%20Hardware%20Output%20&amp;%20Receives%20to%20Selected%20Tracks%20(Transcription).lua (redirected from https://github.com/zaibuyidao/ReaScripts/raw/06ba11d19223faf1a7cf643fc412f8bd5db0aebd/Utility/zaibuyidao_Add%20MIDI%20Hardware%20Output%20&amp;%20Receives%20to%20Selected%20Tracks%20(Transcription).lua)
Error prefetching https://github.com/zaibuyidao/ReaScripts/raw/125095b9c3611c12c0f967c776edfa3d40db536c/Utility/zaibuyidao_Date%20&amp;%20Time.lua (redirected from https://github.com/zaibuyidao/ReaScripts/raw/125095b9c3611c12c0f967c776edfa3d40db536c/Utility/zaibuyidao_Date%20&amp;%20Time.lua)
Error prefetching https://github.com/zaibuyidao/ReaScripts/raw/29caff7017fea84de685a1fc03a6a3505b11e7a0/Utility/zaibuyidao_Date%20&amp;%20Time.lua (redirected from https://github.com/zaibuyidao/ReaScripts/raw/29caff7017fea84de685a1fc03a6a3505b11e7a0/Utility/zaibuyidao_Date%20&amp;%20Time.lua)
Error prefetching https://github.com/zaibuyidao/ReaScripts/raw/a23accfcdb6160e5cbdebc223a3fc250554982bf/Utility/zaibuyidao_Date%20&amp;%20Time.lua (redirected from https://github.com/zaibuyidao/ReaScripts/raw/a23accfcdb6160e5cbdebc223a3fc250554982bf/Utility/zaibuyidao_Date%20&amp;%20Time.lua)
Error prefetching https://github.com/zaibuyidao/ReaScripts/raw/498ecffc569e43e47eaf32c94fdaa3ee004f36c3/Utility/zaibuyidao_Date%20&amp;%20Time.lua (redirected from https://github.com/zaibuyidao/ReaScripts/raw/498ecffc569e43e47eaf32c94fdaa3ee004f36c3/Utility/zaibuyidao_Date%20&amp;%20Time.lua)
Error prefetching https://github.com/zaibuyidao/ReaScripts/raw/3fd36776844aedb85ce9598fcb7994a83f66f0f7/Utility/zaibuyidao_Date%20&amp;%20Time.lua (redirected from https://github.com/zaibuyidao/ReaScripts/raw/3fd36776844aedb85ce9598fcb7994a83f66f0f7/Utility/zaibuyidao_Date%20&amp;%20Time.lua)
Error prefetching https://github.com/zaibuyidao/ReaScripts/raw/783814e28425b283d641c83b5b3b01c8f0d3e27b/Utility/zaibuyidao_Date%20&amp;%20Time.lua (redirected from https://github.com/zaibuyidao/ReaScripts/raw/783814e28425b283d641c83b5b3b01c8f0d3e27b/Utility/zaibuyidao_Date%20&amp;%20Time.lua)
Error prefetching https://github.com/zaibuyidao/ReaScripts/raw/a46485f34d026e6a45577f62a878cd9ef0b9a229/Utility/zaibuyidao_Date%20&amp;%20Time.lua (redirected from https://github.com/zaibuyidao/ReaScripts/raw/a46485f34d026e6a45577f62a878cd9ef0b9a229/Utility/zaibuyidao_Date%20&amp;%20Time.lua)
Error prefetching https://github.com/zaibuyidao/ReaScripts/raw/66e0b70eaa1e74177cd64c41022659e05af0646f/Utility/zaibuyidao_Date%20&amp;%20Time.lua (redirected from https://github.com/zaibuyidao/ReaScripts/raw/66e0b70eaa1e74177cd64c41022659e05af0646f/Utility/zaibuyidao_Date%20&amp;%20Time.lua)
Error prefetching https://github.com/zaibuyidao/ReaScripts/raw/ae5fe15c57aefb95ec8944bc617570311a9dbc82/Utility/zaibuyidao_Date%20&amp;%20Time.lua (redirected from https://github.com/zaibuyidao/ReaScripts/raw/ae5fe15c57aefb95ec8944bc617570311a9dbc82/Utility/zaibuyidao_Date%20&amp;%20Time.lua)
Error prefetching https://github.com/zaibuyidao/ReaScripts/raw/209a6bdb1c0f0f77992d944dbcba4a8094574623/Various/Articulation%20Map/banks/Three-Body%20Raindrop%20&amp;%20Blade%20(%E6%89%AC%E7%90%B4%E8%90%BD%E8%8B%B1).reabank (redirected from https://github.com/zaibuyidao/ReaScripts/raw/209a6bdb1c0f0f77992d944dbcba4a8094574623/Various/Articulation%20Map/banks/Three-Body%20Raindrop%20&amp;%20Blade%20(%E6%89%AC%E7%90%B4%E8%90%BD%E8%8B%B1).reabank)
Error prefetching https://github.com/zaibuyidao/ReaScripts/raw/209a6bdb1c0f0f77992d944dbcba4a8094574623/Various/Articulation%20Map/banks/Three-Body%20Raindrop%20&amp;%20Blade.reabank (redirected from https://github.com/zaibuyidao/ReaScripts/raw/209a6bdb1c0f0f77992d944dbcba4a8094574623/Various/Articulation%20Map/banks/Three-Body%20Raindrop%20&amp;%20Blade.reabank)
Error prefetching https://github.com/zaibuyidao/ReaScripts/raw/f7491f9c0f36072a6ff33d4d5d1e53367f9967ba/Various/Articulation%20Map/banks/Three-Body%20Raindrop%20&amp;%20Blade%20(%E6%89%AC%E7%90%B4%E8%90%BD%E8%8B%B1).reabank (redirected from https://github.com/zaibuyidao/ReaScripts/raw/f7491f9c0f36072a6ff33d4d5d1e53367f9967ba/Various/Articulation%20Map/banks/Three-Body%20Raindrop%20&amp;%20Blade%20(%E6%89%AC%E7%90%B4%E8%90%BD%E8%8B%B1).reabank)
Error prefetching https://github.com/zaibuyidao/ReaScripts/raw/f7491f9c0f36072a6ff33d4d5d1e53367f9967ba/Various/Articulation%20Map/banks/Three-Body%20Raindrop%20&amp;%20Blade.reabank (redirected from https://github.com/zaibuyidao/ReaScripts/raw/f7491f9c0f36072a6ff33d4d5d1e53367f9967ba/Various/Articulation%20Map/banks/Three-Body%20Raindrop%20&amp;%20Blade.reabank)
Error prefetching https://github.com/zaibuyidao/ReaScripts/raw/785c5f41232f444a035c73cd4c1e8e0aa7da17c0/Various/Articulation%20Map/banks/Three-Body%20Raindrop%20&amp;%20Blade%20(%E6%89%AC%E7%90%B4%E8%90%BD%E8%8B%B1).reabank (redirected from https://github.com/zaibuyidao/ReaScripts/raw/785c5f41232f444a035c73cd4c1e8e0aa7da17c0/Various/Articulation%20Map/banks/Three-Body%20Raindrop%20&amp;%20Blade%20(%E6%89%AC%E7%90%B4%E8%90%BD%E8%8B%B1).reabank)
Error prefetching https://github.com/zaibuyidao/ReaScripts/raw/785c5f41232f444a035c73cd4c1e8e0aa7da17c0/Various/Articulation%20Map/banks/Three-Body%20Raindrop%20&amp;%20Blade.reabank (redirected from https://github.com/zaibuyidao/ReaScripts/raw/785c5f41232f444a035c73cd4c1e8e0aa7da17c0/Various/Articulation%20Map/banks/Three-Body%20Raindrop%20&amp;%20Blade.reabank)
Error prefetching https://github.com/zaibuyidao/ReaScripts/raw/7bff88f06ce2a1066b0094cd8d94b197e45773aa/Various/Articulation%20Map/banks/Three-Body%20Raindrop%20&amp;%20Blade%20(%E6%89%AC%E7%90%B4%E8%90%BD%E8%8B%B1).reabank (redirected from https://github.com/zaibuyidao/ReaScripts/raw/7bff88f06ce2a1066b0094cd8d94b197e45773aa/Various/Articulation%20Map/banks/Three-Body%20Raindrop%20&amp;%20Blade%20(%E6%89%AC%E7%90%B4%E8%90%BD%E8%8B%B1).reabank)
Error prefetching https://github.com/zaibuyidao/ReaScripts/raw/7bff88f06ce2a1066b0094cd8d94b197e45773aa/Various/Articulation%20Map/banks/Three-Body%20Raindrop%20&amp;%20Blade.reabank (redirected from https://github.com/zaibuyidao/ReaScripts/raw/7bff88f06ce2a1066b0094cd8d94b197e45773aa/Various/Articulation%20Map/banks/Three-Body%20Raindrop%20&amp;%20Blade.reabank)
Error prefetching https://github.com/zaibuyidao/ReaScripts/raw/4ed105427ceba2c4607ff78cd8f68841f3d066c5/Various/Articulation%20Map/banks/Three-Body%20Raindrop%20&amp;%20Blade%20(%E6%89%AC%E7%90%B4%E8%90%BD%E8%8B%B1).reabank (redirected from https://github.com/zaibuyidao/ReaScripts/raw/4ed105427ceba2c4607ff78cd8f68841f3d066c5/Various/Articulation%20Map/banks/Three-Body%20Raindrop%20&amp;%20Blade%20(%E6%89%AC%E7%90%B4%E8%90%BD%E8%8B%B1).reabank)
Error prefetching https://github.com/zaibuyidao/ReaScripts/raw/4ed105427ceba2c4607ff78cd8f68841f3d066c5/Various/Articulation%20Map/banks/Three-Body%20Raindrop%20&amp;%20Blade.reabank (redirected from https://github.com/zaibuyidao/ReaScripts/raw/4ed105427ceba2c4607ff78cd8f68841f3d066c5/Various/Articulation%20Map/banks/Three-Body%20Raindrop%20&amp;%20Blade.reabank)
Error prefetching https://github.com/zaibuyidao/ReaScripts/raw/11c1f145bc087c3d2550dd2b25a3e8aab29dd7d4/Various/Articulation%20Map/banks/Three-Body%20Raindrop%20&amp;%20Blade%20(%E6%89%AC%E7%90%B4%E8%90%BD%E8%8B%B1).reabank (redirected from https://github.com/zaibuyidao/ReaScripts/raw/11c1f145bc087c3d2550dd2b25a3e8aab29dd7d4/Various/Articulation%20Map/banks/Three-Body%20Raindrop%20&amp;%20Blade%20(%E6%89%AC%E7%90%B4%E8%90%BD%E8%8B%B1).reabank)
Error prefetching https://github.com/zaibuyidao/ReaScripts/raw/11c1f145bc087c3d2550dd2b25a3e8aab29dd7d4/Various/Articulation%20Map/banks/Three-Body%20Raindrop%20&amp;%20Blade.reabank (redirected from https://github.com/zaibuyidao/ReaScripts/raw/11c1f145bc087c3d2550dd2b25a3e8aab29dd7d4/Various/Articulation%20Map/banks/Three-Body%20Raindrop%20&amp;%20Blade.reabank)
Error prefetching https://github.com/zaibuyidao/ReaScripts/raw/aff4b5b251e3371cd1bc1c7c1ce03ef3de5048db/Various/Articulation%20Map/banks/Three-Body%20Raindrop%20&amp;%20Blade%20(%E6%89%AC%E7%90%B4%E8%90%BD%E8%8B%B1).reabank (redirected from https://github.com/zaibuyidao/ReaScripts/raw/aff4b5b251e3371cd1bc1c7c1ce03ef3de5048db/Various/Articulation%20Map/banks/Three-Body%20Raindrop%20&amp;%20Blade%20(%E6%89%AC%E7%90%B4%E8%90%BD%E8%8B%B1).reabank)
Error prefetching https://github.com/zaibuyidao/ReaScripts/raw/aff4b5b251e3371cd1bc1c7c1ce03ef3de5048db/Various/Articulation%20Map/banks/Three-Body%20Raindrop%20&amp;%20Blade.reabank (redirected from https://github.com/zaibuyidao/ReaScripts/raw/aff4b5b251e3371cd1bc1c7c1ce03ef3de5048db/Various/Articulation%20Map/banks/Three-Body%20Raindrop%20&amp;%20Blade.reabank)
Error prefetching https://github.com/zaibuyidao/ReaScripts/raw/a1f6a956e43cb556f41c734afe6b109a3a6140e5/Various/Articulation%20Map/banks/Three-Body%20Raindrop%20&amp;%20Blade.reabank (redirected from https://github.com/zaibuyidao/ReaScripts/raw/a1f6a956e43cb556f41c734afe6b109a3a6140e5/Various/Articulation%20Map/banks/Three-Body%20Raindrop%20&amp;%20Blade.reabank)
Error prefetching https://github.com/zaibuyidao/ReaScripts/raw/a1f6a956e43cb556f41c734afe6b109a3a6140e5/Various/Articulation%20Map/banks/Three-Body%20Raindrop%20&amp;%20Blade%20(%E6%89%AC%E7%90%B4%E8%90%BD%E8%8B%B1).reabank (redirected from https://github.com/zaibuyidao/ReaScripts/raw/a1f6a956e43cb556f41c734afe6b109a3a6140e5/Various/Articulation%20Map/banks/Three-Body%20Raindrop%20&amp;%20Blade%20(%E6%89%AC%E7%90%B4%E8%90%BD%E8%8B%B1).reabank)
Error prefetching https://github.com/zaibuyidao/ReaScripts/raw/03cab55bb522c4fb9292bb38d4f1d3ba8f4e0cbe/Various/Articulation%20Map/banks/Three-Body%20Raindrop%20&amp;%20Blade%20(%E6%89%AC%E7%90%B4%E8%90%BD%E8%8B%B1).reabank (redirected from https://github.com/zaibuyidao/ReaScripts/raw/03cab55bb522c4fb9292bb38d4f1d3ba8f4e0cbe/Various/Articulation%20Map/banks/Three-Body%20Raindrop%20&amp;%20Blade%20(%E6%89%AC%E7%90%B4%E8%90%BD%E8%8B%B1).reabank)
Error prefetching https://github.com/zaibuyidao/ReaScripts/raw/03cab55bb522c4fb9292bb38d4f1d3ba8f4e0cbe/Various/Articulation%20Map/banks/Three-Body%20Raindrop%20&amp;%20Blade.reabank (redirected from https://github.com/zaibuyidao/ReaScripts/raw/03cab55bb522c4fb9292bb38d4f1d3ba8f4e0cbe/Various/Articulation%20Map/banks/Three-Body%20Raindrop%20&amp;%20Blade.reabank)
Error prefetching https://github.com/zaibuyidao/ReaScripts/raw/f6035119db4de021704d9096564db6baded25ec3/Various/Articulation%20Map/banks/Three-Body%20Raindrop%20&amp;%20Blade%20(%E6%89%AC%E7%90%B4%E8%90%BD%E8%8B%B1).reabank (redirected from https://github.com/zaibuyidao/ReaScripts/raw/f6035119db4de021704d9096564db6baded25ec3/Various/Articulation%20Map/banks/Three-Body%20Raindrop%20&amp;%20Blade%20(%E6%89%AC%E7%90%B4%E8%90%BD%E8%8B%B1).reabank)
Error prefetching https://github.com/zaibuyidao/ReaScripts/raw/f6035119db4de021704d9096564db6baded25ec3/Various/Articulation%20Map/banks/Three-Body%20Raindrop%20&amp;%20Blade.reabank (redirected from https://github.com/zaibuyidao/ReaScripts/raw/f6035119db4de021704d9096564db6baded25ec3/Various/Articulation%20Map/banks/Three-Body%20Raindrop%20&amp;%20Blade.reabank)
Error prefetching https://github.com/zaibuyidao/ReaScripts/raw/e346c06f917365a1e0de2777dfdb9e52c9c53f56/Various/Articulation%20Map/banks/Three-Body%20Raindrop%20&amp;%20Blade%20(%E6%89%AC%E7%90%B4%E8%90%BD%E8%8B%B1).reabank (redirected from https://github.com/zaibuyidao/ReaScripts/raw/e346c06f917365a1e0de2777dfdb9e52c9c53f56/Various/Articulation%20Map/banks/Three-Body%20Raindrop%20&amp;%20Blade%20(%E6%89%AC%E7%90%B4%E8%90%BD%E8%8B%B1).reabank)
Error prefetching https://github.com/zaibuyidao/ReaScripts/raw/e346c06f917365a1e0de2777dfdb9e52c9c53f56/Various/Articulation%20Map/banks/Three-Body%20Raindrop%20&amp;%20Blade.reabank (redirected from https://github.com/zaibuyidao/ReaScripts/raw/e346c06f917365a1e0de2777dfdb9e52c9c53f56/Various/Articulation%20Map/banks/Three-Body%20Raindrop%20&amp;%20Blade.reabank)
Error prefetching https://github.com/zaibuyidao/ReaScripts/raw/07524ba6ceec601cbd08d503919ed528fe8a487e/Various/Articulation%20Map/banks/Three-Body%20Raindrop%20&amp;%20Blade%20(%E6%89%AC%E7%90%B4%E8%90%BD%E8%8B%B1).reabank (redirected from https://github.com/zaibuyidao/ReaScripts/raw/07524ba6ceec601cbd08d503919ed528fe8a487e/Various/Articulation%20Map/banks/Three-Body%20Raindrop%20&amp;%20Blade%20(%E6%89%AC%E7%90%B4%E8%90%BD%E8%8B%B1).reabank)
Error prefetching https://github.com/zaibuyidao/ReaScripts/raw/07524ba6ceec601cbd08d503919ed528fe8a487e/Various/Articulation%20Map/banks/Three-Body%20Raindrop%20&amp;%20Blade.reabank (redirected from https://github.com/zaibuyidao/ReaScripts/raw/07524ba6ceec601cbd08d503919ed528fe8a487e/Various/Articulation%20Map/banks/Three-Body%20Raindrop%20&amp;%20Blade.reabank)
Error prefetching https://github.com/zaibuyidao/ReaScripts/raw/cbaaefbdd3f257065337bc7f3c2f5116a4292d0b/Various/Articulation%20Map/banks/Three-Body%20Raindrop%20&amp;%20Blade%20(%E6%89%AC%E7%90%B4%E8%90%BD%E8%8B%B1).reabank (redirected from https://github.com/zaibuyidao/ReaScripts/raw/cbaaefbdd3f257065337bc7f3c2f5116a4292d0b/Various/Articulation%20Map/banks/Three-Body%20Raindrop%20&amp;%20Blade%20(%E6%89%AC%E7%90%B4%E8%90%BD%E8%8B%B1).reabank)
Error prefetching https://github.com/zaibuyidao/ReaScripts/raw/cbaaefbdd3f257065337bc7f3c2f5116a4292d0b/Various/Articulation%20Map/banks/Three-Body%20Raindrop%20&amp;%20Blade.reabank (redirected from https://github.com/zaibuyidao/ReaScripts/raw/cbaaefbdd3f257065337bc7f3c2f5116a4292d0b/Various/Articulation%20Map/banks/Three-Body%20Raindrop%20&amp;%20Blade.reabank)
Error prefetching https://github.com/zaibuyidao/ReaScripts/raw/78b9b7f01e4a129b92bc53f07c7ea562e9a3b0c3/Various/Articulation%20Map/banks/Three-Body%20Raindrop%20&amp;%20Blade.reabank (redirected from https://github.com/zaibuyidao/ReaScripts/raw/78b9b7f01e4a129b92bc53f07c7ea562e9a3b0c3/Various/Articulation%20Map/banks/Three-Body%20Raindrop%20&amp;%20Blade.reabank)
Error prefetching https://github.com/zaibuyidao/ReaScripts/raw/78b9b7f01e4a129b92bc53f07c7ea562e9a3b0c3/Various/Articulation%20Map/banks/Three-Body%20Raindrop%20&amp;%20Blade%20(%E6%89%AC%E7%90%B4%E8%90%BD%E8%8B%B1).reabank (redirected from https://github.com/zaibuyidao/ReaScripts/raw/78b9b7f01e4a129b92bc53f07c7ea562e9a3b0c3/Various/Articulation%20Map/banks/Three-Body%20Raindrop%20&amp;%20Blade%20(%E6%89%AC%E7%90%B4%E8%90%BD%E8%8B%B1).reabank)
Error prefetching https://github.com/zaibuyidao/ReaScripts/raw/250aaac54a2e85422f2a11b2607eac24201a52c0/Various/Articulation%20Map/banks/Three-Body%20Raindrop%20&amp;%20Blade.reabank (redirected from https://github.com/zaibuyidao/ReaScripts/raw/250aaac54a2e85422f2a11b2607eac24201a52c0/Various/Articulation%20Map/banks/Three-Body%20Raindrop%20&amp;%20Blade.reabank)
Error prefetching https://github.com/zaibuyidao/ReaScripts/raw/250aaac54a2e85422f2a11b2607eac24201a52c0/Various/Articulation%20Map/banks/Three-Body%20Raindrop%20&amp;%20Blade%20(%E6%89%AC%E7%90%B4%E8%90%BD%E8%8B%B1).reabank (redirected from https://github.com/zaibuyidao/ReaScripts/raw/250aaac54a2e85422f2a11b2607eac24201a52c0/Various/Articulation%20Map/banks/Three-Body%20Raindrop%20&amp;%20Blade%20(%E6%89%AC%E7%90%B4%E8%90%BD%E8%8B%B1).reabank)
Error prefetching https://github.com/zaibuyidao/ReaScripts/raw/947af99c4a785f7dfb57ce06151b0045caedc169/Various/Articulation%20Map/banks/75-96%20Three-Body%20Raindrop%20&amp;%20Blade%20(%E6%89%AC%E7%90%B4%E8%90%BD%E8%8B%B1).reabank (redirected from https://github.com/zaibuyidao/ReaScripts/raw/947af99c4a785f7dfb57ce06151b0045caedc169/Various/Articulation%20Map/banks/75-96%20Three-Body%20Raindrop%20&amp;%20Blade%20(%E6%89%AC%E7%90%B4%E8%90%BD%E8%8B%B1).reabank)
Error prefetching https://github.com/zaibuyidao/ReaScripts/raw/947af99c4a785f7dfb57ce06151b0045caedc169/Various/Articulation%20Map/banks/75-96%20Three-Body%20Raindrop%20&amp;%20Blade.reabank (redirected from https://github.com/zaibuyidao/ReaScripts/raw/947af99c4a785f7dfb57ce06151b0045caedc169/Various/Articulation%20Map/banks/75-96%20Three-Body%20Raindrop%20&amp;%20Blade.reabank)
Error prefetching https://github.com/zaibuyidao/ReaScripts/raw/06fe16b8f3a97ce797c39e38961b4d605597bc3e/Various/Articulation%20Map/banks/75-96%20Three-Body%20Raindrop%20&amp;%20Blade%20(%E6%89%AC%E7%90%B4%E8%90%BD%E8%8B%B1).reabank (redirected from https://github.com/zaibuyidao/ReaScripts/raw/06fe16b8f3a97ce797c39e38961b4d605597bc3e/Various/Articulation%20Map/banks/75-96%20Three-Body%20Raindrop%20&amp;%20Blade%20(%E6%89%AC%E7%90%B4%E8%90%BD%E8%8B%B1).reabank)
Error prefetching https://github.com/zaibuyidao/ReaScripts/raw/06fe16b8f3a97ce797c39e38961b4d605597bc3e/Various/Articulation%20Map/banks/75-96%20Three-Body%20Raindrop%20&amp;%20Blade.reabank (redirected from https://github.com/zaibuyidao/ReaScripts/raw/06fe16b8f3a97ce797c39e38961b4d605597bc3e/Various/Articulation%20Map/banks/75-96%20Three-Body%20Raindrop%20&amp;%20Blade.reabank)
Error prefetching https://github.com/zaibuyidao/ReaScripts/raw/6423d4005056e4801ead65dab1b1518f12c55cc4/Various/Articulation%20Map/banks/75-96%20Three-Body%20Raindrop%20&amp;%20Blade%20(%E6%89%AC%E7%90%B4%E8%90%BD%E8%8B%B1).reabank (redirected from https://github.com/zaibuyidao/ReaScripts/raw/6423d4005056e4801ead65dab1b1518f12c55cc4/Various/Articulation%20Map/banks/75-96%20Three-Body%20Raindrop%20&amp;%20Blade%20(%E6%89%AC%E7%90%B4%E8%90%BD%E8%8B%B1).reabank)
Error prefetching https://github.com/zaibuyidao/ReaScripts/raw/6423d4005056e4801ead65dab1b1518f12c55cc4/Various/Articulation%20Map/banks/75-96%20Three-Body%20Raindrop%20&amp;%20Blade.reabank (redirected from https://github.com/zaibuyidao/ReaScripts/raw/6423d4005056e4801ead65dab1b1518f12c55cc4/Various/Articulation%20Map/banks/75-96%20Three-Body%20Raindrop%20&amp;%20Blade.reabank)
Error prefetching https://github.com/zaibuyidao/ReaScripts/raw/7a58858e694fc30ee02adf1349de1b20cdbfe03c/Various/Articulation%20Map/banks/75-96%20Three-Body%20Raindrop%20&amp;%20Blade%20(%E6%89%AC%E7%90%B4%E8%90%BD%E8%8B%B1).reabank (redirected from https://github.com/zaibuyidao/ReaScripts/raw/7a58858e694fc30ee02adf1349de1b20cdbfe03c/Various/Articulation%20Map/banks/75-96%20Three-Body%20Raindrop%20&amp;%20Blade%20(%E6%89%AC%E7%90%B4%E8%90%BD%E8%8B%B1).reabank)
Error prefetching https://github.com/zaibuyidao/ReaScripts/raw/7a58858e694fc30ee02adf1349de1b20cdbfe03c/Various/Articulation%20Map/banks/75-96%20Three-Body%20Raindrop%20&amp;%20Blade.reabank (redirected from https://github.com/zaibuyidao/ReaScripts/raw/7a58858e694fc30ee02adf1349de1b20cdbfe03c/Various/Articulation%20Map/banks/75-96%20Three-Body%20Raindrop%20&amp;%20Blade.reabank)
Error prefetching https://github.com/zaibuyidao/ReaScripts/raw/396c0f563d1b4a0cdcdb08721a5698e38f7d1a4c/Various/Articulation%20Map/banks/75-96%20Three-Body%20Raindrop%20&amp;%20Blade%20(%E6%89%AC%E7%90%B4%E8%90%BD%E8%8B%B1).reabank (redirected from https://github.com/zaibuyidao/ReaScripts/raw/396c0f563d1b4a0cdcdb08721a5698e38f7d1a4c/Various/Articulation%20Map/banks/75-96%20Three-Body%20Raindrop%20&amp;%20Blade%20(%E6%89%AC%E7%90%B4%E8%90%BD%E8%8B%B1).reabank)
Error prefetching https://github.com/zaibuyidao/ReaScripts/raw/396c0f563d1b4a0cdcdb08721a5698e38f7d1a4c/Various/Articulation%20Map/banks/75-96%20Three-Body%20Raindrop%20&amp;%20Blade.reabank (redirected from https://github.com/zaibuyidao/ReaScripts/raw/396c0f563d1b4a0cdcdb08721a5698e38f7d1a4c/Various/Articulation%20Map/banks/75-96%20Three-Body%20Raindrop%20&amp;%20Blade.reabank)
Error prefetching https://github.com/zaibuyidao/ReaScripts/raw/e12fe7aa76eb518dbad8e3e5567316e35cf577a2/Various/Articulation%20Map/banks/75-96%20Three-Body%20Raindrop%20&amp;%20Blade%20(%E6%89%AC%E7%90%B4%E8%90%BD%E8%8B%B1).reabank (redirected from https://github.com/zaibuyidao/ReaScripts/raw/e12fe7aa76eb518dbad8e3e5567316e35cf577a2/Various/Articulation%20Map/banks/75-96%20Three-Body%20Raindrop%20&amp;%20Blade%20(%E6%89%AC%E7%90%B4%E8%90%BD%E8%8B%B1).reabank)
Error prefetching https://github.com/zaibuyidao/ReaScripts/raw/e12fe7aa76eb518dbad8e3e5567316e35cf577a2/Various/Articulation%20Map/banks/75-96%20Three-Body%20Raindrop%20&amp;%20Blade.reabank (redirected from https://github.com/zaibuyidao/ReaScripts/raw/e12fe7aa76eb518dbad8e3e5567316e35cf577a2/Various/Articulation%20Map/banks/75-96%20Three-Body%20Raindrop%20&amp;%20Blade.reabank)
Error prefetching https://github.com/zaibuyidao/ReaScripts/raw/622c766f902a2bf27adb510d3f5f09cebe0c1f93/Various/Articulation%20Map/banks/75-96%20Three-Body%20Raindrop%20&amp;%20Blade%20(%E6%89%AC%E7%90%B4%E8%90%BD%E8%8B%B1).reabank (redirected from https://github.com/zaibuyidao/ReaScripts/raw/622c766f902a2bf27adb510d3f5f09cebe0c1f93/Various/Articulation%20Map/banks/75-96%20Three-Body%20Raindrop%20&amp;%20Blade%20(%E6%89%AC%E7%90%B4%E8%90%BD%E8%8B%B1).reabank)
Error prefetching https://github.com/zaibuyidao/ReaScripts/raw/622c766f902a2bf27adb510d3f5f09cebe0c1f93/Various/Articulation%20Map/banks/75-96%20Three-Body%20Raindrop%20&amp;%20Blade.reabank (redirected from https://github.com/zaibuyidao/ReaScripts/raw/622c766f902a2bf27adb510d3f5f09cebe0c1f93/Various/Articulation%20Map/banks/75-96%20Three-Body%20Raindrop%20&amp;%20Blade.reabank)
Error prefetching https://github.com/zaibuyidao/ReaScripts/raw/0c928e5ff9dcd46dbc5c557841db59c4cd32d0ca/Various/Articulation%20Map/banks/75-96%20Three-Body%20Raindrop%20&amp;%20Blade%20(%E6%89%AC%E7%90%B4%E8%90%BD%E8%8B%B1).reabank (redirected from https://github.com/zaibuyidao/ReaScripts/raw/0c928e5ff9dcd46dbc5c557841db59c4cd32d0ca/Various/Articulation%20Map/banks/75-96%20Three-Body%20Raindrop%20&amp;%20Blade%20(%E6%89%AC%E7%90%B4%E8%90%BD%E8%8B%B1).reabank)
Error prefetching https://github.com/zaibuyidao/ReaScripts/raw/0c928e5ff9dcd46dbc5c557841db59c4cd32d0ca/Various/Articulation%20Map/banks/75-96%20Three-Body%20Raindrop%20&amp;%20Blade.reabank (redirected from https://github.com/zaibuyidao/ReaScripts/raw/0c928e5ff9dcd46dbc5c557841db59c4cd32d0ca/Various/Articulation%20Map/banks/75-96%20Three-Body%20Raindrop%20&amp;%20Blade.reabank)
Error prefetching https://github.com/zaibuyidao/ReaScripts/raw/b0ca8653118aa2b4b8dd9f9cfd8abfa76e636e92/Various/Articulation%20Map/banks/75-96%20Three-Body%20Raindrop%20&amp;%20Blade%20(%E6%89%AC%E7%90%B4%E8%90%BD%E8%8B%B1).reabank (redirected from https://github.com/zaibuyidao/ReaScripts/raw/b0ca8653118aa2b4b8dd9f9cfd8abfa76e636e92/Various/Articulation%20Map/banks/75-96%20Three-Body%20Raindrop%20&amp;%20Blade%20(%E6%89%AC%E7%90%B4%E8%90%BD%E8%8B%B1).reabank)
Error prefetching https://github.com/zaibuyidao/ReaScripts/raw/b0ca8653118aa2b4b8dd9f9cfd8abfa76e636e92/Various/Articulation%20Map/banks/75-96%20Three-Body%20Raindrop%20&amp;%20Blade.reabank (redirected from https://github.com/zaibuyidao/ReaScripts/raw/b0ca8653118aa2b4b8dd9f9cfd8abfa76e636e92/Various/Articulation%20Map/banks/75-96%20Three-Body%20Raindrop%20&amp;%20Blade.reabank)
Error prefetching https://github.com/zaibuyidao/ReaScripts/raw/2e38320cf0aaf334140e9d51181283fcdbf3ca3a/Various/Articulation%20Map/banks/75-96%20Three-Body%20Raindrop%20&amp;%20Blade%20(%E6%89%AC%E7%90%B4%E8%90%BD%E8%8B%B1).reabank (redirected from https://github.com/zaibuyidao/ReaScripts/raw/2e38320cf0aaf334140e9d51181283fcdbf3ca3a/Various/Articulation%20Map/banks/75-96%20Three-Body%20Raindrop%20&amp;%20Blade%20(%E6%89%AC%E7%90%B4%E8%90%BD%E8%8B%B1).reabank)
Error prefetching https://github.com/zaibuyidao/ReaScripts/raw/2e38320cf0aaf334140e9d51181283fcdbf3ca3a/Various/Articulation%20Map/banks/75-96%20Three-Body%20Raindrop%20&amp;%20Blade.reabank (redirected from https://github.com/zaibuyidao/ReaScripts/raw/2e38320cf0aaf334140e9d51181283fcdbf3ca3a/Various/Articulation%20Map/banks/75-96%20Three-Body%20Raindrop%20&amp;%20Blade.reabank)
Error prefetching https://github.com/zaibuyidao/ReaScripts/raw/0a52cd9f15c01b0cf58177ed6144e750df5f9f32/Various/SFX/lib/config-custom.lua (redirected from https://github.com/zaibuyidao/ReaScripts/raw/0a52cd9f15c01b0cf58177ed6144e750df5f9f32/Various/SFX/lib/config-custom.lua)
Error prefetching https://github.com/juliansader/ReaExtensions/raw/master/js_ReaScriptAPI/v0.93/reaper_js_ReaScriptAPI32.dylib (redirected from https://github.com/juliansader/ReaExtensions/raw/master/js_ReaScriptAPI/v0.93/reaper_js_ReaScriptAPI32.dylib)
Error prefetching https://github.com/juliansader/ReaExtensions/raw/master/js_ReaScriptAPI/v0.93/reaper_js_ReaScriptAPI64.dylib (redirected from https://github.com/juliansader/ReaExtensions/raw/master/js_ReaScriptAPI/v0.93/reaper_js_ReaScriptAPI64.dylib)
Error prefetching https://github.com/juliansader/ReaExtensions/raw/master/js_ReaScriptAPI/v0.93/reaper_js_ReaScriptAPI32.dll (redirected from https://github.com/juliansader/ReaExtensions/raw/master/js_ReaScriptAPI/v0.93/reaper_js_ReaScriptAPI32.dll)
Error prefetching https://github.com/juliansader/ReaExtensions/raw/master/js_ReaScriptAPI/v0.93/reaper_js_ReaScriptAPI64.dll (redirected from https://github.com/juliansader/ReaExtensions/raw/master/js_ReaScriptAPI/v0.93/reaper_js_ReaScriptAPI64.dll)
Error prefetching https://github.com/juliansader/ReaExtensions/raw/master/js_ReaScriptAPI/v0.93/reaper_js_ReaScriptAPI32.so (redirected from https://github.com/juliansader/ReaExtensions/raw/master/js_ReaScriptAPI/v0.93/reaper_js_ReaScriptAPI32.so)
Error prefetching https://github.com/juliansader/ReaExtensions/raw/master/js_ReaScriptAPI/v0.94/reaper_js_ReaScriptAPI32.dylib (redirected from https://github.com/juliansader/ReaExtensions/raw/master/js_ReaScriptAPI/v0.94/reaper_js_ReaScriptAPI32.dylib)
Error prefetching https://github.com/juliansader/ReaExtensions/raw/master/js_ReaScriptAPI/v0.94/reaper_js_ReaScriptAPI64.dylib (redirected from https://github.com/juliansader/ReaExtensions/raw/master/js_ReaScriptAPI/v0.94/reaper_js_ReaScriptAPI64.dylib)
Error prefetching https://github.com/juliansader/ReaExtensions/raw/master/js_ReaScriptAPI/v0.94/reaper_js_ReaScriptAPI32.dll (redirected from https://github.com/juliansader/ReaExtensions/raw/master/js_ReaScriptAPI/v0.94/reaper_js_ReaScriptAPI32.dll)
Error prefetching https://github.com/juliansader/ReaExtensions/raw/master/js_ReaScriptAPI/v0.94/reaper_js_ReaScriptAPI64.dll (redirected from https://github.com/juliansader/ReaExtensions/raw/master/js_ReaScriptAPI/v0.94/reaper_js_ReaScriptAPI64.dll)
Error prefetching https://github.com/juliansader/ReaExtensions/raw/master/js_ReaScriptAPI/v0.94/reaper_js_ReaScriptAPI32.so (redirected from https://github.com/juliansader/ReaExtensions/raw/master/js_ReaScriptAPI/v0.94/reaper_js_ReaScriptAPI32.so)
Error prefetching https://github.com/juliansader/ReaExtensions/raw/master/js_ReaScriptAPI/v0.94/reaper_js_ReaScriptAPI64.so (redirected from https://github.com/juliansader/ReaExtensions/raw/master/js_ReaScriptAPI/v0.94/reaper_js_ReaScriptAPI64.so)
Error prefetching https://github.com/juliansader/ReaExtensions/raw/master/js_ReaScriptAPI/v0.95/reaper_js_ReaScriptAPI64.dylib (redirected from https://github.com/juliansader/ReaExtensions/raw/master/js_ReaScriptAPI/v0.95/reaper_js_ReaScriptAPI64.dylib)
Error prefetching https://github.com/juliansader/ReaExtensions/raw/master/js_ReaScriptAPI/v0.95/reaper_js_ReaScriptAPI32.dylib (redirected from https://github.com/juliansader/ReaExtensions/raw/master/js_ReaScriptAPI/v0.95/reaper_js_ReaScriptAPI32.dylib)
Error prefetching https://github.com/juliansader/ReaExtensions/raw/master/js_ReaScriptAPI/v0.95/reaper_js_ReaScriptAPI32.dll (redirected from https://github.com/juliansader/ReaExtensions/raw/master/js_ReaScriptAPI/v0.95/reaper_js_ReaScriptAPI32.dll)
Error prefetching https://github.com/juliansader/ReaExtensions/raw/master/js_ReaScriptAPI/v0.95/reaper_js_ReaScriptAPI64.dll (redirected from https://github.com/juliansader/ReaExtensions/raw/master/js_ReaScriptAPI/v0.95/reaper_js_ReaScriptAPI64.dll)
Error prefetching https://github.com/juliansader/ReaExtensions/raw/master/js_ReaScriptAPI/v0.95/reaper_js_ReaScriptAPI32.so (redirected from https://github.com/juliansader/ReaExtensions/raw/master/js_ReaScriptAPI/v0.95/reaper_js_ReaScriptAPI32.so)
Error prefetching https://github.com/juliansader/ReaExtensions/raw/master/js_ReaScriptAPI/v0.95/reaper_js_ReaScriptAPI64.so (redirected from https://github.com/juliansader/ReaExtensions/raw/master/js_ReaScriptAPI/v0.95/reaper_js_ReaScriptAPI64.so)
Error prefetching https://github.com/juliansader/ReaExtensions/raw/master/js_ReaScriptAPI/v0.951/reaper_js_ReaScriptAPI32.dylib (redirected from https://github.com/juliansader/ReaExtensions/raw/master/js_ReaScriptAPI/v0.951/reaper_js_ReaScriptAPI32.dylib)
Error prefetching https://github.com/juliansader/ReaExtensions/raw/master/js_ReaScriptAPI/v0.951/reaper_js_ReaScriptAPI32.dll (redirected from https://github.com/juliansader/ReaExtensions/raw/master/js_ReaScriptAPI/v0.951/reaper_js_ReaScriptAPI32.dll)
Error prefetching https://github.com/juliansader/ReaExtensions/raw/master/js_ReaScriptAPI/v0.951/reaper_js_ReaScriptAPI64.dylib (redirected from https://github.com/juliansader/ReaExtensions/raw/master/js_ReaScriptAPI/v0.951/reaper_js_ReaScriptAPI64.dylib)
Error prefetching https://github.com/juliansader/ReaExtensions/raw/master/js_ReaScriptAPI/v0.951/reaper_js_ReaScriptAPI64.dll (redirected from https://github.com/juliansader/ReaExtensions/raw/master/js_ReaScriptAPI/v0.951/reaper_js_ReaScriptAPI64.dll)
Error prefetching https://github.com/juliansader/ReaExtensions/raw/master/js_ReaScriptAPI/v0.951/reaper_js_ReaScriptAPI32.so (redirected from https://github.com/juliansader/ReaExtensions/raw/master/js_ReaScriptAPI/v0.951/reaper_js_ReaScriptAPI32.so)
Error prefetching https://github.com/juliansader/ReaExtensions/raw/master/js_ReaScriptAPI/v0.951/reaper_js_ReaScriptAPI64.so (redirected from https://github.com/juliansader/ReaExtensions/raw/master/js_ReaScriptAPI/v0.951/reaper_js_ReaScriptAPI64.so)
Error prefetching https://github.com/juliansader/ReaExtensions/raw/master/js_ReaScriptAPI/v0.962/reaper_js_ReaScriptAPI32.dylib (redirected from https://github.com/juliansader/ReaExtensions/raw/master/js_ReaScriptAPI/v0.962/reaper_js_ReaScriptAPI32.dylib)
Error prefetching https://github.com/juliansader/ReaExtensions/raw/master/js_ReaScriptAPI/v0.962/reaper_js_ReaScriptAPI64.dylib (redirected from https://github.com/juliansader/ReaExtensions/raw/master/js_ReaScriptAPI/v0.962/reaper_js_ReaScriptAPI64.dylib)
Error prefetching https://github.com/juliansader/ReaExtensions/raw/master/js_ReaScriptAPI/v0.962/reaper_js_ReaScriptAPI64.dll (redirected from https://github.com/juliansader/ReaExtensions/raw/master/js_ReaScriptAPI/v0.962/reaper_js_ReaScriptAPI64.dll)
Error prefetching https://github.com/juliansader/ReaExtensions/raw/master/js_ReaScriptAPI/v0.962/reaper_js_ReaScriptAPI32.dll (redirected from https://github.com/juliansader/ReaExtensions/raw/master/js_ReaScriptAPI/v0.962/reaper_js_ReaScriptAPI32.dll)
Error prefetching https://github.com/juliansader/ReaExtensions/raw/master/js_ReaScriptAPI/v0.962/reaper_js_ReaScriptAPI32.so (redirected from https://github.com/juliansader/ReaExtensions/raw/master/js_ReaScriptAPI/v0.962/reaper_js_ReaScriptAPI32.so)
Error prefetching https://github.com/juliansader/ReaExtensions/raw/master/js_ReaScriptAPI/v0.962/reaper_js_ReaScriptAPI64.so (redirected from https://github.com/juliansader/ReaExtensions/raw/master/js_ReaScriptAPI/v0.962/reaper_js_ReaScriptAPI64.so)
Error prefetching https://github.com/juliansader/ReaExtensions/raw/master/js_ReaScriptAPI/v0.963/reaper_js_ReaScriptAPI32.dylib (redirected from https://github.com/juliansader/ReaExtensions/raw/master/js_ReaScriptAPI/v0.963/reaper_js_ReaScriptAPI32.dylib)
Error prefetching https://github.com/juliansader/ReaExtensions/raw/master/js_ReaScriptAPI/v0.963/reaper_js_ReaScriptAPI64.dylib (redirected from https://github.com/juliansader/ReaExtensions/raw/master/js_ReaScriptAPI/v0.963/reaper_js_ReaScriptAPI64.dylib)
Error prefetching https://github.com/juliansader/ReaExtensions/raw/master/js_ReaScriptAPI/v0.963/reaper_js_ReaScriptAPI32.dll (redirected from https://github.com/juliansader/ReaExtensions/raw/master/js_ReaScriptAPI/v0.963/reaper_js_ReaScriptAPI32.dll)
Error prefetching https://github.com/juliansader/ReaExtensions/raw/master/js_ReaScriptAPI/v0.963/reaper_js_ReaScriptAPI64.dll (redirected from https://github.com/juliansader/ReaExtensions/raw/master/js_ReaScriptAPI/v0.963/reaper_js_ReaScriptAPI64.dll)
Error prefetching https://github.com/juliansader/ReaExtensions/raw/master/js_ReaScriptAPI/v0.963/reaper_js_ReaScriptAPI32.so (redirected from https://github.com/juliansader/ReaExtensions/raw/master/js_ReaScriptAPI/v0.963/reaper_js_ReaScriptAPI32.so)
Error prefetching https://github.com/juliansader/ReaExtensions/raw/master/js_ReaScriptAPI/v0.963/reaper_js_ReaScriptAPI64.so (redirected from https://github.com/juliansader/ReaExtensions/raw/master/js_ReaScriptAPI/v0.963/reaper_js_ReaScriptAPI64.so)
Error prefetching https://github.com/juliansader/ReaExtensions/raw/master/js_ReaScriptAPI/v0.964/reaper_js_ReaScriptAPI32.dylib (redirected from https://github.com/juliansader/ReaExtensions/raw/master/js_ReaScriptAPI/v0.964/reaper_js_ReaScriptAPI32.dylib)
Error prefetching https://github.com/juliansader/ReaExtensions/raw/master/js_ReaScriptAPI/v0.964/reaper_js_ReaScriptAPI64.dylib (redirected from https://github.com/juliansader/ReaExtensions/raw/master/js_ReaScriptAPI/v0.964/reaper_js_ReaScriptAPI64.dylib)
Error prefetching https://github.com/juliansader/ReaExtensions/raw/master/js_ReaScriptAPI/v0.964/reaper_js_ReaScriptAPI64.dll (redirected from https://github.com/juliansader/ReaExtensions/raw/master/js_ReaScriptAPI/v0.964/reaper_js_ReaScriptAPI64.dll)
Error prefetching https://github.com/juliansader/ReaExtensions/raw/master/js_ReaScriptAPI/v0.964/reaper_js_ReaScriptAPI32.dll (redirected from https://github.com/juliansader/ReaExtensions/raw/master/js_ReaScriptAPI/v0.964/reaper_js_ReaScriptAPI32.dll)
Error prefetching https://github.com/juliansader/ReaExtensions/raw/master/js_ReaScriptAPI/v0.964/reaper_js_ReaScriptAPI32.so (redirected from https://github.com/juliansader/ReaExtensions/raw/master/js_ReaScriptAPI/v0.964/reaper_js_ReaScriptAPI32.so)
Error prefetching https://github.com/juliansader/ReaExtensions/raw/master/js_ReaScriptAPI/v0.970/reaper_js_ReaScriptAPI64.dylib (redirected from https://github.com/juliansader/ReaExtensions/raw/master/js_ReaScriptAPI/v0.970/reaper_js_ReaScriptAPI64.dylib)
Error prefetching https://github.com/juliansader/ReaExtensions/raw/master/js_ReaScriptAPI/v0.964/reaper_js_ReaScriptAPI64.so (redirected from https://github.com/juliansader/ReaExtensions/raw/master/js_ReaScriptAPI/v0.964/reaper_js_ReaScriptAPI64.so)
Error prefetching https://github.com/juliansader/ReaExtensions/raw/master/js_ReaScriptAPI/v0.970/reaper_js_ReaScriptAPI32.dylib (redirected from https://github.com/juliansader/ReaExtensions/raw/master/js_ReaScriptAPI/v0.970/reaper_js_ReaScriptAPI32.dylib)
Error prefetching https://github.com/juliansader/ReaExtensions/raw/master/js_ReaScriptAPI/v0.970/reaper_js_ReaScriptAPI32.dll (redirected from https://github.com/juliansader/ReaExtensions/raw/master/js_ReaScriptAPI/v0.970/reaper_js_ReaScriptAPI32.dll)
Error prefetching https://github.com/juliansader/ReaExtensions/raw/master/js_ReaScriptAPI/v0.970/reaper_js_ReaScriptAPI64.dll (redirected from https://github.com/juliansader/ReaExtensions/raw/master/js_ReaScriptAPI/v0.970/reaper_js_ReaScriptAPI64.dll)
Error prefetching https://github.com/juliansader/ReaExtensions/raw/master/js_ReaScriptAPI/v0.970/reaper_js_ReaScriptAPI32.so (redirected from https://github.com/juliansader/ReaExtensions/raw/master/js_ReaScriptAPI/v0.970/reaper_js_ReaScriptAPI32.so)
Error prefetching https://github.com/juliansader/ReaExtensions/raw/master/js_ReaScriptAPI/v0.970/reaper_js_ReaScriptAPI64.so (redirected from https://github.com/juliansader/ReaExtensions/raw/master/js_ReaScriptAPI/v0.970/reaper_js_ReaScriptAPI64.so)
Error prefetching https://github.com/juliansader/ReaExtensions/raw/master/js_ReaScriptAPI/v0.971/reaper_js_ReaScriptAPI32.dylib (redirected from https://github.com/juliansader/ReaExtensions/raw/master/js_ReaScriptAPI/v0.971/reaper_js_ReaScriptAPI32.dylib)
Error prefetching https://github.com/juliansader/ReaExtensions/raw/master/js_ReaScriptAPI/v0.971/reaper_js_ReaScriptAPI64.dylib (redirected from https://github.com/juliansader/ReaExtensions/raw/master/js_ReaScriptAPI/v0.971/reaper_js_ReaScriptAPI64.dylib)
Error prefetching https://github.com/juliansader/ReaExtensions/raw/master/js_ReaScriptAPI/v0.971/reaper_js_ReaScriptAPI32.dll (redirected from https://github.com/juliansader/ReaExtensions/raw/master/js_ReaScriptAPI/v0.971/reaper_js_ReaScriptAPI32.dll)
Error prefetching https://github.com/juliansader/ReaExtensions/raw/master/js_ReaScriptAPI/v0.971/reaper_js_ReaScriptAPI64.dll (redirected from https://github.com/juliansader/ReaExtensions/raw/master/js_ReaScriptAPI/v0.971/reaper_js_ReaScriptAPI64.dll)
Error prefetching https://github.com/juliansader/ReaExtensions/raw/master/js_ReaScriptAPI/v0.971/reaper_js_ReaScriptAPI32.so (redirected from https://github.com/juliansader/ReaExtensions/raw/master/js_ReaScriptAPI/v0.971/reaper_js_ReaScriptAPI32.so)
Error prefetching https://github.com/juliansader/ReaExtensions/raw/master/js_ReaScriptAPI/v0.971/reaper_js_ReaScriptAPI64.so (redirected from https://github.com/juliansader/ReaExtensions/raw/master/js_ReaScriptAPI/v0.971/reaper_js_ReaScriptAPI64.so)
Error prefetching https://github.com/juliansader/ReaExtensions/raw/master/js_ReaScriptAPI/v0.972/reaper_js_ReaScriptAPI32.dylib (redirected from https://github.com/juliansader/ReaExtensions/raw/master/js_ReaScriptAPI/v0.972/reaper_js_ReaScriptAPI32.dylib)
Error prefetching https://github.com/juliansader/ReaExtensions/raw/master/js_ReaScriptAPI/v0.972/reaper_js_ReaScriptAPI64.dylib (redirected from https://github.com/juliansader/ReaExtensions/raw/master/js_ReaScriptAPI/v0.972/reaper_js_ReaScriptAPI64.dylib)
Error prefetching https://github.com/juliansader/ReaExtensions/raw/master/js_ReaScriptAPI/v0.972/reaper_js_ReaScriptAPI32.dll (redirected from https://github.com/juliansader/ReaExtensions/raw/master/js_ReaScriptAPI/v0.972/reaper_js_ReaScriptAPI32.dll)
Error prefetching https://github.com/juliansader/ReaExtensions/raw/master/js_ReaScriptAPI/v0.972/reaper_js_ReaScriptAPI64.dll (redirected from https://github.com/juliansader/ReaExtensions/raw/master/js_ReaScriptAPI/v0.972/reaper_js_ReaScriptAPI64.dll)
Error prefetching https://github.com/juliansader/ReaExtensions/raw/master/js_ReaScriptAPI/v0.972/reaper_js_ReaScriptAPI32.so (redirected from https://github.com/juliansader/ReaExtensions/raw/master/js_ReaScriptAPI/v0.972/reaper_js_ReaScriptAPI32.so)
Error prefetching https://github.com/juliansader/ReaExtensions/raw/master/js_ReaScriptAPI/v0.972/reaper_js_ReaScriptAPI64.so (redirected from https://github.com/juliansader/ReaExtensions/raw/master/js_ReaScriptAPI/v0.972/reaper_js_ReaScriptAPI64.so)
Error prefetching https://github.com/juliansader/ReaExtensions/raw/master/js_ReaScriptAPI/v0.980/reaper_js_ReaScriptAPI32.dylib (redirected from https://github.com/juliansader/ReaExtensions/raw/master/js_ReaScriptAPI/v0.980/reaper_js_ReaScriptAPI32.dylib)
Error prefetching https://github.com/juliansader/ReaExtensions/raw/master/js_ReaScriptAPI/v0.980/reaper_js_ReaScriptAPI32.dll (redirected from https://github.com/juliansader/ReaExtensions/raw/master/js_ReaScriptAPI/v0.980/reaper_js_ReaScriptAPI32.dll)
Error prefetching https://github.com/juliansader/ReaExtensions/raw/master/js_ReaScriptAPI/v0.980/reaper_js_ReaScriptAPI64.dylib (redirected from https://github.com/juliansader/ReaExtensions/raw/master/js_ReaScriptAPI/v0.980/reaper_js_ReaScriptAPI64.dylib)
Error prefetching https://github.com/juliansader/ReaExtensions/raw/master/js_ReaScriptAPI/v0.980/reaper_js_ReaScriptAPI64.dll (redirected from https://github.com/juliansader/ReaExtensions/raw/master/js_ReaScriptAPI/v0.980/reaper_js_ReaScriptAPI64.dll)
Error prefetching https://github.com/juliansader/ReaExtensions/raw/master/js_ReaScriptAPI/v0.980/reaper_js_ReaScriptAPI32.so (redirected from https://github.com/juliansader/ReaExtensions/raw/master/js_ReaScriptAPI/v0.980/reaper_js_ReaScriptAPI32.so)
Error prefetching https://github.com/juliansader/ReaExtensions/raw/master/js_ReaScriptAPI/v0.980/reaper_js_ReaScriptAPI32.dylib (redirected from https://github.com/juliansader/ReaExtensions/raw/master/js_ReaScriptAPI/v0.980/reaper_js_ReaScriptAPI32.dylib)
Error prefetching https://github.com/juliansader/ReaExtensions/raw/master/js_ReaScriptAPI/v0.980/reaper_js_ReaScriptAPI64.dylib (redirected from https://github.com/juliansader/ReaExtensions/raw/master/js_ReaScriptAPI/v0.980/reaper_js_ReaScriptAPI64.dylib)
Error prefetching https://github.com/juliansader/ReaExtensions/raw/master/js_ReaScriptAPI/v0.980/reaper_js_ReaScriptAPI64.so (redirected from https://github.com/juliansader/ReaExtensions/raw/master/js_ReaScriptAPI/v0.980/reaper_js_ReaScriptAPI64.so)
Error prefetching https://github.com/juliansader/ReaExtensions/raw/master/js_ReaScriptAPI/v0.980/reaper_js_ReaScriptAPI32.dll (redirected from https://github.com/juliansader/ReaExtensions/raw/master/js_ReaScriptAPI/v0.980/reaper_js_ReaScriptAPI32.dll)
Error prefetching https://github.com/juliansader/ReaExtensions/raw/master/js_ReaScriptAPI/v0.980/reaper_js_ReaScriptAPI64.dll (redirected from https://github.com/juliansader/ReaExtensions/raw/master/js_ReaScriptAPI/v0.980/reaper_js_ReaScriptAPI64.dll)
Error prefetching https://github.com/juliansader/ReaExtensions/raw/master/js_ReaScriptAPI/v0.980/reaper_js_ReaScriptAPI32.so (redirected from https://github.com/juliansader/ReaExtensions/raw/master/js_ReaScriptAPI/v0.980/reaper_js_ReaScriptAPI32.so)
Error prefetching https://github.com/juliansader/ReaExtensions/raw/master/js_ReaScriptAPI/v0.980/reaper_js_ReaScriptAPI64.so (redirected from https://github.com/juliansader/ReaExtensions/raw/master/js_ReaScriptAPI/v0.980/reaper_js_ReaScriptAPI64.so)
Error prefetching https://github.com/juliansader/ReaExtensions/raw/master/js_ReaScriptAPI/v0.981/reaper_js_ReaScriptAPI32.dylib (redirected from https://github.com/juliansader/ReaExtensions/raw/master/js_ReaScriptAPI/v0.981/reaper_js_ReaScriptAPI32.dylib)
Error prefetching https://github.com/juliansader/ReaExtensions/raw/master/js_ReaScriptAPI/v0.981/reaper_js_ReaScriptAPI64.dylib (redirected from https://github.com/juliansader/ReaExtensions/raw/master/js_ReaScriptAPI/v0.981/reaper_js_ReaScriptAPI64.dylib)
Error prefetching https://github.com/juliansader/ReaExtensions/raw/master/js_ReaScriptAPI/v0.981/reaper_js_ReaScriptAPI32.dll (redirected from https://github.com/juliansader/ReaExtensions/raw/master/js_ReaScriptAPI/v0.981/reaper_js_ReaScriptAPI32.dll)
Error prefetching https://github.com/juliansader/ReaExtensions/raw/master/js_ReaScriptAPI/v0.981/reaper_js_ReaScriptAPI64.dll (redirected from https://github.com/juliansader/ReaExtensions/raw/master/js_ReaScriptAPI/v0.981/reaper_js_ReaScriptAPI64.dll)
Error prefetching https://github.com/juliansader/ReaExtensions/raw/master/js_ReaScriptAPI/v0.981/reaper_js_ReaScriptAPI32.so (redirected from https://github.com/juliansader/ReaExtensions/raw/master/js_ReaScriptAPI/v0.981/reaper_js_ReaScriptAPI32.so)
Error prefetching https://github.com/juliansader/ReaExtensions/raw/master/js_ReaScriptAPI/v0.981/reaper_js_ReaScriptAPI64.so (redirected from https://github.com/juliansader/ReaExtensions/raw/master/js_ReaScriptAPI/v0.981/reaper_js_ReaScriptAPI64.so)
Error prefetching https://github.com/juliansader/ReaExtensions/raw/master/js_ReaScriptAPI/v0.982/reaper_js_ReaScriptAPI32.dylib (redirected from https://github.com/juliansader/ReaExtensions/raw/master/js_ReaScriptAPI/v0.982/reaper_js_ReaScriptAPI32.dylib)
Error prefetching https://github.com/juliansader/ReaExtensions/raw/master/js_ReaScriptAPI/v0.982/reaper_js_ReaScriptAPI64.dylib (redirected from https://github.com/juliansader/ReaExtensions/raw/master/js_ReaScriptAPI/v0.982/reaper_js_ReaScriptAPI64.dylib)
Error prefetching https://github.com/juliansader/ReaExtensions/raw/master/js_ReaScriptAPI/v0.982/reaper_js_ReaScriptAPI32.dll (redirected from https://github.com/juliansader/ReaExtensions/raw/master/js_ReaScriptAPI/v0.982/reaper_js_ReaScriptAPI32.dll)
Error prefetching https://github.com/juliansader/ReaExtensions/raw/master/js_ReaScriptAPI/v0.982/reaper_js_ReaScriptAPI64.dll (redirected from https://github.com/juliansader/ReaExtensions/raw/master/js_ReaScriptAPI/v0.982/reaper_js_ReaScriptAPI64.dll)
Error prefetching https://github.com/juliansader/ReaExtensions/raw/master/js_ReaScriptAPI/v0.982/reaper_js_ReaScriptAPI32.so (redirected from https://github.com/juliansader/ReaExtensions/raw/master/js_ReaScriptAPI/v0.982/reaper_js_ReaScriptAPI32.so)
Error prefetching https://github.com/juliansader/ReaExtensions/raw/master/js_ReaScriptAPI/v0.982/reaper_js_ReaScriptAPI64.so (redirected from https://github.com/juliansader/ReaExtensions/raw/master/js_ReaScriptAPI/v0.982/reaper_js_ReaScriptAPI64.so)
Error prefetching https://github.com/juliansader/ReaExtensions/raw/master/js_ReaScriptAPI/v0.984/reaper_js_ReaScriptAPI32.dylib (redirected from https://github.com/juliansader/ReaExtensions/raw/master/js_ReaScriptAPI/v0.984/reaper_js_ReaScriptAPI32.dylib)
Error prefetching https://github.com/juliansader/ReaExtensions/raw/master/js_ReaScriptAPI/v0.984/reaper_js_ReaScriptAPI64.dylib (redirected from https://github.com/juliansader/ReaExtensions/raw/master/js_ReaScriptAPI/v0.984/reaper_js_ReaScriptAPI64.dylib)
Error prefetching https://github.com/juliansader/ReaExtensions/raw/master/js_ReaScriptAPI/v0.984/reaper_js_ReaScriptAPI64.dll (redirected from https://github.com/juliansader/ReaExtensions/raw/master/js_ReaScriptAPI/v0.984/reaper_js_ReaScriptAPI64.dll)
Error prefetching https://github.com/juliansader/ReaExtensions/raw/master/js_ReaScriptAPI/v0.984/reaper_js_ReaScriptAPI32.dll (redirected from https://github.com/juliansader/ReaExtensions/raw/master/js_ReaScriptAPI/v0.984/reaper_js_ReaScriptAPI32.dll)
Error prefetching https://github.com/juliansader/ReaExtensions/raw/master/js_ReaScriptAPI/v0.984/reaper_js_ReaScriptAPI32.so (redirected from https://github.com/juliansader/ReaExtensions/raw/master/js_ReaScriptAPI/v0.984/reaper_js_ReaScriptAPI32.so)
Error prefetching https://github.com/juliansader/ReaExtensions/raw/master/js_ReaScriptAPI/v0.984/reaper_js_ReaScriptAPI64.so (redirected from https://github.com/juliansader/ReaExtensions/raw/master/js_ReaScriptAPI/v0.984/reaper_js_ReaScriptAPI64.so)
Error prefetching https://github.com/juliansader/ReaExtensions/raw/master/js_ReaScriptAPI/v0.985/reaper_js_ReaScriptAPI64.dylib (redirected from https://github.com/juliansader/ReaExtensions/raw/master/js_ReaScriptAPI/v0.985/reaper_js_ReaScriptAPI64.dylib)
Error prefetching https://github.com/juliansader/ReaExtensions/raw/master/js_ReaScriptAPI/v0.985/reaper_js_ReaScriptAPI32.dylib (redirected from https://github.com/juliansader/ReaExtensions/raw/master/js_ReaScriptAPI/v0.985/reaper_js_ReaScriptAPI32.dylib)
Error prefetching https://github.com/juliansader/ReaExtensions/raw/master/js_ReaScriptAPI/v0.985/reaper_js_ReaScriptAPI32.dll (redirected from https://github.com/juliansader/ReaExtensions/raw/master/js_ReaScriptAPI/v0.985/reaper_js_ReaScriptAPI32.dll)
Error prefetching https://github.com/juliansader/ReaExtensions/raw/master/js_ReaScriptAPI/v0.985/reaper_js_ReaScriptAPI32.so (redirected from https://github.com/juliansader/ReaExtensions/raw/master/js_ReaScriptAPI/v0.985/reaper_js_ReaScriptAPI32.so)
Error prefetching https://github.com/juliansader/ReaExtensions/raw/master/js_ReaScriptAPI/v0.985/reaper_js_ReaScriptAPI64.so (redirected from https://github.com/juliansader/ReaExtensions/raw/master/js_ReaScriptAPI/v0.985/reaper_js_ReaScriptAPI64.so)
Error prefetching https://github.com/juliansader/ReaExtensions/raw/master/js_ReaScriptAPI/v0.985/reaper_js_ReaScriptAPI64.dll (redirected from https://github.com/juliansader/ReaExtensions/raw/master/js_ReaScriptAPI/v0.985/reaper_js_ReaScriptAPI64.dll)
Error prefetching https://github.com/juliansader/ReaExtensions/raw/master/js_ReaScriptAPI/v0.986/reaper_js_ReaScriptAPI32.dylib (redirected from https://github.com/juliansader/ReaExtensions/raw/master/js_ReaScriptAPI/v0.986/reaper_js_ReaScriptAPI32.dylib)
Error prefetching https://github.com/juliansader/ReaExtensions/raw/master/js_ReaScriptAPI/v0.986/reaper_js_ReaScriptAPI64.dylib (redirected from https://github.com/juliansader/ReaExtensions/raw/master/js_ReaScriptAPI/v0.986/reaper_js_ReaScriptAPI64.dylib)
Error prefetching https://github.com/juliansader/ReaExtensions/raw/master/js_ReaScriptAPI/v0.986/reaper_js_ReaScriptAPI32.dll (redirected from https://github.com/juliansader/ReaExtensions/raw/master/js_ReaScriptAPI/v0.986/reaper_js_ReaScriptAPI32.dll)
Error prefetching https://github.com/juliansader/ReaExtensions/raw/master/js_ReaScriptAPI/v0.986/reaper_js_ReaScriptAPI64.dll (redirected from https://github.com/juliansader/ReaExtensions/raw/master/js_ReaScriptAPI/v0.986/reaper_js_ReaScriptAPI64.dll)
Error prefetching https://github.com/juliansader/ReaExtensions/raw/master/js_ReaScriptAPI/v0.986/reaper_js_ReaScriptAPI32.so (redirected from https://github.com/juliansader/ReaExtensions/raw/master/js_ReaScriptAPI/v0.986/reaper_js_ReaScriptAPI32.so)
Error prefetching https://github.com/juliansader/ReaExtensions/raw/master/js_ReaScriptAPI/v0.987/reaper_js_ReaScriptAPI32.dylib (redirected from https://github.com/juliansader/ReaExtensions/raw/master/js_ReaScriptAPI/v0.987/reaper_js_ReaScriptAPI32.dylib)
Error prefetching https://github.com/juliansader/ReaExtensions/raw/master/js_ReaScriptAPI/v0.987/reaper_js_ReaScriptAPI64.dylib (redirected from https://github.com/juliansader/ReaExtensions/raw/master/js_ReaScriptAPI/v0.987/reaper_js_ReaScriptAPI64.dylib)
Error prefetching https://github.com/juliansader/ReaExtensions/raw/master/js_ReaScriptAPI/v0.986/reaper_js_ReaScriptAPI64.so (redirected from https://github.com/juliansader/ReaExtensions/raw/master/js_ReaScriptAPI/v0.986/reaper_js_ReaScriptAPI64.so)
Error prefetching https://github.com/juliansader/ReaExtensions/raw/master/js_ReaScriptAPI/v0.987/reaper_js_ReaScriptAPI32.dll (redirected from https://github.com/juliansader/ReaExtensions/raw/master/js_ReaScriptAPI/v0.987/reaper_js_ReaScriptAPI32.dll)
Error prefetching https://github.com/juliansader/ReaExtensions/raw/master/js_ReaScriptAPI/v0.987/reaper_js_ReaScriptAPI32.so (redirected from https://github.com/juliansader/ReaExtensions/raw/master/js_ReaScriptAPI/v0.987/reaper_js_ReaScriptAPI32.so)
Error prefetching https://github.com/juliansader/ReaExtensions/raw/master/js_ReaScriptAPI/v0.987/reaper_js_ReaScriptAPI64.dll (redirected from https://github.com/juliansader/ReaExtensions/raw/master/js_ReaScriptAPI/v0.987/reaper_js_ReaScriptAPI64.dll)
Error prefetching https://github.com/juliansader/ReaExtensions/raw/master/js_ReaScriptAPI/v0.987/reaper_js_ReaScriptAPI64.so (redirected from https://github.com/juliansader/ReaExtensions/raw/master/js_ReaScriptAPI/v0.987/reaper_js_ReaScriptAPI64.so)
Error prefetching https://github.com/juliansader/ReaExtensions/raw/master/js_ReaScriptAPI/v0.988/reaper_js_ReaScriptAPI32.dylib (redirected from https://github.com/juliansader/ReaExtensions/raw/master/js_ReaScriptAPI/v0.988/reaper_js_ReaScriptAPI32.dylib)
Error prefetching https://github.com/juliansader/ReaExtensions/raw/master/js_ReaScriptAPI/v0.988/reaper_js_ReaScriptAPI64.dylib (redirected from https://github.com/juliansader/ReaExtensions/raw/master/js_ReaScriptAPI/v0.988/reaper_js_ReaScriptAPI64.dylib)
Error prefetching https://github.com/juliansader/ReaExtensions/raw/master/js_ReaScriptAPI/v0.988/reaper_js_ReaScriptAPI32.dll (redirected from https://github.com/juliansader/ReaExtensions/raw/master/js_ReaScriptAPI/v0.988/reaper_js_ReaScriptAPI32.dll)
Error prefetching https://github.com/juliansader/ReaExtensions/raw/master/js_ReaScriptAPI/v0.988/reaper_js_ReaScriptAPI64.dll (redirected from https://github.com/juliansader/ReaExtensions/raw/master/js_ReaScriptAPI/v0.988/reaper_js_ReaScriptAPI64.dll)
Error prefetching https://github.com/juliansader/ReaExtensions/raw/master/js_ReaScriptAPI/v0.988/reaper_js_ReaScriptAPI32.so (redirected from https://github.com/juliansader/ReaExtensions/raw/master/js_ReaScriptAPI/v0.988/reaper_js_ReaScriptAPI32.so)
Error prefetching https://github.com/juliansader/ReaExtensions/raw/master/js_ReaScriptAPI/v0.988/reaper_js_ReaScriptAPI64.so (redirected from https://github.com/juliansader/ReaExtensions/raw/master/js_ReaScriptAPI/v0.988/reaper_js_ReaScriptAPI64.so)
Error prefetching https://github.com/juliansader/ReaExtensions/raw/master/js_ReaScriptAPI/v0.989/reaper_js_ReaScriptAPI32.dylib (redirected from https://github.com/juliansader/ReaExtensions/raw/master/js_ReaScriptAPI/v0.989/reaper_js_ReaScriptAPI32.dylib)
Error prefetching https://github.com/juliansader/ReaExtensions/raw/master/js_ReaScriptAPI/v0.989/reaper_js_ReaScriptAPI64.dylib (redirected from https://github.com/juliansader/ReaExtensions/raw/master/js_ReaScriptAPI/v0.989/reaper_js_ReaScriptAPI64.dylib)
Error prefetching https://github.com/juliansader/ReaExtensions/raw/master/js_ReaScriptAPI/v0.989/reaper_js_ReaScriptAPI32.dll (redirected from https://github.com/juliansader/ReaExtensions/raw/master/js_ReaScriptAPI/v0.989/reaper_js_ReaScriptAPI32.dll)
Error prefetching https://github.com/juliansader/ReaExtensions/raw/master/js_ReaScriptAPI/v0.989/reaper_js_ReaScriptAPI32.so (redirected from https://github.com/juliansader/ReaExtensions/raw/master/js_ReaScriptAPI/v0.989/reaper_js_ReaScriptAPI32.so)
Error prefetching https://github.com/juliansader/ReaExtensions/raw/master/js_ReaScriptAPI/v0.989/reaper_js_ReaScriptAPI64.dll (redirected from https://github.com/juliansader/ReaExtensions/raw/master/js_ReaScriptAPI/v0.989/reaper_js_ReaScriptAPI64.dll)
Error prefetching https://github.com/juliansader/ReaExtensions/raw/master/js_ReaScriptAPI/v0.989/reaper_js_ReaScriptAPI64.so (redirected from https://github.com/juliansader/ReaExtensions/raw/master/js_ReaScriptAPI/v0.989/reaper_js_ReaScriptAPI64.so)
Error prefetching https://github.com/juliansader/ReaExtensions/raw/master/js_ReaScriptAPI/v0.994/reaper_js_ReaScriptAPI32.dylib (redirected from https://github.com/juliansader/ReaExtensions/raw/master/js_ReaScriptAPI/v0.994/reaper_js_ReaScriptAPI32.dylib)
Error prefetching https://github.com/juliansader/ReaExtensions/raw/master/js_ReaScriptAPI/v0.994/reaper_js_ReaScriptAPI64.dylib (redirected from https://github.com/juliansader/ReaExtensions/raw/master/js_ReaScriptAPI/v0.994/reaper_js_ReaScriptAPI64.dylib)
Error prefetching https://github.com/juliansader/ReaExtensions/raw/master/js_ReaScriptAPI/v0.994/reaper_js_ReaScriptAPI32.dll (redirected from https://github.com/juliansader/ReaExtensions/raw/master/js_ReaScriptAPI/v0.994/reaper_js_ReaScriptAPI32.dll)
Error prefetching https://github.com/juliansader/ReaExtensions/raw/master/js_ReaScriptAPI/v0.994/reaper_js_ReaScriptAPI64.dll (redirected from https://github.com/juliansader/ReaExtensions/raw/master/js_ReaScriptAPI/v0.994/reaper_js_ReaScriptAPI64.dll)
Error prefetching https://github.com/juliansader/ReaExtensions/raw/master/js_ReaScriptAPI/v0.994/reaper_js_ReaScriptAPI32.so (redirected from https://github.com/juliansader/ReaExtensions/raw/master/js_ReaScriptAPI/v0.994/reaper_js_ReaScriptAPI32.so)
Error prefetching https://github.com/juliansader/ReaExtensions/raw/master/js_ReaScriptAPI/v0.994/reaper_js_ReaScriptAPI64.so (redirected from https://github.com/juliansader/ReaExtensions/raw/master/js_ReaScriptAPI/v0.994/reaper_js_ReaScriptAPI64.so)
Error prefetching https://github.com/juliansader/ReaExtensions/raw/master/js_ReaScriptAPI/v1.217/reaper_js_ReaScriptAPI32.dylib (redirected from https://github.com/juliansader/ReaExtensions/raw/master/js_ReaScriptAPI/v1.217/reaper_js_ReaScriptAPI32.dylib)
Error prefetching https://github.com/brummbrum/reaKontrol/releases/download/v1.00/reakontrol_EXAMPLE.ini (redirected from https://github.com/brummbrum/reaKontrol/releases/download/v1.00/reakontrol_EXAMPLE.ini)
Error prefetching https://github.com/ak5k/reallm/releases/download/0.6.1/reaper_reallm-i386.dylib (redirected from https://github.com/ak5k/reallm/releases/download/0.6.1/reaper_reallm-i386.dylib)
Error prefetching https://raw.githubusercontent.com/TukanStudios/TUKAN_STUDIOS_PLUGINS/main/D%23-Treasure%20(Tukan) (redirected from https://raw.githubusercontent.com/TukanStudios/TUKAN_STUDIOS_PLUGINS/main/D%23-Treasure%20(Tukan))
Error prefetching https://raw.githubusercontent.com/TukanStudios/TUKAN_STUDIOS_PLUGINS/main/V1-1/ExpGate%25202%2520%28Tukan%2911.png (redirected from https://raw.githubusercontent.com/TukanStudios/TUKAN_STUDIOS_PLUGINS/main//V1-1/ExpGate%202%20(Tukan)11.png)
Error prefetching https://raw.githubusercontent.com/TukanStudios/TUKAN_STUDIOS_PLUGINS/main/V1-1/ExpGate%25202%2520%28Tukan%29.png (redirected from https://raw.githubusercontent.com/TukanStudios/TUKAN_STUDIOS_PLUGINS/main//V1-1/ExpGate%202%20(Tukan).png)
Error prefetching https://raw.githubusercontent.com/TukanStudios/TUKAN_STUDIOS_PLUGINS/main/V0-0/LA-1A%20(Tukan) (redirected from https://raw.githubusercontent.com/TukanStudios/TUKAN_STUDIOS_PLUGINS/main/V0-0/LA-1A%20(Tukan))
Error prefetching https://raw.githubusercontent.com/TukanStudios/TUKAN_STUDIOS_PLUGINS/main/V0-0/Delaymachine2%20(Tukan).png (redirected from https://raw.githubusercontent.com/TukanStudios/TUKAN_STUDIOS_PLUGINS/main/V0-0/Delaymachine2%20(Tukan).png)
Error prefetching https://raw.githubusercontent.com/AmelianceSkyMusic/ASM_Reaper_scripts/28e3c8ce7e9990d47ab343f515d003dc26ea68b2/SEPARATES/%E2%80%A2%E2%80%A2%E2%80%A2%E2%80%A2%E2%80%A2%E2%80%A2%E2%80%A2%E2%80%A2%E2%80%A2%E2%80%A2%E2%80%A2%E2%80%A2%E2%80%A2%E2%80%A2%E2%80%A2%E2%80%A2%E2%80%A2%E2%80%A2%E2%80%A2%E2%80%A2%E2%80%A2%E2%80%A2%E2%80%A2%E2%80%A2%E2%80%A2%E2%80%A2%E2%80%A2%E2%80%A2%E2%80%A2%E2%80%A2%E2%80%A2%E2%80%A2%E2%80%A2%E2%80%A2%E2%80%A2%E2%80%A2%E2%80%A2%E2%80%A2%E2%80%A2%E2%80%A2%E2%80%A2%E2%80%A2%E2%80%A2%E2%80%A2%E2%80%A2%E2%80%A2%E2%80%A2%E2%80%A2%E2%80%A2%E2%80%A2%E2%80%A2%E2%80%A2%E2%80%A2%E2%80%A2%E2%80%A2%E2%80%A2%E2%80%A2%E2%80%A2%E2%80%A2%E2%80%A2.lua (redirected from https://github.com/AmelianceSkyMusic/ASM_Reaper_scripts/raw/28e3c8ce7e9990d47ab343f515d003dc26ea68b2/SEPARATES/%E2%80%A2%E2%80%A2%E2%80%A2%E2%80%A2%E2%80%A2%E2%80%A2%E2%80%A2%E2%80%A2%E2%80%A2%E2%80%A2%E2%80%A2%E2%80%A2%E2%80%A2%E2%80%A2%E2%80%A2%E2%80%A2%E2%80%A2%E2%80%A2%E2%80%A2%E2%80%A2%E2%80%A2%E2%80%A2%E2%80%A2%E2%80%A2%E2%80%A2%E2%80%A2%E2%80%A2%E2%80%A2%E2%80%A2%E2%80%A2%E2%80%A2%E2%80%A2%E2%80%A2%E2%80%A2%E2%80%A2%E2%80%A2%E2%80%A2%E2%80%A2%E2%80%A2%E2%80%A2%E2%80%A2%E2%80%A2%E2%80%A2%E2%80%A2%E2%80%A2%E2%80%A2%E2%80%A2%E2%80%A2%E2%80%A2%E2%80%A2%E2%80%A2%E2%80%A2%E2%80%A2%E2%80%A2%E2%80%A2%E2%80%A2%E2%80%A2%E2%80%A2%E2%80%A2%E2%80%A2.lua)
Error prefetching https://github.com/JoepVanlier/JSFX/raw/5989519d5e13880fe49fa56b6b34dd7147376a9d/saike_midi_arp/midi_arp_dependencies/saike_arp_midi_handling.jsfx-inc (redirected from https://github.com/JoepVanlier/JSFX/raw/5989519d5e13880fe49fa56b6b34dd7147376a9d/saike_midi_arp/midi_arp_dependencies/saike_arp_midi_handling.jsfx-inc)
Error prefetching https://github.com/JoepVanlier/JSFX/raw/5989519d5e13880fe49fa56b6b34dd7147376a9d/saike_midi_arp/midi_arp_dependencies/saike_midi_arp_gfx_funcs.jsfx-inc (redirected from https://github.com/JoepVanlier/JSFX/raw/5989519d5e13880fe49fa56b6b34dd7147376a9d/saike_midi_arp/midi_arp_dependencies/saike_midi_arp_gfx_funcs.jsfx-inc)
Error prefetching https://github.com/JoepVanlier/JSFX/raw/5989519d5e13880fe49fa56b6b34dd7147376a9d/saike_midi_arp/midi_arp_dependencies/saike_midi_arp_pattern_handling.jsfx-inc (redirected from https://github.com/JoepVanlier/JSFX/raw/5989519d5e13880fe49fa56b6b34dd7147376a9d/saike_midi_arp/midi_arp_dependencies/saike_midi_arp_pattern_handling.jsfx-inc)
Error prefetching https://github.com/helgoboss/helgobox-app-dist/releases/download/v0.22.0/helgobox-app-linux-arm64.tar.zst (redirected from https://github.com/helgoboss/helgobox-app-dist/releases/download/v0.22.0/helgobox-app-linux-arm64.tar.zst)
Error prefetching https://github.com/helgoboss/helgobox-app-dist/releases/download/v0.21.0/helgobox-app-linux-arm64.tar.zst (redirected from https://github.com/helgoboss/helgobox-app-dist/releases/download/v0.21.0/helgobox-app-linux-arm64.tar.zst)
Error prefetching https://github.com/helgoboss/helgobox/releases/download/v2.13.0-pre-13/realearn-windows-x86_64.dll (redirected from https://github.com/helgoboss/helgobox/releases/download/v2.13.0-pre-13/realearn-windows-x86_64.dll)
Error prefetching https://github.com/helgoboss/helgobox/releases/download/v2.13.0-pre-13/realearn-macos-x86_64.vst.dylib (redirected from https://github.com/helgoboss/helgobox/releases/download/v2.13.0-pre-13/realearn-macos-x86_64.vst.dylib)
Error prefetching https://github.com/helgoboss/helgobox/releases/download/v2.13.0-pre-13/realearn-linux-x86_64.so (redirected from https://github.com/helgoboss/helgobox/releases/download/v2.13.0-pre-13/realearn-linux-x86_64.so)
Error prefetching https://github.com/helgoboss/helgobox/releases/download/v2.13.0-pre-13/realearn-user-guide.pdf (redirected from https://github.com/helgoboss/helgobox/releases/download/v2.13.0-pre-13/realearn-user-guide.pdf)
Error prefetching https://github.com/helgoboss/helgobox/releases/download/v2.13.0-pre-13/realearn-user-guide.pdf (redirected from https://github.com/helgoboss/helgobox/releases/download/v2.13.0-pre-13/realearn-user-guide.pdf)
Error prefetching https://github.com/helgoboss/helgobox/releases/download/v2.13.0-pre-13/realearn-user-guide.pdf (redirected from https://github.com/helgoboss/helgobox/releases/download/v2.13.0-pre-13/realearn-user-guide.pdf)
Error prefetching https://github.com/helgoboss/helgobox/releases/download/v2.13.0-pre-13/realearn-user-guide.pdf (redirected from https://github.com/helgoboss/helgobox/releases/download/v2.13.0-pre-13/realearn-user-guide.pdf)
Error prefetching https://github.com/helgoboss/helgobox/releases/download/v2.13.0-pre-13/realearn-macos-aarch64.vst.dylib (redirected from https://github.com/helgoboss/helgobox/releases/download/v2.13.0-pre-13/realearn-macos-aarch64.vst.dylib)
Error prefetching https://github.com/helgoboss/helgobox/releases/download/v2.13.0-pre-13/realearn-user-guide.pdf (redirected from https://github.com/helgoboss/helgobox/releases/download/v2.13.0-pre-13/realearn-user-guide.pdf)
Error prefetching https://github.com/helgoboss/helgobox/releases/download/v2.13.0-pre-13/realearn-linux-aarch64.so (redirected from https://github.com/helgoboss/helgobox/releases/download/v2.13.0-pre-13/realearn-linux-aarch64.so)
Error prefetching https://github.com/helgoboss/helgobox/releases/download/v2.9.0-pre.9/realearn-windows-x86_64.dll (redirected from https://github.com/helgoboss/helgobox/releases/download/v2.9.0-pre.9/realearn-windows-x86_64.dll)
Error prefetching https://github.com/helgoboss/helgobox/releases/download/v2.9.0-pre.9/realearn-macos-x86_64.vst.dylib (redirected from https://github.com/helgoboss/helgobox/releases/download/v2.9.0-pre.9/realearn-macos-x86_64.vst.dylib)
Error prefetching https://github.com/helgoboss/helgobox/releases/download/v2.9.0-pre.9/realearn-linux-x86_64.so (redirected from https://github.com/helgoboss/helgobox/releases/download/v2.9.0-pre.9/realearn-linux-x86_64.so)
Error prefetching https://github.com/helgoboss/helgobox/releases/download/v2.9.0-pre.9/realearn-user-guide.pdf (redirected from https://github.com/helgoboss/helgobox/releases/download/v2.9.0-pre.9/realearn-user-guide.pdf)
Error prefetching https://github.com/helgoboss/helgobox/releases/download/v2.9.0-pre.9/realearn-user-guide.pdf (redirected from https://github.com/helgoboss/helgobox/releases/download/v2.9.0-pre.9/realearn-user-guide.pdf)
Error prefetching https://github.com/helgoboss/helgobox/releases/download/v2.9.0-pre.9/realearn-user-guide.pdf (redirected from https://github.com/helgoboss/helgobox/releases/download/v2.9.0-pre.9/realearn-user-guide.pdf)
Error prefetching https://github.com/helgoboss/helgobox/releases/download/v2.9.0-pre.9/realearn-user-guide.pdf (redirected from https://github.com/helgoboss/helgobox/releases/download/v2.9.0-pre.9/realearn-user-guide.pdf)
Error prefetching https://github.com/helgoboss/helgobox/releases/download/v2.9.0-pre.9/realearn-macos-aarch64.vst.dylib (redirected from https://github.com/helgoboss/helgobox/releases/download/v2.9.0-pre.9/realearn-macos-aarch64.vst.dylib)
Error prefetching https://github.com/helgoboss/helgobox/releases/download/v1.12.0-pre4/realearn-linux-x86_64.so (redirected from https://github.com/helgoboss/helgobox/releases/download/v1.12.0-pre4/realearn-linux-x86_64.so)
Error prefetching https://github.com/helgoboss/helgobox/releases/download/v2.13.0-pre-13/realearn-windows-i686.dll (redirected from https://github.com/helgoboss/helgobox/releases/download/v2.13.0-pre-13/realearn-windows-i686.dll)
Error prefetching https://github.com/helgoboss/helgobox/releases/download/v2.13.0-pre-13/realearn-user-guide.pdf (redirected from https://github.com/helgoboss/helgobox/releases/download/v2.13.0-pre-13/realearn-user-guide.pdf)
Error prefetching https://github.com/helgoboss/helgobox/releases/download/v2.13.0-pre-13/realearn-user-guide.pdf (redirected from https://github.com/helgoboss/helgobox/releases/download/v2.13.0-pre-13/realearn-user-guide.pdf)
Error prefetching https://github.com/helgoboss/helgobox/releases/download/v2.13.0-pre-13/realearn-linux-armv7.so (redirected from https://github.com/helgoboss/helgobox/releases/download/v2.13.0-pre-13/realearn-linux-armv7.so)
Error prefetching https://github.com/helgoboss/helgobox/releases/download/v2.9.0-pre.9/realearn-windows-i686.dll (redirected from https://github.com/helgoboss/helgobox/releases/download/v2.9.0-pre.9/realearn-windows-i686.dll)
Error prefetching https://github.com/helgoboss/helgobox/releases/download/v2.9.0-pre.9/realearn-user-guide.pdf (redirected from https://github.com/helgoboss/helgobox/releases/download/v2.9.0-pre.9/realearn-user-guide.pdf)
Error prefetching https://github.com/ReaTeam/ReaScripts/raw/81951ca3a88cdff4d9f58c36c2cad66197900abe/MIDI%20Editor/Lokasenna_Pedal%20Steel/range_B1-A (redirected from https://github.com/ReaTeam/ReaScripts/raw/81951ca3a88cdff4d9f58c36c2cad66197900abe/MIDI%20Editor/Lokasenna_Pedal%20Steel/range_B1-A)
Error prefetching https://github.com/ReaTeam/ReaScripts/raw/81951ca3a88cdff4d9f58c36c2cad66197900abe/MIDI%20Editor/Lokasenna_Pedal%20Steel/range_D (redirected from https://github.com/ReaTeam/ReaScripts/raw/81951ca3a88cdff4d9f58c36c2cad66197900abe/MIDI%20Editor/Lokasenna_Pedal%20Steel/range_D)
Error prefetching https://github.com/ReaTeam/ReaScripts/raw/81951ca3a88cdff4d9f58c36c2cad66197900abe/MIDI%20Editor/Lokasenna_Pedal%20Steel/range_D2-C (redirected from https://github.com/ReaTeam/ReaScripts/raw/81951ca3a88cdff4d9f58c36c2cad66197900abe/MIDI%20Editor/Lokasenna_Pedal%20Steel/range_D2-C)
Error prefetching https://github.com/ReaTeam/ReaScripts/raw/81951ca3a88cdff4d9f58c36c2cad66197900abe/MIDI%20Editor/Lokasenna_Pedal%20Steel/range_E2-D (redirected from https://github.com/ReaTeam/ReaScripts/raw/81951ca3a88cdff4d9f58c36c2cad66197900abe/MIDI%20Editor/Lokasenna_Pedal%20Steel/range_E2-D)
Error prefetching https://github.com/ReaTeam/ReaScripts/raw/81951ca3a88cdff4d9f58c36c2cad66197900abe/MIDI%20Editor/Lokasenna_Pedal%20Steel/range_F (redirected from https://github.com/ReaTeam/ReaScripts/raw/81951ca3a88cdff4d9f58c36c2cad66197900abe/MIDI%20Editor/Lokasenna_Pedal%20Steel/range_F)
Error prefetching https://github.com/ReaTeam/ReaScripts/raw/81951ca3a88cdff4d9f58c36c2cad66197900abe/MIDI%20Editor/Lokasenna_Pedal%20Steel/range_F (redirected from https://github.com/ReaTeam/ReaScripts/raw/81951ca3a88cdff4d9f58c36c2cad66197900abe/MIDI%20Editor/Lokasenna_Pedal%20Steel/range_F)
Error prefetching https://github.com/ReaTeam/ReaScripts/raw/81951ca3a88cdff4d9f58c36c2cad66197900abe/MIDI%20Editor/Lokasenna_Pedal%20Steel/range_G (redirected from https://github.com/ReaTeam/ReaScripts/raw/81951ca3a88cdff4d9f58c36c2cad66197900abe/MIDI%20Editor/Lokasenna_Pedal%20Steel/range_G)
Error prefetching https://github.com/ReaTeam/ReaScripts/raw/81951ca3a88cdff4d9f58c36c2cad66197900abe/MIDI%20Editor/Lokasenna_Pedal%20Steel/range_G (redirected from https://github.com/ReaTeam/ReaScripts/raw/81951ca3a88cdff4d9f58c36c2cad66197900abe/MIDI%20Editor/Lokasenna_Pedal%20Steel/range_G)
Error prefetching https://github.com/ReaTeam/ReaScripts/raw/30ade072c2b737e08ed58048b932c606c978fe20/MIDI%20Editor/Lokasenna_Pedal%20Steel/range_B1-A (redirected from https://github.com/ReaTeam/ReaScripts/raw/30ade072c2b737e08ed58048b932c606c978fe20/MIDI%20Editor/Lokasenna_Pedal%20Steel/range_B1-A)
Error prefetching https://github.com/ReaTeam/ReaScripts/raw/30ade072c2b737e08ed58048b932c606c978fe20/MIDI%20Editor/Lokasenna_Pedal%20Steel/range_D (redirected from https://github.com/ReaTeam/ReaScripts/raw/30ade072c2b737e08ed58048b932c606c978fe20/MIDI%20Editor/Lokasenna_Pedal%20Steel/range_D)
Error prefetching https://github.com/ReaTeam/ReaScripts/raw/30ade072c2b737e08ed58048b932c606c978fe20/MIDI%20Editor/Lokasenna_Pedal%20Steel/range_D2-C (redirected from https://github.com/ReaTeam/ReaScripts/raw/30ade072c2b737e08ed58048b932c606c978fe20/MIDI%20Editor/Lokasenna_Pedal%20Steel/range_D2-C)
Error prefetching https://github.com/ReaTeam/ReaScripts/raw/30ade072c2b737e08ed58048b932c606c978fe20/MIDI%20Editor/Lokasenna_Pedal%20Steel/range_E2-D (redirected from https://github.com/ReaTeam/ReaScripts/raw/30ade072c2b737e08ed58048b932c606c978fe20/MIDI%20Editor/Lokasenna_Pedal%20Steel/range_E2-D)
Error prefetching https://github.com/ReaTeam/ReaScripts/raw/30ade072c2b737e08ed58048b932c606c978fe20/MIDI%20Editor/Lokasenna_Pedal%20Steel/range_F (redirected from https://github.com/ReaTeam/ReaScripts/raw/30ade072c2b737e08ed58048b932c606c978fe20/MIDI%20Editor/Lokasenna_Pedal%20Steel/range_F)
Error prefetching https://github.com/ReaTeam/ReaScripts/raw/30ade072c2b737e08ed58048b932c606c978fe20/MIDI%20Editor/Lokasenna_Pedal%20Steel/range_F (redirected from https://github.com/ReaTeam/ReaScripts/raw/30ade072c2b737e08ed58048b932c606c978fe20/MIDI%20Editor/Lokasenna_Pedal%20Steel/range_F)
Error prefetching https://github.com/ReaTeam/ReaScripts/raw/30ade072c2b737e08ed58048b932c606c978fe20/MIDI%20Editor/Lokasenna_Pedal%20Steel/range_G (redirected from https://github.com/ReaTeam/ReaScripts/raw/30ade072c2b737e08ed58048b932c606c978fe20/MIDI%20Editor/Lokasenna_Pedal%20Steel/range_G)
Error prefetching https://github.com/ReaTeam/ReaScripts/raw/30ade072c2b737e08ed58048b932c606c978fe20/MIDI%20Editor/Lokasenna_Pedal%20Steel/range_G (redirected from https://github.com/ReaTeam/ReaScripts/raw/30ade072c2b737e08ed58048b932c606c978fe20/MIDI%20Editor/Lokasenna_Pedal%20Steel/range_G)
Error prefetching https://uce24ca41029663ed76fa6ed44af.dl.dropboxusercontent.com/cd/0/inline2/Csi-SCOwsjzwKPCoN-tvmWXgkpEvr8cFVn_slInU5JNDSnrIkLb8XJsi6ZlyreywtkRswE3Q2lQt9upZoLGxTjnL7kaDyUPkHdmP1U1rOxsmNQkm9FvroX-8ULTqjNyGCulzvpkYV1a9Vb97iDnQ4EmJOalGgj3PlWNGDom_QAhOVc7kt33_j64gkvOWO8iDu47qUEewBHCpGISRJ6fp0z4qA9RwvEzfWcxvx39OBcYnGVJsVa4c4girSk6WQ8_dHx54z5qQ0kfovsm4pbXfe5LFIeAD9j4YW3a2PPTepR21ry5DGT_6avOcEbFp8k-48rMmC09xq2LNOM79jbxOhSJPe5D0AOTQ78a-07aBnxQ7eujcTX-TRJ9L40F25y5mhFA/file?dl=1 (redirected from https://www.dropbox.com/s/nyrrt3h64u0gojw/7za.exe?dl=1)
Error prefetching https://uc6481e14995d95a290284338f39.dl.dropboxusercontent.com/cd/0/inline2/CsiUYWpHir4VH99uEhaKEraeCyPOW1KQLCfRwMmp_tv9kFv3na0x_F8yvVKsv6hJv8rjmfiurDM692Fm1GVBYx09aYrknKuSGOi1_3ms3dcdljwopM_g86AFuZepdBhbnC_6hxQAmNu22_PwV-hkG_XA4tG_sVbcUPWD5PJ64FpM0GYIV0xuteoMXqT6pem2OG81araPSo6u22a9f2VFI7J3qSNdq7XxasYOhYdKBI0dp_f7ka-fNqrsdMCgWni4eCbQEW26_5xSNrA0hntZf-eyj25hIyjpWP4eMvG1ZDSiZ4DjGNiOzgnnw5TfRSR8rsWPxry22i5Zg5oQ4jI3IqW-6iz9xdCGE9aRBtbpdRyIO-6e7MbTZnLPGakLbSr1eMs/file?dl=1 (redirected from https://www.dropbox.com/s/nyrrt3h64u0gojw/7za.exe?dl=1)
Error prefetching https://uce896986de0289c5b7c30145e88.dl.dropboxusercontent.com/cd/0/inline2/Cshs0E8lyk123HrCgJ8ZU2g2QMLJZWfYkfOnCWo3oyt7rhJzTa5bd3hoCLNKIK6R2UcYzbgyC3QXDqAfwbEjonID9w-tQFv133uZ6hw7N2XLDYIy48bV6tcPf8qi_jrQ5CrxKk5yUS1u_MFTJ9AiWLO0EJBidoN2vHBUXyKg_qZ9Fo4ZyolQcCZEXNfuOn0KqFPpZodbp1XKDkPxq1nfYkI9BpHFDIl0xFNBGG-KVNaqhBBUnlPbByw6sIoPOynwZ0A9RXppp7jXH2h63S-49dl8dfCfP4qfc3nDUIxcTVlqmJVdNlqqxgV89HfVaNDtov9F_ytXhd6ejtpcIbnmk8SfoLH17jbVqYoyzMsySauoimyLfSds9XMapLfxp4tO5E0/file?dl=1 (redirected from https://www.dropbox.com/s/nyrrt3h64u0gojw/7za.exe?dl=1)
Error prefetching https://uc050d70295dd218524525147b76.dl.dropboxusercontent.com/cd/0/inline2/CsimrAQZ5ilBP9K7H_5ydJr54u8eKvaf_1qWv95w_Qec3M2-29DQj_HzrXMUyZUN1uMDFtYswfViXivOPFkbRJFMHCqw1vQtDAo2b6cxwPflySw7jFnixI06H9PrsscZSLSNIoPXMCZ_9ifcAz0Ym06LI6JeB87SSbSTbiapue_42W7Bl5Ekz_hoy4fYw_T02lyA6e2pP5WQ34r_hI1RdYAXxMN_BIJRAFzF0OiEyBGKvckwzl4HrtTxT3K6YzD5rp7lP_8c0AlQ8rv2qNkC11-uAyxcYxtmk16j6O-28RIrKmjAFpT6Qm30YKVynrwG6KRHguQ6yUAi3aAnc8x3gzVONcj39iPqfEvzv3xFetjPsUEIwb7Re1sjs1vqoqCY_GA/file?dl=1 (redirected from https://www.dropbox.com/s/nyrrt3h64u0gojw/7za.exe?dl=1)
Error prefetching https://uc4b697d67c02d0fac7cf249454c.dl.dropboxusercontent.com/cd/0/inline2/CshUTygrm2z1swGuymrNgXOuzm_NQoxxhD8jFvOGge5re5e8uNTooGNWkQd9PCiKhd2zoWFF78C2dgDU6-TnjpHlljRcKbCeqCnpYJ1spiQYQWrDblRbEgqnDqWfoScIZtNr3XIkGTUN1FwwschoGkjA6dPGgTuqNgLamX9cW9frGvND0FHBrMX8J3c-3aP7R_0hh1Z7GU2XfhI5vOerfY2yjoCrGEEelDDCiDjEfRnkXMYUNy53nEJTWTRhyuZDL2ms9QlvbICISotCYnoF0cUjUPFMM4wjctH0ZBJATL85wQTpSwC-ygjdAV8Q73ocSCqhP0UPF01LN92WlWMONsxqnyoG6yFaR6wPSCqhPXjZngfG6VpPuqJ6hwIDIw7Zmmc/file?dl=1 (redirected from https://www.dropbox.com/s/nyrrt3h64u0gojw/7za.exe?dl=1)
Error prefetching https://uc3e8675b28f970f79835116c7ae.dl.dropboxusercontent.com/cd/0/inline2/Csi3ThNGizDwAm3HOso5-JX4nvPKOm-4SL1J5pn_ugvT6fE0FzrzqVsojmFhPE1199rDH74wi6VHHh73iUhcpwy2L1cFzJR_FXFyNfLIrm1FVZcQy8KYLJ_TDetG-yLsvB_RaliF7vG11yOOQV0RvQg6xUWMH8Kd4RTEYnUq1iAhTsHN3tg6874t-dRE7SKQyJpWGUdMa81CRME99KTkuzwj2fGtSSv_fph20PdC5L06olmOkeMpu2lA_olySW1VrxmzwWBcpXLi3QYC8rySwhXBS8HKU8ykqB0A9_W7_b5D07gKClos4sUgdSKr_8TQLxzMmNc_wnhc7WJ2kVS_X6K3P9FBfbIDTcFOgvUmLNRdFp7UkYaXmwS2ntiieQda_Qk/file?dl=1 (redirected from https://www.dropbox.com/s/nyrrt3h64u0gojw/7za.exe?dl=1)
Error prefetching https://ucb416a1a8d2418677964b085d25.dl.dropboxusercontent.com/cd/0/inline2/Csjv18YYyqHia00D_QC0v8QqwqO1rS_VD09_SxI3d4scySjiPBB4az_1iqn_0iIKNFyrxiFfySfoTwtKHEsOVVvX8jiFavm-8SiTAu-W3-FC3nlhs5QzfTDMp52tyfvpT1yLuUlIC1luXKazZ5IV9e91sqCaLntIU-E-6QxEVACRgYagIOVx8sGARuberz3MPWy571sDW01J1Q3gHMSHkiqgxZC7yK7mVFkkwC7PNBxOsoIObdOd8csS85Rny7s_uY0vA7OZMy2ggD0mAk_l1YFI9JoS2kxd6vmOCQWilAKquPPkoeIUyqewvSa-q4fs7hWg1eCTRT-PdL5JkoSM2K44ChhhJwO0HkrcpzaFyyj3H7KJfMQag9B4vq5e6Xa_HYY/file?dl=1 (redirected from https://www.dropbox.com/s/nyrrt3h64u0gojw/7za.exe?dl=1)
Error prefetching https://uc5a313c2ce59f31a246d84ace8c.dl.dropboxusercontent.com/cd/0/inline2/Csjht0gAoJib8_gkNWwddN29Mbe4eZ2AbunDyE2PwCdCVUFiLSICuMzmJoDmH0np7jxBQRMikszm7uevYyIgiIsqWjZAVxIBGeLW8aF0fSIHfDfKInhCQLmW_fIkkz3g21tyuPhP5AxS1WpxCMgphRTHFijnCUEGOMjao_lkIAQ3D8ZkbR7tdYrvrZEVHMGpwVIBdqiIMtEbUKqfue1we3EPfcbX5-UVu3YYBoXBzJRPI2VT8F05Vae5XLK0gDAtada1smOj79JzmPyYKZU_HoyQSDsj0NtI1YEfVKB1VSfKhAPcEgvfJBX_DLme7Zxe8s4IhX9tMaLhKZfdYP3DXbo2OpwWVqsJM-7BqKqVCvIo9lFj_64PJsP3QMwkVRWobL4/file?dl=1 (redirected from https://www.dropbox.com/s/nyrrt3h64u0gojw/7za.exe?dl=1)
Error prefetching https://github.com/ArchieScript/Archie_ReaScripts/raw/086111415f515a3a968dc5f9c78585eaf585f244/MAIN/Render/COPY_Render%20stems%20Template/Archie_Render;%20Render%20track%20(Post%20Fx%20&amp;%20wave%2024%20bit%20&amp;%20HQ(512pt%20Sinc)%20&amp;%20Full-speed%20Offline%20)).lua (redirected from https://github.com/ArchieScript/Archie_ReaScripts/raw/086111415f515a3a968dc5f9c78585eaf585f244/MAIN/Render/COPY_Render%20stems%20Template/Archie_Render;%20Render%20track%20(Post%20Fx%20&amp;%20wave%2024%20bit%20&amp;%20HQ(512pt%20Sinc)%20&amp;%20Full-speed%20Offline%20)).lua)
Error prefetching https://github.com/ArchieScript/Archie_ReaScripts/raw/086111415f515a3a968dc5f9c78585eaf585f244/MAIN/Render/COPY_Render%20stems%20Template/Archie_Render;%20Render%20track%20into%20one%20new%20track%20(Post%20Fx%20&amp;%20wave%2024%20bit%20&amp;%20HQ(512pt%20Sinc)%20&amp;%20Full-speed%20Offline%20)).lua (redirected from https://github.com/ArchieScript/Archie_ReaScripts/raw/086111415f515a3a968dc5f9c78585eaf585f244/MAIN/Render/COPY_Render%20stems%20Template/Archie_Render;%20Render%20track%20into%20one%20new%20track%20(Post%20Fx%20&amp;%20wave%2024%20bit%20&amp;%20HQ(512pt%20Sinc)%20&amp;%20Full-speed%20Offline%20)).lua)
Error prefetching https://github.com/ArchieScript/Archie_ReaScripts/raw/086111415f515a3a968dc5f9c78585eaf585f244/MAIN/Render/COPY_Render%20stems%20Template/Archie_Render;%20Render%20track%20(Pre%20Fx%20&amp;%20wave%2024%20bit%20&amp;%20HQ(512pt%20Sinc)%20&amp;%20Full-speed%20Offline%20)).lua (redirected from https://github.com/ArchieScript/Archie_ReaScripts/raw/086111415f515a3a968dc5f9c78585eaf585f244/MAIN/Render/COPY_Render%20stems%20Template/Archie_Render;%20Render%20track%20(Pre%20Fx%20&amp;%20wave%2024%20bit%20&amp;%20HQ(512pt%20Sinc)%20&amp;%20Full-speed%20Offline%20)).lua)
Error prefetching https://github.com/ArchieScript/Archie_ReaScripts/raw/086111415f515a3a968dc5f9c78585eaf585f244/MAIN/Render/COPY_Render%20stems%20Template/Archie_Render;%20Render%20track%20into%20one%20new%20track%20(Pre%20Fx%20&amp;%20wave%2024%20bit%20&amp;%20HQ(512pt%20Sinc)%20&amp;%20Full-speed%20Offline%20)).lua (redirected from https://github.com/ArchieScript/Archie_ReaScripts/raw/086111415f515a3a968dc5f9c78585eaf585f244/MAIN/Render/COPY_Render%20stems%20Template/Archie_Render;%20Render%20track%20into%20one%20new%20track%20(Pre%20Fx%20&amp;%20wave%2024%20bit%20&amp;%20HQ(512pt%20Sinc)%20&amp;%20Full-speed%20Offline%20)).lua)
Error prefetching https://github.com/ArchieScript/Archie_ReaScripts/raw/086111415f515a3a968dc5f9c78585eaf585f244/MAIN/Render/COPY_Render%20stems%20Template/Archie_Render;%20Render%20track%20into%20one%20new%20track%20mono(Post%20Fx%20&amp;%20wave%2024%20bit%20&amp;%20HQ(512pt%20Sinc)%20&amp;%20Full-speed%20Offline%20)).lua (redirected from https://github.com/ArchieScript/Archie_ReaScripts/raw/086111415f515a3a968dc5f9c78585eaf585f244/MAIN/Render/COPY_Render%20stems%20Template/Archie_Render;%20Render%20track%20into%20one%20new%20track%20mono(Post%20Fx%20&amp;%20wave%2024%20bit%20&amp;%20HQ(512pt%20Sinc)%20&amp;%20Full-speed%20Offline%20)).lua)
Error prefetching https://github.com/ArchieScript/Archie_ReaScripts/raw/086111415f515a3a968dc5f9c78585eaf585f244/MAIN/Render/COPY_Render%20stems%20Template/Archie_Render;%20Render%20track%20into%20one%20new%20track%20stereo(Post%20Fx%20&amp;%20wave%2024%20bit%20&amp;%20HQ(512pt%20Sinc)%20&amp;%20Full-speed%20Offline%20)).lua (redirected from https://github.com/ArchieScript/Archie_ReaScripts/raw/086111415f515a3a968dc5f9c78585eaf585f244/MAIN/Render/COPY_Render%20stems%20Template/Archie_Render;%20Render%20track%20into%20one%20new%20track%20stereo(Post%20Fx%20&amp;%20wave%2024%20bit%20&amp;%20HQ(512pt%20Sinc)%20&amp;%20Full-speed%20Offline%20)).lua)
Error prefetching https://github.com/ArchieScript/Archie_ReaScripts/raw/086111415f515a3a968dc5f9c78585eaf585f244/MAIN/Render/COPY_Render%20stems%20Template/Archie_Render;%20Render%20track%20into%20one%20new%20track%20mono(Pre%20Fx%20&amp;%20wave%2024%20bit%20&amp;%20HQ(512pt%20Sinc)%20&amp;%20Full-speed%20Offline%20)).lua (redirected from https://github.com/ArchieScript/Archie_ReaScripts/raw/086111415f515a3a968dc5f9c78585eaf585f244/MAIN/Render/COPY_Render%20stems%20Template/Archie_Render;%20Render%20track%20into%20one%20new%20track%20mono(Pre%20Fx%20&amp;%20wave%2024%20bit%20&amp;%20HQ(512pt%20Sinc)%20&amp;%20Full-speed%20Offline%20)).lua)
Error prefetching https://github.com/ArchieScript/Archie_ReaScripts/raw/086111415f515a3a968dc5f9c78585eaf585f244/MAIN/Render/COPY_Render%20stems%20Template/Archie_Render;%20Render%20track%20into%20one%20new%20track%20stereo(Pre%20Fx%20&amp;%20wave%2024%20bit%20&amp;%20HQ(512pt%20Sinc)%20&amp;%20Full-speed%20Offline%20)).lua (redirected from https://github.com/ArchieScript/Archie_ReaScripts/raw/086111415f515a3a968dc5f9c78585eaf585f244/MAIN/Render/COPY_Render%20stems%20Template/Archie_Render;%20Render%20track%20into%20one%20new%20track%20stereo(Pre%20Fx%20&amp;%20wave%2024%20bit%20&amp;%20HQ(512pt%20Sinc)%20&amp;%20Full-speed%20Offline%20)).lua)
Error prefetching https://github.com/ArchieScript/Archie_ReaScripts/raw/086111415f515a3a968dc5f9c78585eaf585f244/MAIN/Render/COPY_Render%20stems%20Template/Archie_Render;%20Render%20track%20mono(Post%20Fx%20&amp;%20wave%2024%20bit%20&amp;%20HQ(512pt%20Sinc)%20&amp;%20Full-speed%20Offline%20))%20.lua (redirected from https://github.com/ArchieScript/Archie_ReaScripts/raw/086111415f515a3a968dc5f9c78585eaf585f244/MAIN/Render/COPY_Render%20stems%20Template/Archie_Render;%20Render%20track%20mono(Post%20Fx%20&amp;%20wave%2024%20bit%20&amp;%20HQ(512pt%20Sinc)%20&amp;%20Full-speed%20Offline%20))%20.lua)
Error prefetching https://github.com/ArchieScript/Archie_ReaScripts/raw/086111415f515a3a968dc5f9c78585eaf585f244/MAIN/Render/COPY_Render%20stems%20Template/Archie_Render;%20Render%20track%20mono(Pre%20Fx%20&amp;%20wave%2024%20bit%20&amp;%20HQ(512pt%20Sinc)%20&amp;%20Full-speed%20Offline%20)).lua (redirected from https://github.com/ArchieScript/Archie_ReaScripts/raw/086111415f515a3a968dc5f9c78585eaf585f244/MAIN/Render/COPY_Render%20stems%20Template/Archie_Render;%20Render%20track%20mono(Pre%20Fx%20&amp;%20wave%2024%20bit%20&amp;%20HQ(512pt%20Sinc)%20&amp;%20Full-speed%20Offline%20)).lua)
Error prefetching https://github.com/ArchieScript/Archie_ReaScripts/raw/086111415f515a3a968dc5f9c78585eaf585f244/MAIN/Render/COPY_Render%20stems%20Template/Archie_Render;%20Render%20track%20stereo(Post%20Fx%20&amp;%20wave%2024%20bit%20&amp;%20HQ(512pt%20Sinc)%20&amp;%20Full-speed%20Offline%20))%20.lua (redirected from https://github.com/ArchieScript/Archie_ReaScripts/raw/086111415f515a3a968dc5f9c78585eaf585f244/MAIN/Render/COPY_Render%20stems%20Template/Archie_Render;%20Render%20track%20stereo(Post%20Fx%20&amp;%20wave%2024%20bit%20&amp;%20HQ(512pt%20Sinc)%20&amp;%20Full-speed%20Offline%20))%20.lua)
Error prefetching https://github.com/ArchieScript/Archie_ReaScripts/raw/086111415f515a3a968dc5f9c78585eaf585f244/MAIN/Render/COPY_Render%20stems%20Template/Archie_Render;%20Render%20track%20stereo(Pre%20Fx%20&amp;%20wave%2024%20bit%20&amp;%20HQ(512pt%20Sinc)%20&amp;%20Full-speed%20Offline%20)).lua (redirected from https://github.com/ArchieScript/Archie_ReaScripts/raw/086111415f515a3a968dc5f9c78585eaf585f244/MAIN/Render/COPY_Render%20stems%20Template/Archie_Render;%20Render%20track%20stereo(Pre%20Fx%20&amp;%20wave%2024%20bit%20&amp;%20HQ(512pt%20Sinc)%20&amp;%20Full-speed%20Offline%20)).lua)
Error prefetching https://github.com/iliaspoulakis/Reaper-Tools/raw/51ce414e0fde5cf20bd0abbb2536c65690c782c4/Folder%20Magic/Generated/FTC_FolderMagic%20-%20All%20tracks%20&amp;%20folders.lua (redirected from https://github.com/iliaspoulakis/Reaper-Tools/raw/51ce414e0fde5cf20bd0abbb2536c65690c782c4/Folder%20Magic/Generated/FTC_FolderMagic%20-%20All%20tracks%20&amp;%20folders.lua)
Error prefetching https://github.com/iliaspoulakis/Reaper-Tools/raw/b23d8704373f560c9dfc4b68c3986d0fde6b9a00/Folder%20Magic/Generated/FTC_FolderMagic%20-%20All%20tracks%20&amp;%20folders.lua (redirected from https://github.com/iliaspoulakis/Reaper-Tools/raw/b23d8704373f560c9dfc4b68c3986d0fde6b9a00/Folder%20Magic/Generated/FTC_FolderMagic%20-%20All%20tracks%20&amp;%20folders.lua)
Error prefetching https://github.com/iliaspoulakis/Reaper-Tools/raw/333d856a856547da04e7cecde220097b65555034/Folder%20Magic/Generated/FTC_FolderMagic%20-%20All%20tracks%20&amp;%20folders.lua (redirected from https://github.com/iliaspoulakis/Reaper-Tools/raw/333d856a856547da04e7cecde220097b65555034/Folder%20Magic/Generated/FTC_FolderMagic%20-%20All%20tracks%20&amp;%20folders.lua)
Error prefetching https://github.com/iliaspoulakis/Reaper-Tools/raw/481b8d5f739e651385900bdc0996551256514bcb/Folder%20Magic/Generated/FTC_FolderMagic%20-%20All%20tracks%20&amp;%20folders.lua (redirected from https://github.com/iliaspoulakis/Reaper-Tools/raw/481b8d5f739e651385900bdc0996551256514bcb/Folder%20Magic/Generated/FTC_FolderMagic%20-%20All%20tracks%20&amp;%20folders.lua)
Error prefetching https://github.com/iliaspoulakis/Reaper-Tools/raw/e242d7c9340e7b51454af0447329571843a04e12/Folder%20Magic/Generated/FTC_FolderMagic%20-%20All%20tracks%20&amp;%20folders.lua (redirected from https://github.com/iliaspoulakis/Reaper-Tools/raw/e242d7c9340e7b51454af0447329571843a04e12/Folder%20Magic/Generated/FTC_FolderMagic%20-%20All%20tracks%20&amp;%20folders.lua)
Error prefetching https://github.com/iliaspoulakis/Reaper-Tools/raw/073fc602610da701dd155f7941cdafedc09b6f34/Various/Drag%20&amp;%20drop%20lanes.lua (redirected from https://github.com/iliaspoulakis/Reaper-Tools/raw/073fc602610da701dd155f7941cdafedc09b6f34/Various/Drag%20&amp;%20drop%20lanes.lua)
Error prefetching https://github.com/iliaspoulakis/Reaper-Tools/raw/dd37b477114e5c2b8da3dedd53fcc93396494fa8/Various/Drag%20&amp;%20drop%20lanes.lua (redirected from https://github.com/iliaspoulakis/Reaper-Tools/raw/dd37b477114e5c2b8da3dedd53fcc93396494fa8/Various/Drag%20&amp;%20drop%20lanes.lua)
Error prefetching https://github.com/iliaspoulakis/Reaper-Tools/raw/1b1b95a564796da7c741343898fa7fbee5d2547f/Various/Drag%20&amp;%20drop%20lanes.lua (redirected from https://github.com/iliaspoulakis/Reaper-Tools/raw/1b1b95a564796da7c741343898fa7fbee5d2547f/Various/Drag%20&amp;%20drop%20lanes.lua)
Error prefetching https://github.com/iliaspoulakis/Reaper-Tools/raw/3578d9903102cd38ce574b7672e14997360fe008/Various/Drag%20&amp;%20drop%20lanes.lua (redirected from https://github.com/iliaspoulakis/Reaper-Tools/raw/3578d9903102cd38ce574b7672e14997360fe008/Various/Drag%20&amp;%20drop%20lanes.lua)
Error prefetching https://github.com/iliaspoulakis/Reaper-Tools/raw/bc4c886daa2c01b38f410f399a97fb3606448c37/Various/Drag%20&amp;%20drop%20lanes.lua (redirected from https://github.com/iliaspoulakis/Reaper-Tools/raw/bc4c886daa2c01b38f410f399a97fb3606448c37/Various/Drag%20&amp;%20drop%20lanes.lua)
Replacing hashes in files...
Cleaning up temporary hash file...
